#
# A fatal error has been detected by the Java Runtime Environment:
#
#  SIGSEGV (0xb) at pc=0x00007fff203ca4af, pid=69789, tid=0x0000000000000e03
#
# JRE version: OpenJDK Runtime Environment (8.0_242-b08) (build 1.8.0_242-b08)
# Java VM: OpenJDK 64-Bit Server VM (25.242-b08 mixed mode bsd-amd64 compressed oops)
# Problematic frame:
# C  [libobjc.A.dylib+0x84af]  objc_release+0x1f
#
# Failed to write core dump. Core dumps have been disabled. To enable core dumping, try "ulimit -c unlimited" before starting Java again
#
# If you would like to submit a bug report, please visit:
#   http://bugreport.java.com/bugreport/crash.jsp
# The crash happened outside the Java Virtual Machine in native code.
# See problematic frame for where to report the bug.
#

---------------  T H R E A D  ---------------

Current thread (0x00007fa638808800):  JavaThread "Client thread" [_thread_in_native, id=3587, stack(0x0000700007695000,0x0000700007795000)]

siginfo: si_signo: 11 (SIGSEGV), si_code: 1 (SEGV_MAPERR), si_addr: 0x0000000000000020

Registers:
RAX=0x9000000000000000, RBX=0x0000000000000001, RCX=0x0000000000000000, RDX=0x0000000000000005
RSP=0x0000700007793898, RBP=0x00007000077938d0, RSI=0x00007fa6373c50f0, RDI=0x00007fa63707e620
R8 =0x00007fa63e212800, R9 =0x000000000000000f, R10=0x0000000134946c68, R11=0x00007fff22def10a
R12=0x00007fa63707e620, R13=0xa3a3a3a3a3a3a3a3, R14=0x00007fa6378240a0, R15=0x00007fa637824000
RIP=0x00007fff203ca4af, EFLAGS=0x0000000000010246, ERR=0x0000000000000004
  TRAPNO=0x000000000000000e

Top of Stack: (sp=0x0000700007793898)
0x0000700007793898:   00007fff203e820f 1a31603782740000
0x00007000077938a8:   00007fa637824000 0000000000000000
0x00007000077938b8:   000000013538fde0 00007fff7bb18857
0x00007000077938c8:   00007fa638808800 00007000077938f0
0x00007000077938d8:   00007fff203cae30 1a316037827400ae
0x00007000077938e8:   00007fa6378240a0 0000700007793910
0x00007000077938f8:   00007fff205e4a86 1a316037827400ae
0x0000700007793908:   00007fa6364bbbc0 0000700007793950
0x0000700007793918:   00007fff2136e333 0000700007793950
0x0000700007793928:   000000013491ee0f 000000013538fde8
0x0000700007793938:   1a316037827400ae 000000013538fde8
0x0000700007793948:   00007000077939d8 00007000077939b0
0x0000700007793958:   0000000105b26407 00000006fc2b40b0
0x0000700007793968:   0000000105b26122 0000700007793970
0x0000700007793978:   000000013538fde0 00007000077939d8
0x0000700007793988:   0000000135390348 0000000000000000
0x0000700007793998:   000000013538fde8 0000000000000000
0x00007000077939a8:   00007000077939d0 0000700007793a20
0x00007000077939b8:   0000000105b15ffd 00000006fc3a6080
0x00007000077939c8:   0000000105b1fa58 00000006fc3bb900
0x00007000077939d8:   00000006fc2b40b0 00007000077939e0
0x00007000077939e8:   000000013538fce7 0000700007793a50
0x00007000077939f8:   0000000135390348 0000000000000000
0x0000700007793a08:   000000013538fd58 00007000077939d0
0x0000700007793a18:   0000700007793a40 0000700007793aa8
0x0000700007793a28:   0000000105b16042 0000000000000000
0x0000700007793a38:   00000006fc2b40b0 00000006fc3bb900
0x0000700007793a48:   00000006fc2b3ff8 00000006fc3a6110
0x0000700007793a58:   0000000105b219e7 00000006fc3a6120
0x0000700007793a68:   0000700007793a58 000000013538d6d6
0x0000700007793a78:   0000700007793ab8 000000013538e570
0x0000700007793a88:   0000000000000000 000000013538d708 

Instructions: (pc=0x00007fff203ca4af)
0x00007fff203ca48f:   90 48 85 ff 74 76 89 f8 83 e0 01 48 85 c0 75 6c
0x00007fff203ca49f:   48 8b 07 48 b9 f8 ff ff ff ff 7f 00 00 48 21 c1
0x00007fff203ca4af:   48 8b 51 20 f6 c2 04 74 54 a8 01 74 6f 48 b9 00
0x00007fff203ca4bf:   00 00 00 00 00 80 00 48 ba 00 00 00 00 00 00 00 

Register to memory mapping:

RAX=0x9000000000000000 is an unknown value
RBX=0x0000000000000001 is an unknown value
RCX=0x0000000000000000 is an unknown value
RDX=0x0000000000000005 is an unknown value
RSP=0x0000700007793898 is pointing into the stack for thread: 0x00007fa638808800
RBP=0x00007000077938d0 is pointing into the stack for thread: 0x00007fa638808800
RSI=0x00007fa6373c50f0 is an unknown value
RDI=0x00007fa63707e620 is an unknown value
R8 =0x00007fa63e212800 is an unknown value
R9 =0x000000000000000f is an unknown value
R10=0x0000000134946c68: OBJC_CLASS_$_MacOSXOpenGLView+0 in /Users/tristanpoland/Library/Application Support/gdlauncher_next/instances/TJGaming modpack/natives/liblwjgl.dylib at 0x0000000134909000
R11=0x00007fff22def10a: -[NSResponder release]+0 in /System/Library/Frameworks/AppKit.framework/Versions/C/AppKit at 0x00007fff22de4000
R12=0x00007fa63707e620 is an unknown value
R13=0xa3a3a3a3a3a3a3a3 is an unknown value
R14=0x00007fa6378240a0 is an unknown value
R15=0x00007fa637824000 is an unknown value


Stack: [0x0000700007695000,0x0000700007795000],  sp=0x0000700007793898,  free space=1018k
Native frames: (J=compiled Java code, j=interpreted, Vv=VM code, C=native code)
C  [libobjc.A.dylib+0x84af]  objc_release+0x1f
C  [libobjc.A.dylib+0x8e30]  objc_autoreleasePoolPop+0xa1
C  [CoreFoundation+0x42a86]  _CFAutoreleasePoolPop+0x16
C  [Foundation+0x1f333]  -[NSAutoreleasePool release]+0x83
j  org.lwjgl.opengl.MacOSXContextImplementation.setView(Ljava/nio/ByteBuffer;Ljava/nio/ByteBuffer;)V+0
j  org.lwjgl.opengl.MacOSXContextImplementation.makeCurrent(Lorg/lwjgl/opengl/PeerInfo;Ljava/nio/ByteBuffer;)V+7
j  org.lwjgl.opengl.ContextGL.makeCurrent()V+46
j  org.lwjgl.opengl.DrawableGL.makeCurrent()V+14
j  org.lwjgl.opengl.Display.makeCurrent()V+3
j  org.lwjgl.opengl.Display.makeCurrentAndSetSwapInterval()V+0
j  org.lwjgl.opengl.Display.create(Lorg/lwjgl/opengl/PixelFormat;Lorg/lwjgl/opengl/Drawable;Lorg/lwjgl/opengl/ContextAttribs;)V+108
j  org.lwjgl.opengl.Display.create(Lorg/lwjgl/opengl/PixelFormat;)V+12
j  net.minecraft.client.Minecraft.func_175609_am()V+22
j  net.minecraft.client.Minecraft.func_71384_a()V+115
j  net.minecraft.client.Minecraft.func_99999_d()V+6
j  net.minecraft.client.main.Main.main([Ljava/lang/String;)V+1094
v  ~StubRoutines::call_stub
V  [libjvm.dylib+0x2e3fa7]  JavaCalls::call_helper(JavaValue*, methodHandle*, JavaCallArguments*, Thread*)+0x6a7
V  [libjvm.dylib+0x4ac608]  Reflection::invoke(instanceKlassHandle, methodHandle, Handle, bool, objArrayHandle, BasicType, objArrayHandle, bool, Thread*)+0xe12
V  [libjvm.dylib+0x4acb3c]  Reflection::invoke_method(oopDesc*, Handle, objArrayHandle, Thread*)+0x16c
V  [libjvm.dylib+0x3204b6]  JVM_InvokeMethod+0x1a0
j  sun.reflect.NativeMethodAccessorImpl.invoke0(Ljava/lang/reflect/Method;Ljava/lang/Object;[Ljava/lang/Object;)Ljava/lang/Object;+0
j  sun.reflect.NativeMethodAccessorImpl.invoke(Ljava/lang/Object;[Ljava/lang/Object;)Ljava/lang/Object;+100
J 1845 C1 sun.reflect.DelegatingMethodAccessorImpl.invoke(Ljava/lang/Object;[Ljava/lang/Object;)Ljava/lang/Object; (10 bytes) @ 0x00000001061472cc [0x00000001061471c0+0x10c]
J 1844 C1 java.lang.reflect.Method.invoke(Ljava/lang/Object;[Ljava/lang/Object;)Ljava/lang/Object; (62 bytes) @ 0x0000000106147a9c [0x00000001061476a0+0x3fc]
j  net.minecraft.launchwrapper.Launch.launch([Ljava/lang/String;)V+661
j  net.minecraft.launchwrapper.Launch.main([Ljava/lang/String;)V+8
v  ~StubRoutines::call_stub
V  [libjvm.dylib+0x2e3fa7]  JavaCalls::call_helper(JavaValue*, methodHandle*, JavaCallArguments*, Thread*)+0x6a7
V  [libjvm.dylib+0x2fed90]  jni_invoke_static(JNIEnv_*, JavaValue*, _jobject*, JNICallType, _jmethodID*, JNI_ArgumentPusher*, Thread*)+0x1bf
V  [libjvm.dylib+0x2f776b]  jni_CallStaticVoidMethod+0x15d
C  [java+0x38c6]  JavaMain+0x9c4
C  [libsystem_pthread.dylib+0x68fc]  _pthread_start+0xe0
C  [libsystem_pthread.dylib+0x2443]  thread_start+0xf
C  0x0000000000000000

Java frames: (J=compiled Java code, j=interpreted, Vv=VM code)
j  org.lwjgl.opengl.MacOSXContextImplementation.setView(Ljava/nio/ByteBuffer;Ljava/nio/ByteBuffer;)V+0
j  org.lwjgl.opengl.MacOSXContextImplementation.makeCurrent(Lorg/lwjgl/opengl/PeerInfo;Ljava/nio/ByteBuffer;)V+7
j  org.lwjgl.opengl.ContextGL.makeCurrent()V+46
j  org.lwjgl.opengl.DrawableGL.makeCurrent()V+14
j  org.lwjgl.opengl.Display.makeCurrent()V+3
j  org.lwjgl.opengl.Display.makeCurrentAndSetSwapInterval()V+0
j  org.lwjgl.opengl.Display.create(Lorg/lwjgl/opengl/PixelFormat;Lorg/lwjgl/opengl/Drawable;Lorg/lwjgl/opengl/ContextAttribs;)V+108
j  org.lwjgl.opengl.Display.create(Lorg/lwjgl/opengl/PixelFormat;)V+12
j  net.minecraft.client.Minecraft.func_175609_am()V+22
j  net.minecraft.client.Minecraft.func_71384_a()V+115
j  net.minecraft.client.Minecraft.func_99999_d()V+6
j  net.minecraft.client.main.Main.main([Ljava/lang/String;)V+1094
v  ~StubRoutines::call_stub
j  sun.reflect.NativeMethodAccessorImpl.invoke0(Ljava/lang/reflect/Method;Ljava/lang/Object;[Ljava/lang/Object;)Ljava/lang/Object;+0
j  sun.reflect.NativeMethodAccessorImpl.invoke(Ljava/lang/Object;[Ljava/lang/Object;)Ljava/lang/Object;+100
J 1845 C1 sun.reflect.DelegatingMethodAccessorImpl.invoke(Ljava/lang/Object;[Ljava/lang/Object;)Ljava/lang/Object; (10 bytes) @ 0x00000001061472cc [0x00000001061471c0+0x10c]
J 1844 C1 java.lang.reflect.Method.invoke(Ljava/lang/Object;[Ljava/lang/Object;)Ljava/lang/Object; (62 bytes) @ 0x0000000106147a9c [0x00000001061476a0+0x3fc]
j  net.minecraft.launchwrapper.Launch.launch([Ljava/lang/String;)V+661
j  net.minecraft.launchwrapper.Launch.main([Ljava/lang/String;)V+8
v  ~StubRoutines::call_stub

---------------  P R O C E S S  ---------------

Java Threads: ( => current thread )
  0x00007fa637f22800 JavaThread "AWT-Shutdown" [_thread_blocked, id=53035, stack(0x0000700008fec000,0x00007000090ec000)]
  0x00007fa63a48e000 JavaThread "Timer hack thread" daemon [_thread_blocked, id=36391, stack(0x0000700008b57000,0x0000700008c57000)]
  0x00007fa64214f000 JavaThread "Snooper Timer" daemon [_thread_blocked, id=47887, stack(0x0000700008ee9000,0x0000700008fe9000)]
  0x00007fa63f97e000 JavaThread "AppKit Thread" daemon [_thread_in_native, id=259, stack(0x00007ffeeeedd000,0x00007ffeef6dd000)]
  0x00007fa637860000 JavaThread "Service Thread" daemon [_thread_blocked, id=15875, stack(0x00007000088ce000,0x00007000089ce000)]
  0x00007fa638023000 JavaThread "C1 CompilerThread3" daemon [_thread_blocked, id=17155, stack(0x00007000087cb000,0x00007000088cb000)]
  0x00007fa636831800 JavaThread "C2 CompilerThread2" daemon [_thread_blocked, id=15619, stack(0x00007000086c8000,0x00007000087c8000)]
  0x00007fa636831000 JavaThread "C2 CompilerThread1" daemon [_thread_blocked, id=17667, stack(0x00007000085c5000,0x00007000086c5000)]
  0x00007fa639030800 JavaThread "C2 CompilerThread0" daemon [_thread_blocked, id=14851, stack(0x00007000084c2000,0x00007000085c2000)]
  0x00007fa63681d000 JavaThread "Signal Dispatcher" daemon [_thread_blocked, id=14339, stack(0x00007000083bf000,0x00007000084bf000)]
  0x00007fa63901e800 JavaThread "Finalizer" daemon [_thread_blocked, id=19971, stack(0x00007000081b6000,0x00007000082b6000)]
  0x00007fa638015800 JavaThread "Reference Handler" daemon [_thread_blocked, id=12291, stack(0x00007000080b3000,0x00007000081b3000)]
=>0x00007fa638808800 JavaThread "Client thread" [_thread_in_native, id=3587, stack(0x0000700007695000,0x0000700007795000)]

Other Threads:
  0x00007fa63980c800 VMThread [stack: 0x0000700007fb0000,0x00007000080b0000] [id=20227]
  0x00007fa637823800 WatcherThread [stack: 0x00007000089d1000,0x0000700008ad1000] [id=16131]

VM state:not at safepoint (normal execution)

VM Mutex/Monitor currently owned by a thread: None

heap address: 0x0000000540000000, size: 10240 MB, Compressed Oops mode: Zero based, Oop shift amount: 3
Narrow klass base: 0x0000000000000000, Narrow klass shift: 3
Compressed class space size: 1073741824 Address: 0x00000007c0000000

Heap:
 PSYoungGen      total 800256K, used 304643K [0x00000006eab00000, 0x000000072ee00000, 0x00000007c0000000)
  eden space 759296K, 40% used [0x00000006eab00000,0x00000006fd480f18,0x0000000719080000)
  from space 40960K, 0% used [0x0000000719080000,0x0000000719080000,0x000000071b880000)
  to   space 43520K, 0% used [0x000000072c380000,0x000000072c380000,0x000000072ee00000)
 ParOldGen       total 296960K, used 131592K [0x0000000540000000, 0x0000000552200000, 0x00000006eab00000)
  object space 296960K, 44% used [0x0000000540000000,0x00000005480822c8,0x0000000552200000)
 Metaspace       used 37894K, capacity 38276K, committed 38824K, reserved 1083392K
  class space    used 5068K, capacity 5219K, committed 5296K, reserved 1048576K

Card table byte_map: [0x0000000114b0e000,0x0000000115f0f000] byte_map_base: 0x000000011210e000

Marking Bits: (ParMarkBitMap*) 0x000000010589f5b0
 Begin Bits: [0x0000000116c65000, 0x0000000120c65000)
 End Bits:   [0x0000000120c65000, 0x000000012ac65000)

Polling page: 0x0000000100596000

CodeCache: size=245760Kb used=17436Kb max_used=18034Kb free=228323Kb
 bounds [0x0000000105b0e000, 0x0000000106cfe000, 0x0000000114b0e000]
 total_blobs=5169 nmethods=4612 adapters=471
 compilation: enabled

Compilation events (10 events):
Event: 19.363 Thread 0x00007fa636831800 4755       4       org.objectweb.asm.Frame::push (34 bytes)
Event: 19.373 Thread 0x00007fa636831800 nmethod 4755 0x0000000106444c50 code [0x0000000106444dc0, 0x0000000106445368]
Event: 19.396 Thread 0x00007fa639030800 nmethod 5528% 0x00000001068a77d0 code [0x00000001068a7ee0, 0x00000001068b07b0]
Event: 20.159 Thread 0x00007fa636831000 nmethod 3903 0x0000000106cdcfd0 code [0x0000000106cddfc0, 0x0000000106ce8080]
Event: 20.490 Thread 0x00007fa638023000 5552       3       sun.reflect.ReflectionFactory::newFieldAccessor (9 bytes)
Event: 20.491 Thread 0x00007fa638023000 nmethod 5552 0x00000001065a98d0 code [0x00000001065a9a60, 0x00000001065a9dd8]
Event: 20.491 Thread 0x00007fa638023000 5553       3       sun.reflect.UnsafeFieldAccessorFactory::newFieldAccessor (676 bytes)
Event: 20.496 Thread 0x00007fa638023000 nmethod 5553 0x0000000106562810 code [0x0000000106562e40, 0x0000000106565ec8]
Event: 20.496 Thread 0x00007fa638023000 5556       3       java.lang.reflect.Field::acquireFieldAccessor (59 bytes)
Event: 20.497 Thread 0x00007fa638023000 nmethod 5556 0x00000001065f8d50 code [0x00000001065f8f40, 0x00000001065f96a8]

GC Heap History (10 events):
Event: 11.970 GC heap before
{Heap before GC invocations=11 (full 1):
 PSYoungGen      total 542208K, used 521787K [0x00000006eab00000, 0x0000000713800000, 0x00000007c0000000)
  eden space 495104K, 100% used [0x00000006eab00000,0x0000000708e80000,0x0000000708e80000)
  from space 47104K, 56% used [0x0000000708e80000,0x000000070a88ec30,0x000000070bc80000)
  to   space 44544K, 0% used [0x0000000710c80000,0x0000000710c80000,0x0000000713800000)
 ParOldGen       total 180224K, used 59170K [0x0000000540000000, 0x000000054b000000, 0x00000006eab00000)
  object space 180224K, 32% used [0x0000000540000000,0x00000005439c8888,0x000000054b000000)
 Metaspace       used 25295K, capacity 25596K, committed 26032K, reserved 1073152K
  class space    used 3034K, capacity 3153K, committed 3248K, reserved 1048576K
Event: 11.992 GC heap after
Heap after GC invocations=11 (full 1):
 PSYoungGen      total 625152K, used 22176K [0x00000006eab00000, 0x0000000718b00000, 0x00000007c0000000)
  eden space 580608K, 0% used [0x00000006eab00000,0x00000006eab00000,0x000000070e200000)
  from space 44544K, 49% used [0x0000000710c80000,0x00000007122281b0,0x0000000713800000)
  to   space 43520K, 0% used [0x000000070e200000,0x000000070e200000,0x0000000710c80000)
 ParOldGen       total 180224K, used 72611K [0x0000000540000000, 0x000000054b000000, 0x00000006eab00000)
  object space 180224K, 40% used [0x0000000540000000,0x00000005446e8f38,0x000000054b000000)
 Metaspace       used 25295K, capacity 25596K, committed 26032K, reserved 1073152K
  class space    used 3034K, capacity 3153K, committed 3248K, reserved 1048576K
}
Event: 14.692 GC heap before
{Heap before GC invocations=12 (full 1):
 PSYoungGen      total 625152K, used 602784K [0x00000006eab00000, 0x0000000718b00000, 0x00000007c0000000)
  eden space 580608K, 100% used [0x00000006eab00000,0x000000070e200000,0x000000070e200000)
  from space 44544K, 49% used [0x0000000710c80000,0x00000007122281b0,0x0000000713800000)
  to   space 43520K, 0% used [0x000000070e200000,0x000000070e200000,0x0000000710c80000)
 ParOldGen       total 180224K, used 72611K [0x0000000540000000, 0x000000054b000000, 0x00000006eab00000)
  object space 180224K, 40% used [0x0000000540000000,0x00000005446e8f38,0x000000054b000000)
 Metaspace       used 29907K, capacity 30242K, committed 30640K, reserved 1077248K
  class space    used 3656K, capacity 3740K, committed 3760K, reserved 1048576K
Event: 14.722 GC heap after
Heap after GC invocations=12 (full 1):
 PSYoungGen      total 624128K, used 24963K [0x00000006eab00000, 0x000000071eb80000, 0x00000007c0000000)
  eden space 580608K, 0% used [0x00000006eab00000,0x00000006eab00000,0x000000070e200000)
  from space 43520K, 57% used [0x000000070e200000,0x000000070fa60f98,0x0000000710c80000)
  to   space 41984K, 0% used [0x000000071c280000,0x000000071c280000,0x000000071eb80000)
 ParOldGen       total 180224K, used 91914K [0x0000000540000000, 0x000000054b000000, 0x00000006eab00000)
  object space 180224K, 51% used [0x0000000540000000,0x00000005459c2980,0x000000054b000000)
 Metaspace       used 29907K, capacity 30242K, committed 30640K, reserved 1077248K
  class space    used 3656K, capacity 3740K, committed 3760K, reserved 1048576K
}
Event: 16.841 GC heap before
{Heap before GC invocations=13 (full 1):
 PSYoungGen      total 624128K, used 605571K [0x00000006eab00000, 0x000000071eb80000, 0x00000007c0000000)
  eden space 580608K, 100% used [0x00000006eab00000,0x000000070e200000,0x000000070e200000)
  from space 43520K, 57% used [0x000000070e200000,0x000000070fa60f98,0x0000000710c80000)
  to   space 41984K, 0% used [0x000000071c280000,0x000000071c280000,0x000000071eb80000)
 ParOldGen       total 180224K, used 91914K [0x0000000540000000, 0x000000054b000000, 0x00000006eab00000)
  object space 180224K, 51% used [0x0000000540000000,0x00000005459c2980,0x000000054b000000)
 Metaspace       used 33683K, capacity 34048K, committed 34480K, reserved 1079296K
  class space    used 4403K, capacity 4513K, committed 4528K, reserved 1048576K
Event: 16.870 GC heap after
Heap after GC invocations=13 (full 1):
 PSYoungGen      total 790016K, used 23393K [0x00000006eab00000, 0x000000071e080000, 0x00000007c0000000)
  eden space 759296K, 0% used [0x00000006eab00000,0x00000006eab00000,0x0000000719080000)
  from space 30720K, 76% used [0x000000071c280000,0x000000071d958578,0x000000071e080000)
  to   space 40960K, 0% used [0x0000000719080000,0x0000000719080000,0x000000071b880000)
 ParOldGen       total 180224K, used 114314K [0x0000000540000000, 0x000000054b000000, 0x00000006eab00000)
  object space 180224K, 63% used [0x0000000540000000,0x0000000546fa2b08,0x000000054b000000)
 Metaspace       used 33683K, capacity 34048K, committed 34480K, reserved 1079296K
  class space    used 4403K, capacity 4513K, committed 4528K, reserved 1048576K
}
Event: 17.283 GC heap before
{Heap before GC invocations=14 (full 1):
 PSYoungGen      total 790016K, used 118269K [0x00000006eab00000, 0x000000071e080000, 0x00000007c0000000)
  eden space 759296K, 12% used [0x00000006eab00000,0x00000006f07a6f90,0x0000000719080000)
  from space 30720K, 76% used [0x000000071c280000,0x000000071d958578,0x000000071e080000)
  to   space 40960K, 0% used [0x0000000719080000,0x0000000719080000,0x000000071b880000)
 ParOldGen       total 180224K, used 114314K [0x0000000540000000, 0x000000054b000000, 0x00000006eab00000)
  object space 180224K, 63% used [0x0000000540000000,0x0000000546fa2b08,0x000000054b000000)
 Metaspace       used 34765K, capacity 35078K, committed 35496K, reserved 1079296K
  class space    used 4667K, capacity 4770K, committed 4784K, reserved 1048576K
Event: 17.307 GC heap after
Heap after GC invocations=14 (full 1):
 PSYoungGen      total 800256K, used 3616K [0x00000006eab00000, 0x000000072ee00000, 0x00000007c0000000)
  eden space 759296K, 0% used [0x00000006eab00000,0x00000006eab00000,0x0000000719080000)
  from space 40960K, 8% used [0x0000000719080000,0x0000000719408000,0x000000071b880000)
  to   space 43520K, 0% used [0x000000072c380000,0x000000072c380000,0x000000072ee00000)
 ParOldGen       total 180224K, used 136753K [0x0000000540000000, 0x000000054b000000, 0x00000006eab00000)
  object space 180224K, 75% used [0x0000000540000000,0x000000054858c778,0x000000054b000000)
 Metaspace       used 34765K, capacity 35078K, committed 35496K, reserved 1079296K
  class space    used 4667K, capacity 4770K, committed 4784K, reserved 1048576K
}
Event: 17.307 GC heap before
{Heap before GC invocations=15 (full 2):
 PSYoungGen      total 800256K, used 3616K [0x00000006eab00000, 0x000000072ee00000, 0x00000007c0000000)
  eden space 759296K, 0% used [0x00000006eab00000,0x00000006eab00000,0x0000000719080000)
  from space 40960K, 8% used [0x0000000719080000,0x0000000719408000,0x000000071b880000)
  to   space 43520K, 0% used [0x000000072c380000,0x000000072c380000,0x000000072ee00000)
 ParOldGen       total 180224K, used 136753K [0x0000000540000000, 0x000000054b000000, 0x00000006eab00000)
  object space 180224K, 75% used [0x0000000540000000,0x000000054858c778,0x000000054b000000)
 Metaspace       used 34765K, capacity 35078K, committed 35496K, reserved 1079296K
  class space    used 4667K, capacity 4770K, committed 4784K, reserved 1048576K
Event: 17.632 GC heap after
Heap after GC invocations=15 (full 2):
 PSYoungGen      total 800256K, used 0K [0x00000006eab00000, 0x000000072ee00000, 0x00000007c0000000)
  eden space 759296K, 0% used [0x00000006eab00000,0x00000006eab00000,0x0000000719080000)
  from space 40960K, 0% used [0x0000000719080000,0x0000000719080000,0x000000071b880000)
  to   space 43520K, 0% used [0x000000072c380000,0x000000072c380000,0x000000072ee00000)
 ParOldGen       total 296960K, used 131592K [0x0000000540000000, 0x0000000552200000, 0x00000006eab00000)
  object space 296960K, 44% used [0x0000000540000000,0x00000005480822c8,0x0000000552200000)
 Metaspace       used 34765K, capacity 35078K, committed 35496K, reserved 1079296K
  class space    used 4667K, capacity 4770K, committed 4784K, reserved 1048576K
}

Deoptimization events (10 events):
Event: 17.776 Thread 0x00007fa638808800 Uncommon trap: reason=bimorphic action=maybe_recompile pc=0x0000000105e42af8 method=java.util.HashMap.putVal(ILjava/lang/Object;Ljava/lang/Object;ZZ)Ljava/lang/Object; @ 203
Event: 18.032 Thread 0x00007fa638808800 Uncommon trap: reason=unstable_if action=reinterpret pc=0x000000010623dc6c method=java.util.Date.normalize()Lsun/util/calendar/BaseCalendar$Date; @ 45
Event: 18.309 Thread 0x00007fa638808800 Uncommon trap: reason=unstable_if action=reinterpret pc=0x000000010651b878 method=com.google.common.base.Splitter$SplittingIterator.computeNext()Ljava/lang/String; @ 193
Event: 18.309 Thread 0x00007fa638808800 Uncommon trap: reason=unstable_if action=reinterpret pc=0x0000000106ac3e2c method=java.util.regex.Pattern$GroupTail.match(Ljava/util/regex/Matcher;ILjava/lang/CharSequence;)Z @ 73
Event: 18.453 Thread 0x00007fa638808800 Uncommon trap: reason=bimorphic action=maybe_recompile pc=0x0000000105d418f8 method=java.util.AbstractCollection.toArray()[Ljava/lang/Object; @ 1
Event: 18.454 Thread 0x00007fa638808800 Uncommon trap: reason=bimorphic action=maybe_recompile pc=0x0000000105d418f8 method=java.util.AbstractCollection.toArray()[Ljava/lang/Object; @ 1
Event: 18.454 Thread 0x00007fa638808800 Uncommon trap: reason=bimorphic action=maybe_recompile pc=0x0000000105d418f8 method=java.util.AbstractCollection.toArray()[Ljava/lang/Object; @ 1
Event: 18.454 Thread 0x00007fa638808800 Uncommon trap: reason=bimorphic action=maybe_recompile pc=0x0000000105d418f8 method=java.util.AbstractCollection.toArray()[Ljava/lang/Object; @ 1
Event: 18.873 Thread 0x00007fa638808800 Uncommon trap: reason=unstable_if action=reinterpret pc=0x000000010682af6c method=org.objectweb.asm.MethodWriter.visitMaxs(II)V @ 431
Event: 18.976 Thread 0x00007fa638808800 Uncommon trap: reason=unstable_if action=reinterpret pc=0x000000010651fb9c method=com.google.common.base.AbstractIterator.next()Ljava/lang/Object; @ 4

Classes redefined (0 events):
No events

Internal exceptions (10 events):
Event: 19.024 Thread 0x00007fa638808800 Implicit null exception at 0x00000001061b8074 to 0x00000001061b9306
Event: 19.024 Thread 0x00007fa638808800 Exception <a 'java/lang/NullPointerException'> (0x00000006fbc8ba78) thrown at [/Users/jenkins/workspace/build-scripts/jobs/jdk8u/jdk8u-mac-x64-hotspot/workspace/build/src/hotspot/src/share/vm/runtime/sharedRuntime.cpp, line 605]
Event: 19.024 Thread 0x00007fa638808800 Implicit null exception at 0x00000001061b8074 to 0x00000001061b9306
Event: 19.025 Thread 0x00007fa638808800 Exception <a 'java/lang/NullPointerException'> (0x00000006fbc91b10) thrown at [/Users/jenkins/workspace/build-scripts/jobs/jdk8u/jdk8u-mac-x64-hotspot/workspace/build/src/hotspot/src/share/vm/runtime/sharedRuntime.cpp, line 605]
Event: 19.025 Thread 0x00007fa638808800 Implicit null exception at 0x00000001061b8074 to 0x00000001061b9306
Event: 19.025 Thread 0x00007fa638808800 Exception <a 'java/lang/NullPointerException'> (0x00000006fbc98a80) thrown at [/Users/jenkins/workspace/build-scripts/jobs/jdk8u/jdk8u-mac-x64-hotspot/workspace/build/src/hotspot/src/share/vm/runtime/sharedRuntime.cpp, line 605]
Event: 19.025 Thread 0x00007fa638808800 Implicit null exception at 0x00000001061b8074 to 0x00000001061b9306
Event: 19.025 Thread 0x00007fa638808800 Exception <a 'java/lang/NullPointerException'> (0x00000006fbca36d0) thrown at [/Users/jenkins/workspace/build-scripts/jobs/jdk8u/jdk8u-mac-x64-hotspot/workspace/build/src/hotspot/src/share/vm/runtime/sharedRuntime.cpp, line 605]
Event: 19.025 Thread 0x00007fa638808800 Implicit null exception at 0x00000001061b8074 to 0x00000001061b9306
Event: 19.025 Thread 0x00007fa638808800 Exception <a 'java/lang/NullPointerException'> (0x00000006fbca9780) thrown at [/Users/jenkins/workspace/build-scripts/jobs/jdk8u/jdk8u-mac-x64-hotspot/workspace/build/src/hotspot/src/share/vm/runtime/sharedRuntime.cpp, line 605]

Events (10 events):
Event: 20.499 loading class org/lwjgl/opengl/ContextGL
Event: 20.499 loading class org/lwjgl/opengl/ContextGL done
Event: 20.500 loading class org/lwjgl/opengl/ContextImplementation
Event: 20.500 loading class org/lwjgl/opengl/ContextImplementation done
Event: 20.500 loading class org/lwjgl/opengl/MacOSXContextImplementation
Event: 20.500 loading class org/lwjgl/opengl/MacOSXContextImplementation done
Event: 20.501 loading class org/lwjgl/opengl/GLContext
Event: 20.501 loading class org/lwjgl/opengl/GLContext done
Event: 20.502 loading class org/lwjgl/opengl/GLContext$CapabilitiesCacheEntry
Event: 20.502 loading class org/lwjgl/opengl/GLContext$CapabilitiesCacheEntry done


Dynamic libraries:
0x00007fff35041000 	/System/Library/Frameworks/Cocoa.framework/Versions/A/Cocoa
0x00007fff223b6000 	/System/Library/Frameworks/Security.framework/Versions/A/Security
0x00007fff3324e000 	/System/Library/Frameworks/ApplicationServices.framework/Versions/A/ApplicationServices
0x00007fff2a633000 	/usr/lib/libz.1.dylib
0x00007fff2a6fb000 	/usr/lib/libSystem.B.dylib
0x00007fff203c2000 	/usr/lib/libobjc.A.dylib
0x00007fff2134f000 	/System/Library/Frameworks/Foundation.framework/Versions/C/Foundation
0x00007fff205a2000 	/System/Library/Frameworks/CoreFoundation.framework/Versions/A/CoreFoundation
0x00007fff22de4000 	/System/Library/Frameworks/AppKit.framework/Versions/C/AppKit
0x00007fff25ca3000 	/System/Library/Frameworks/CoreData.framework/Versions/A/CoreData
0x00007fff23b2d000 	/System/Library/PrivateFrameworks/UIFoundation.framework/Versions/A/UIFoundation
0x00007fff2fd24000 	/System/Library/PrivateFrameworks/RemoteViewServices.framework/Versions/A/RemoteViewServices
0x00007fff28b3f000 	/System/Library/PrivateFrameworks/XCTTargetBootstrap.framework/Versions/A/XCTTargetBootstrap
0x00007fff2b824000 	/usr/lib/libspindump.dylib
0x00007fff23d7c000 	/System/Library/Frameworks/UniformTypeIdentifiers.framework/Versions/A/UniformTypeIdentifiers
0x00007fff2733f000 	/usr/lib/libapp_launch_measurement.dylib
0x00007fff27342000 	/System/Library/PrivateFrameworks/CoreAutoLayout.framework/Versions/A/CoreAutoLayout
0x00007fff284a2000 	/System/Library/Frameworks/Metal.framework/Versions/A/Metal
0x00007fff2919c000 	/usr/lib/liblangid.dylib
0x00007fff28b43000 	/System/Library/PrivateFrameworks/CoreSVG.framework/Versions/A/CoreSVG
0x00007fff24dbb000 	/System/Library/PrivateFrameworks/SkyLight.framework/Versions/A/SkyLight
0x00007fff25120000 	/System/Library/Frameworks/CoreGraphics.framework/Versions/A/CoreGraphics
0x00007fff3024b000 	/System/Library/Frameworks/Accelerate.framework/Versions/A/Accelerate
0x00007fff2b262000 	/System/Library/PrivateFrameworks/IconServices.framework/Versions/A/IconServices
0x00007fff28486000 	/System/Library/Frameworks/IOSurface.framework/Versions/A/IOSurface
0x00007fff2662b000 	/usr/lib/libDiagnosticMessagesClient.dylib
0x00007fff28b2b000 	/System/Library/PrivateFrameworks/DFRFoundation.framework/Versions/A/DFRFoundation
0x00007fff2270b000 	/usr/lib/libicucore.A.dylib
0x00007fff2cd6b000 	/System/Library/Frameworks/AudioToolbox.framework/Versions/A/AudioToolbox
0x00007fff2bff5000 	/System/Library/PrivateFrameworks/DataDetectorsCore.framework/Versions/A/DataDetectorsCore
0x00007fff24d2f000 	/usr/lib/libMobileGestalt.dylib
0x00007fff2882f000 	/System/Library/Frameworks/Carbon.framework/Versions/A/Frameworks/HIToolbox.framework/Versions/A/HIToolbox
0x00007fff26d85000 	/System/Library/Frameworks/QuartzCore.framework/Versions/A/QuartzCore
0x00007fff2fd5c000 	/System/Library/Frameworks/Carbon.framework/Versions/A/Frameworks/SpeechRecognition.framework/Versions/A/SpeechRecognition
0x00007fff270a4000 	/System/Library/PrivateFrameworks/CoreUI.framework/Versions/A/CoreUI
0x00007fff21d25000 	/System/Library/Frameworks/CoreAudio.framework/Versions/A/CoreAudio
0x00007fff26716000 	/System/Library/Frameworks/DiskArbitration.framework/Versions/A/DiskArbitration
0x00007fff2bbf2000 	/System/Library/PrivateFrameworks/MultitouchSupport.framework/Versions/A/MultitouchSupport
0x00007fff2bfec000 	/System/Library/PrivateFrameworks/InternationalSupport.framework/Versions/A/InternationalSupport
0x00007fff24d2e000 	/usr/lib/libenergytrace.dylib
0x00007fff22cdb000 	/System/Library/Frameworks/IOKit.framework/Versions/A/IOKit
0x00007fff3008f000 	/System/Library/Frameworks/CoreServices.framework/Versions/A/CoreServices
0x00007fff272d1000 	/System/Library/PrivateFrameworks/PerformanceAnalysis.framework/Versions/A/PerformanceAnalysis
0x00007fff6bb43000 	/System/Library/Frameworks/OpenGL.framework/Versions/A/OpenGL
0x00007fff2c070000 	/System/Library/PrivateFrameworks/UserActivity.framework/Versions/A/UserActivity
0x00007fff257aa000 	/System/Library/Frameworks/ColorSync.framework/Versions/A/ColorSync
0x00007fff28daa000 	/System/Library/Frameworks/CoreImage.framework/Versions/A/CoreImage
0x00007fff21b3f000 	/System/Library/Frameworks/CoreText.framework/Versions/A/CoreText
0x00007fff28b6d000 	/System/Library/Frameworks/ImageIO.framework/Versions/A/ImageIO
0x00007fff2a701000 	/System/Library/PrivateFrameworks/SoftLinking.framework/Versions/A/SoftLinking
0x00007fff2738a000 	/usr/lib/libxml2.2.dylib
0x00007fff20488000 	/usr/lib/libc++.1.dylib
0x00007fff2a972000 	/usr/lib/libcompression.dylib
0x00007fff2bf1e000 	/System/Library/PrivateFrameworks/TextureIO.framework/Versions/A/TextureIO
0x00007fff2afa1000 	/usr/lib/libate.dylib
0x00007fff2a6f5000 	/usr/lib/system/libcache.dylib
0x00007fff2a6b1000 	/usr/lib/system/libcommonCrypto.dylib
0x00007fff2a6db000 	/usr/lib/system/libcompiler_rt.dylib
0x00007fff2a6d0000 	/usr/lib/system/libcopyfile.dylib
0x00007fff202b2000 	/usr/lib/system/libcorecrypto.dylib
0x00007fff2037d000 	/usr/lib/system/libdispatch.dylib
0x00007fff20530000 	/usr/lib/system/libdyld.dylib
0x00007fff2a6ec000 	/usr/lib/system/libkeymgr.dylib
0x00007fff2db02000 	/usr/lib/system/liblaunch.dylib
0x00007fff2a68f000 	/usr/lib/system/libmacho.dylib
0x00007fff29e87000 	/usr/lib/system/libquarantine.dylib
0x00007fff2a6e9000 	/usr/lib/system/libremovefile.dylib
0x00007fff24d8c000 	/usr/lib/system/libsystem_asl.dylib
0x00007fff20262000 	/usr/lib/system/libsystem_blocks.dylib
0x00007fff203ff000 	/usr/lib/system/libsystem_c.dylib
0x00007fff2a6e3000 	/usr/lib/system/libsystem_collections.dylib
0x00007fff2918d000 	/usr/lib/system/libsystem_configuration.dylib
0x00007fff28475000 	/usr/lib/system/libsystem_containermanager.dylib
0x00007fff2a432000 	/usr/lib/system/libsystem_coreservices.dylib
0x00007fff2296b000 	/usr/lib/system/libsystem_darwin.dylib
0x00007fff2a6ed000 	/usr/lib/system/libsystem_dnssd.dylib
0x00007fff203fc000 	/usr/lib/system/libsystem_featureflags.dylib
0x00007fff20576000 	/usr/lib/system/libsystem_info.dylib
0x00007fff2a646000 	/usr/lib/system/libsystem_m.dylib
0x00007fff20350000 	/usr/lib/system/libsystem_malloc.dylib
0x00007fff24d1f000 	/usr/lib/system/libsystem_networkextension.dylib
0x00007fff22d8a000 	/usr/lib/system/libsystem_notify.dylib
0x00007fff2ff91000 	/usr/lib/system/libsystem_product_info_filter.dylib
0x00007fff29191000 	/usr/lib/system/libsystem_sandbox.dylib
0x00007fff2a6e6000 	/usr/lib/system/libsystem_secinit.dylib
0x00007fff204f4000 	/usr/lib/system/libsystem_kernel.dylib
0x00007fff2056c000 	/usr/lib/system/libsystem_platform.dylib
0x00007fff20524000 	/usr/lib/system/libsystem_pthread.dylib
0x00007fff26467000 	/usr/lib/system/libsystem_symptoms.dylib
0x00007fff2029a000 	/usr/lib/system/libsystem_trace.dylib
0x00007fff2a6bd000 	/usr/lib/system/libunwind.dylib
0x00007fff20264000 	/usr/lib/system/libxpc.dylib
0x00007fff204de000 	/usr/lib/libc++abi.dylib
0x00007fff2a6c8000 	/usr/lib/liboah.dylib
0x00007fff2ad86000 	/usr/lib/liblzma.5.dylib
0x00007fff21063000 	/System/Library/Frameworks/SystemConfiguration.framework/Versions/A/SystemConfiguration
0x00007fff2a6fd000 	/usr/lib/libfakelink.dylib
0x00007fff24880000 	/System/Library/Frameworks/CFNetwork.framework/Versions/A/CFNetwork
0x00007fff2a83d000 	/usr/lib/libarchive.2.dylib
0x00007fff210e1000 	/usr/lib/libCRFSuite.dylib
0x00007fff29eae000 	/usr/lib/libbsm.0.dylib
0x00007fff241f9000 	/usr/lib/libnetwork.dylib
0x00007fff2a702000 	/usr/lib/libpcap.A.dylib
0x00007fff26460000 	/usr/lib/libdns_services.dylib
0x00007fff2ad9f000 	/usr/lib/libcoretls_cfhelpers.dylib
0x00007fff2a93c000 	/usr/lib/libapple_nghttp2.dylib
0x00007fff2a695000 	/usr/lib/system/libkxld.dylib
0x00007fff260d9000 	/usr/lib/libsqlite3.dylib
0x00007fff2a415000 	/System/Library/PrivateFrameworks/AppleFSCompression.framework/Versions/A/AppleFSCompression
0x00007fff29e96000 	/usr/lib/libcoretls.dylib
0x00007fff2a96d000 	/usr/lib/libpam.2.dylib
0x00007fff2ae9d000 	/usr/lib/libxar.1.dylib
0x00007fff29198000 	/System/Library/PrivateFrameworks/AppleSystemInfo.framework/Versions/A/AppleSystemInfo
0x00007fff29ad8000 	/System/Library/PrivateFrameworks/IOMobileFramebuffer.framework/Versions/A/IOMobileFramebuffer
0x00007fff2a425000 	/usr/lib/libbz2.1.0.dylib
0x00007fff2a73a000 	/usr/lib/libiconv.2.dylib
0x00007fff2a68e000 	/usr/lib/libcharset.1.dylib
0x00007fff2730d000 	/System/Library/Frameworks/CoreServices.framework/Versions/A/Frameworks/FSEvents.framework/Versions/A/FSEvents
0x00007fff22975000 	/System/Library/Frameworks/CoreServices.framework/Versions/A/Frameworks/CarbonCore.framework/Versions/A/CarbonCore
0x00007fff2667b000 	/System/Library/Frameworks/CoreServices.framework/Versions/A/Frameworks/Metadata.framework/Versions/A/Metadata
0x00007fff2a437000 	/System/Library/Frameworks/CoreServices.framework/Versions/A/Frameworks/OSServices.framework/Versions/A/OSServices
0x00007fff2a8af000 	/System/Library/Frameworks/CoreServices.framework/Versions/A/Frameworks/SearchKit.framework/Versions/A/SearchKit
0x00007fff263eb000 	/System/Library/Frameworks/CoreServices.framework/Versions/A/Frameworks/AE.framework/Versions/A/AE
0x00007fff20a40000 	/System/Library/Frameworks/CoreServices.framework/Versions/A/Frameworks/LaunchServices.framework/Versions/A/LaunchServices
0x00007fff2ad36000 	/System/Library/Frameworks/CoreServices.framework/Versions/A/Frameworks/DictionaryServices.framework/Versions/A/DictionaryServices
0x00007fff2731a000 	/System/Library/Frameworks/CoreServices.framework/Versions/A/Frameworks/SharedFileList.framework/Versions/A/SharedFileList
0x00007fff29e8a000 	/usr/lib/libCheckFix.dylib
0x00007fff24da3000 	/System/Library/PrivateFrameworks/TCC.framework/Versions/A/TCC
0x00007fff2919e000 	/System/Library/PrivateFrameworks/CoreNLP.framework/Versions/A/CoreNLP
0x00007fff2662e000 	/System/Library/PrivateFrameworks/MetadataUtilities.framework/Versions/A/MetadataUtilities
0x00007fff21116000 	/usr/lib/libmecabra.dylib
0x00007fff2a194000 	/System/Library/Frameworks/MLCompute.framework/Versions/A/MLCompute
0x00007fff29ebf000 	/usr/lib/libmecab.dylib
0x00007fff29f09000 	/usr/lib/libgermantok.dylib
0x00007fff2a917000 	/usr/lib/libThaiTokenizer.dylib
0x00007fff2aed8000 	/usr/lib/libChineseTokenizer.dylib
0x00007fff2a96b000 	/System/Library/Frameworks/MetalPerformanceShaders.framework/Versions/A/MetalPerformanceShaders
0x00007fff2671d000 	/System/Library/Frameworks/Accelerate.framework/Versions/A/Frameworks/vImage.framework/Versions/A/vImage
0x00007fff30069000 	/System/Library/Frameworks/Accelerate.framework/Versions/A/Frameworks/vecLib.framework/Versions/A/vecLib
0x00007fff2aee3000 	/System/Library/Frameworks/Accelerate.framework/Versions/A/Frameworks/vecLib.framework/Versions/A/libvMisc.dylib
0x00007fff298f3000 	/System/Library/Frameworks/Accelerate.framework/Versions/A/Frameworks/vecLib.framework/Versions/A/libvDSP.dylib
0x00007fff20d49000 	/System/Library/Frameworks/Accelerate.framework/Versions/A/Frameworks/vecLib.framework/Versions/A/libBLAS.dylib
0x00007fff2a998000 	/System/Library/Frameworks/Accelerate.framework/Versions/A/Frameworks/vecLib.framework/Versions/A/libLAPACK.dylib
0x00007fff29f0f000 	/System/Library/Frameworks/Accelerate.framework/Versions/A/Frameworks/vecLib.framework/Versions/A/libLinearAlgebra.dylib
0x00007fff2a954000 	/System/Library/Frameworks/Accelerate.framework/Versions/A/Frameworks/vecLib.framework/Versions/A/libSparseBLAS.dylib
0x00007fff2a992000 	/System/Library/Frameworks/Accelerate.framework/Versions/A/Frameworks/vecLib.framework/Versions/A/libQuadrature.dylib
0x00007fff2924a000 	/System/Library/Frameworks/Accelerate.framework/Versions/A/Frameworks/vecLib.framework/Versions/A/libBNNS.dylib
0x00007fff20ff4000 	/System/Library/Frameworks/Accelerate.framework/Versions/A/Frameworks/vecLib.framework/Versions/A/libSparse.dylib
0x00007fff29126000 	/System/Library/Frameworks/MetalPerformanceShaders.framework/Versions/A/Frameworks/MPSCore.framework/Versions/A/MPSCore
0x00007fff2a384000 	/System/Library/Frameworks/MetalPerformanceShaders.framework/Versions/A/Frameworks/MPSImage.framework/Versions/A/MPSImage
0x00007fff29f25000 	/System/Library/Frameworks/MetalPerformanceShaders.framework/Versions/A/Frameworks/MPSNeuralNetwork.framework/Versions/A/MPSNeuralNetwork
0x00007fff2a2f6000 	/System/Library/Frameworks/MetalPerformanceShaders.framework/Versions/A/Frameworks/MPSMatrix.framework/Versions/A/MPSMatrix
0x00007fff2a144000 	/System/Library/Frameworks/MetalPerformanceShaders.framework/Versions/A/Frameworks/MPSRayIntersector.framework/Versions/A/MPSRayIntersector
0x00007fff2a32d000 	/System/Library/Frameworks/MetalPerformanceShaders.framework/Versions/A/Frameworks/MPSNDArray.framework/Versions/A/MPSNDArray
0x00007fff20c75000 	/System/Library/PrivateFrameworks/MetalTools.framework/Versions/A/MetalTools
0x00007fff29196000 	/System/Library/PrivateFrameworks/AggregateDictionary.framework/Versions/A/AggregateDictionary
0x00007fff265fb000 	/System/Library/PrivateFrameworks/CoreAnalytics.framework/Versions/A/CoreAnalytics
0x00007fff2a919000 	/System/Library/PrivateFrameworks/AppleSauce.framework/Versions/A/AppleSauce
0x00007fff28498000 	/System/Library/PrivateFrameworks/IOAccelerator.framework/Versions/A/IOAccelerator
0x00007fff6bb37000 	/System/Library/Frameworks/OpenGL.framework/Versions/A/Libraries/libCoreFSCache.dylib
0x00007fff216ae000 	/System/Library/PrivateFrameworks/LanguageModeling.framework/Versions/A/LanguageModeling
0x00007fff29ac6000 	/System/Library/PrivateFrameworks/CoreEmoji.framework/Versions/A/CoreEmoji
0x00007fff29243000 	/System/Library/PrivateFrameworks/LinguisticData.framework/Versions/A/LinguisticData
0x00007fff20fa6000 	/System/Library/PrivateFrameworks/Lexicon.framework/Versions/A/Lexicon
0x00007fff2a82b000 	/usr/lib/libcmph.dylib
0x00007fff272ed000 	/System/Library/Frameworks/OpenDirectory.framework/Versions/A/Frameworks/CFOpenDirectory.framework/Versions/A/CFOpenDirectory
0x00007fff272dd000 	/System/Library/Frameworks/OpenDirectory.framework/Versions/A/OpenDirectory
0x00007fff2ada1000 	/System/Library/PrivateFrameworks/APFS.framework/Versions/A/APFS
0x00007fff29dec000 	/System/Library/Frameworks/SecurityFoundation.framework/Versions/A/SecurityFoundation
0x00007fff2aeab000 	/usr/lib/libutil.dylib
0x00007fff22ca0000 	/System/Library/PrivateFrameworks/CoreServicesStore.framework/Versions/A/CoreServicesStore
0x00007fff29e82000 	/System/Library/Frameworks/ServiceManagement.framework/Versions/A/ServiceManagement
0x00007fff2aeaf000 	/usr/lib/libxslt.1.dylib
0x00007fff29e78000 	/System/Library/PrivateFrameworks/BackgroundTaskManagement.framework/Versions/A/BackgroundTaskManagement
0x00007fff2be68000 	/System/Library/Frameworks/ImageIO.framework/Versions/A/Resources/libRadiance.dylib
0x00007fff2be72000 	/System/Library/Frameworks/ImageIO.framework/Versions/A/Resources/libJPEG.dylib
0x00007fff2bdbc000 	/System/Library/Frameworks/ImageIO.framework/Versions/A/Resources/libPng.dylib
0x00007fff2bde3000 	/System/Library/Frameworks/ImageIO.framework/Versions/A/Resources/libTIFF.dylib
0x00007fff2bec7000 	/System/Library/Frameworks/ImageIO.framework/Versions/A/Resources/libGIF.dylib
0x00007fff2bb0e000 	/System/Library/Frameworks/ImageIO.framework/Versions/A/Resources/libJP2.dylib
0x00007fff2b22a000 	/usr/lib/libexpat.1.dylib
0x00007fff2bac4000 	/System/Library/PrivateFrameworks/AppleJPEG.framework/Versions/A/AppleJPEG
0x00007fff286ce000 	/System/Library/PrivateFrameworks/FontServices.framework/libFontParser.dylib
0x00007fff263a2000 	/System/Library/PrivateFrameworks/RunningBoardServices.framework/Versions/A/RunningBoardServices
0x00007fff2bbee000 	/System/Library/PrivateFrameworks/WatchdogClient.framework/Versions/A/WatchdogClient
0x00007fff21797000 	/System/Library/Frameworks/CoreDisplay.framework/Versions/A/CoreDisplay
0x00007fff285e3000 	/System/Library/Frameworks/CoreMedia.framework/Versions/A/CoreMedia
0x00007fff2746d000 	/System/Library/Frameworks/CoreVideo.framework/Versions/A/CoreVideo
0x00007fff2bc29000 	/System/Library/Frameworks/VideoToolbox.framework/Versions/A/VideoToolbox
0x00007fff26322000 	/System/Library/PrivateFrameworks/BaseBoard.framework/Versions/A/BaseBoard
0x00007fff2b36e000 	/System/Library/PrivateFrameworks/PersistentConnection.framework/Versions/A/PersistentConnection
0x00007fff260c3000 	/System/Library/PrivateFrameworks/ProtocolBuffer.framework/Versions/A/ProtocolBuffer
0x00007fff2630a000 	/System/Library/PrivateFrameworks/CommonUtilities.framework/Versions/A/CommonUtilities
0x00007fff2ba87000 	/System/Library/PrivateFrameworks/Bom.framework/Versions/A/Bom
0x00007fff2be60000 	/System/Library/PrivateFrameworks/GPUWrangler.framework/Versions/A/GPUWrangler
0x00007fff2be43000 	/System/Library/PrivateFrameworks/IOPresentment.framework/Versions/A/IOPresentment
0x00007fff2be6c000 	/System/Library/PrivateFrameworks/DSExternalDisplay.framework/Versions/A/DSExternalDisplay
0x00007fff2becc000 	/System/Library/PrivateFrameworks/CMCaptureCore.framework/Versions/A/CMCaptureCore
0x00007fff2b80a000 	/System/Library/PrivateFrameworks/AppServerSupport.framework/Versions/A/AppServerSupport
0x00007fff2d8a5000 	/System/Library/PrivateFrameworks/perfdata.framework/Versions/A/perfdata
0x00007fff29ddb000 	/System/Library/PrivateFrameworks/AssertionServices.framework/Versions/A/AssertionServices
0x00007fff218ce000 	/System/Library/PrivateFrameworks/AudioToolboxCore.framework/Versions/A/AudioToolboxCore
0x00007fff285c6000 	/System/Library/PrivateFrameworks/caulk.framework/Versions/A/caulk
0x00007fff3ccdd000 	/System/Library/PrivateFrameworks/SystemPolicy.framework/Versions/A/SystemPolicy
0x00007fff2b039000 	/usr/lib/libIOReport.dylib
0x00007fff2d0e1000 	/usr/lib/libSMC.dylib
0x00007fff2bd88000 	/usr/lib/libAudioToolboxUtility.dylib
0x00007fff3d637000 	/usr/lib/libmis.dylib
0x00007fff6bb93000 	/System/Library/Frameworks/OpenGL.framework/Versions/A/Libraries/libGLU.dylib
0x00007fff6bb56000 	/System/Library/Frameworks/OpenGL.framework/Versions/A/Libraries/libGFXShared.dylib
0x00007fff6bd64000 	/System/Library/Frameworks/OpenGL.framework/Versions/A/Libraries/libGL.dylib
0x00007fff6bb5f000 	/System/Library/Frameworks/OpenGL.framework/Versions/A/Libraries/libGLImage.dylib
0x00007fff6bb53000 	/System/Library/Frameworks/OpenGL.framework/Versions/A/Libraries/libCVMSPluginSupport.dylib
0x00007fff6bb3e000 	/System/Library/Frameworks/OpenGL.framework/Versions/A/Libraries/libCoreVMClient.dylib
0x00007fff6d1ae000 	/System/Library/Frameworks/OpenCL.framework/Versions/A/OpenCL
0x00007fff2b397000 	/System/Library/PrivateFrameworks/GraphVisualizer.framework/Versions/A/GraphVisualizer
0x00007fff2b3a6000 	/System/Library/PrivateFrameworks/FaceCore.framework/Versions/A/FaceCore
0x00007fff2b7c2000 	/System/Library/PrivateFrameworks/OTSVG.framework/Versions/A/OTSVG
0x00007fff27062000 	/System/Library/Frameworks/ApplicationServices.framework/Versions/A/Frameworks/ATS.framework/Versions/A/Resources/libFontRegistry.dylib
0x00007fff2b811000 	/System/Library/PrivateFrameworks/FontServices.framework/libhvf.dylib
0x00007fff2b1d6000 	/System/Library/PrivateFrameworks/AppleVA.framework/Versions/A/AppleVA
0x00007fff2cf29000 	/System/Library/Frameworks/ApplicationServices.framework/Versions/A/Frameworks/ATS.framework/Versions/A/ATS
0x00007fff2d23c000 	/System/Library/Frameworks/ApplicationServices.framework/Versions/A/Frameworks/ColorSyncLegacy.framework/Versions/A/ColorSyncLegacy
0x00007fff258a1000 	/System/Library/Frameworks/ApplicationServices.framework/Versions/A/Frameworks/HIServices.framework/Versions/A/HIServices
0x00007fff2d221000 	/System/Library/Frameworks/ApplicationServices.framework/Versions/A/Frameworks/LangAnalysis.framework/Versions/A/LangAnalysis
0x00007fff2bed6000 	/System/Library/Frameworks/ApplicationServices.framework/Versions/A/Frameworks/PrintCore.framework/Versions/A/PrintCore
0x00007fff2d244000 	/System/Library/Frameworks/ApplicationServices.framework/Versions/A/Frameworks/QD.framework/Versions/A/QD
0x00007fff2cf19000 	/System/Library/Frameworks/ApplicationServices.framework/Versions/A/Frameworks/SpeechSynthesis.framework/Versions/A/SpeechSynthesis
0x00007fff2be97000 	/System/Library/Frameworks/ApplicationServices.framework/Versions/A/Frameworks/ATSUI.framework/Versions/A/ATSUI
0x00007fff2d1c1000 	/usr/lib/libcups.2.dylib
0x00007fff2d231000 	/System/Library/PrivateFrameworks/NetAuth.framework/Versions/A/NetAuth
0x00007fff2d8c0000 	/System/Library/Frameworks/Kerberos.framework/Versions/A/Kerberos
0x00007fff2d8d0000 	/System/Library/Frameworks/GSS.framework/Versions/A/GSS
0x00007fff2cf96000 	/usr/lib/libresolv.9.dylib
0x00007fff2b827000 	/System/Library/PrivateFrameworks/Heimdal.framework/Versions/A/Heimdal
0x00007fff33563000 	/System/Library/Frameworks/Kerberos.framework/Versions/A/Libraries/libHeimdalProxy.dylib
0x00007fff2646f000 	/System/Library/Frameworks/Network.framework/Versions/A/Network
0x00007fff2b243000 	/usr/lib/libheimdal-asn1.dylib
0x00007fff2d921000 	/System/Library/PrivateFrameworks/CommonAuth.framework/Versions/A/CommonAuth
0x00007fff274bb000 	/System/Library/PrivateFrameworks/login.framework/Versions/A/Frameworks/loginsupport.framework/Versions/A/loginsupport
0x00007fff2cea0000 	/System/Library/PrivateFrameworks/AudioSession.framework/Versions/A/AudioSession
0x00007fff2cf06000 	/usr/lib/libAudioStatistics.dylib
0x00007fff2b2cf000 	/System/Library/PrivateFrameworks/MediaExperience.framework/Versions/A/MediaExperience
0x00007fff2cd39000 	/System/Library/PrivateFrameworks/AudioSession.framework/libSessionUtility.dylib
0x00007fff2d8b1000 	/usr/lib/libperfcheck.dylib
0x00007fff2d250000 	/System/Library/PrivateFrameworks/AudioResourceArbitration.framework/Versions/A/AudioResourceArbitration
0x00007fff2b24d000 	/System/Library/PrivateFrameworks/IconFoundation.framework/Versions/A/IconFoundation
0x00007fff2fd4c000 	/System/Library/PrivateFrameworks/SpeechRecognitionCore.framework/Versions/A/SpeechRecognitionCore
0x0000000105000000 	/Users/tristanpoland/Library/Application Support/gdlauncher_next/java/8u242-b08/lib/server/libjvm.dylib
0x00007fff780c6000 	/usr/lib/libstdc++.6.dylib
0x0000000100553000 	/Users/tristanpoland/Library/Application Support/gdlauncher_next/java/8u242-b08/lib/libverify.dylib
0x0000000100560000 	/Users/tristanpoland/Library/Application Support/gdlauncher_next/java/8u242-b08/lib/libjava.dylib
0x00000001005e0000 	/Users/tristanpoland/Library/Application Support/gdlauncher_next/java/8u242-b08/lib/libzip.dylib
0x00000001006f2000 	/Users/tristanpoland/Library/Application Support/gdlauncher_next/java/8u242-b08/lib/libnio.dylib
0x0000000100702000 	/Users/tristanpoland/Library/Application Support/gdlauncher_next/java/8u242-b08/lib/libnet.dylib
0x000000012e977000 	/Users/tristanpoland/Library/Application Support/gdlauncher_next/java/8u242-b08/lib/libmanagement.dylib
0x000000012f397000 	/Users/tristanpoland/Library/Application Support/gdlauncher_next/java/8u242-b08/lib/libunpack.dylib
0x000000012fbb0000 	/Users/tristanpoland/Library/Application Support/gdlauncher_next/java/8u242-b08/lib/libawt.dylib
0x000000012fc59000 	/Users/tristanpoland/Library/Application Support/gdlauncher_next/java/8u242-b08/lib/libmlib_image.dylib
0x00007fff6eae3000 	/System/Library/Frameworks/JavaNativeFoundation.framework/Versions/A/JavaNativeFoundation
0x00007fff6eaef000 	/System/Library/Frameworks/JavaRuntimeSupport.framework/Versions/A/JavaRuntimeSupport
0x00007fff3ca27000 	/System/Library/Frameworks/Carbon.framework/Versions/A/Carbon
0x00007fff31bbd000 	/System/Library/PrivateFrameworks/CoreSymbolication.framework/Versions/A/CoreSymbolication
0x00007fff364de000 	/System/Library/Frameworks/Carbon.framework/Versions/A/Frameworks/CommonPanels.framework/Versions/A/CommonPanels
0x00007fff32ff8000 	/System/Library/Frameworks/Carbon.framework/Versions/A/Frameworks/Help.framework/Versions/A/Help
0x00007fff364e2000 	/System/Library/Frameworks/Carbon.framework/Versions/A/Frameworks/ImageCapture.framework/Versions/A/ImageCapture
0x00007fff364b2000 	/System/Library/Frameworks/Carbon.framework/Versions/A/Frameworks/OpenScripting.framework/Versions/A/OpenScripting
0x00007fff364da000 	/System/Library/Frameworks/Carbon.framework/Versions/A/Frameworks/Ink.framework/Versions/A/Ink
0x00007fff3ca23000 	/System/Library/Frameworks/Carbon.framework/Versions/A/Frameworks/Print.framework/Versions/A/Print
0x00007fff364d6000 	/System/Library/Frameworks/Carbon.framework/Versions/A/Frameworks/SecurityHI.framework/Versions/A/SecurityHI
0x00007fff31b81000 	/System/Library/PrivateFrameworks/DebugSymbols.framework/Versions/A/DebugSymbols
0x000000012fd25000 	/Users/tristanpoland/Library/Application Support/gdlauncher_next/java/8u242-b08/lib/libawt_lwawt.dylib
0x000000012fddf000 	/Users/tristanpoland/Library/Application Support/gdlauncher_next/java/8u242-b08/lib/libosxapp.dylib
0x00007fff3c042000 	/System/Library/Frameworks/ExceptionHandling.framework/Versions/A/ExceptionHandling
0x00007fff22c61000 	/System/Library/PrivateFrameworks/CoreServicesInternal.framework/Versions/A/CoreServicesInternal
0x00007fff310d3000 	/System/Library/Frameworks/FileProvider.framework/Versions/A/FileProvider
0x00007fff2628d000 	/System/Library/Frameworks/Accounts.framework/Versions/A/Accounts
0x00007fff31223000 	/System/Library/PrivateFrameworks/GenerationalStorage.framework/Versions/A/GenerationalStorage
0x00007fff30af3000 	/System/Library/PrivateFrameworks/SymptomDiagnosticReporter.framework/Versions/A/SymptomDiagnosticReporter
0x00007fff23d8f000 	/System/Library/PrivateFrameworks/DesktopServicesPriv.framework/Versions/A/DesktopServicesPriv
0x00007fff22d96000 	/usr/lib/libsandbox.1.dylib
0x00007fff274e6000 	/System/Library/PrivateFrameworks/UserManagement.framework/Versions/A/UserManagement
0x00007fff29db8000 	/System/Library/PrivateFrameworks/MobileKeyBag.framework/Versions/A/MobileKeyBag
0x00007fff345e5000 	/System/Library/PrivateFrameworks/ChunkingLibrary.framework/Versions/A/ChunkingLibrary
0x00007fff2e2e4000 	/System/Library/PrivateFrameworks/Sharing.framework/Versions/A/Sharing
0x00007fff32b65000 	/System/Library/PrivateFrameworks/Apple80211.framework/Versions/A/Apple80211
0x00007fff2a465000 	/System/Library/PrivateFrameworks/AuthKit.framework/Versions/A/AuthKit
0x00007fff29bb6000 	/System/Library/PrivateFrameworks/CoreUtils.framework/Versions/A/CoreUtils
0x00007fff29ae3000 	/System/Library/Frameworks/CoreWLAN.framework/Versions/A/CoreWLAN
0x00007fff2e430000 	/System/Library/Frameworks/IOBluetooth.framework/Versions/A/IOBluetooth
0x00007fff32bc9000 	/System/Library/PrivateFrameworks/CoreWiFi.framework/Versions/A/CoreWiFi
0x00007fff2d9a7000 	/System/Library/PrivateFrameworks/CorePhoneNumbers.framework/Versions/A/CorePhoneNumbers
0x00007fff30bfa000 	/System/Library/PrivateFrameworks/DiskManagement.framework/Versions/A/DiskManagement
0x00007fff30b10000 	/System/Library/PrivateFrameworks/AppleIDAuthSupport.framework/Versions/A/AppleIDAuthSupport
0x00007fff2d987000 	/System/Library/PrivateFrameworks/KeychainCircle.framework/Versions/A/KeychainCircle
0x00007fff30bc6000 	/System/Library/PrivateFrameworks/MediaKit.framework/Versions/A/MediaKit
0x00007fff30b1d000 	/System/Library/Frameworks/DiscRecording.framework/Versions/A/DiscRecording
0x00007fff2b14a000 	/usr/lib/libCoreStorage.dylib
0x00007fff33004000 	/usr/lib/libcsfde.dylib
0x00007fff2e56b000 	/System/Library/PrivateFrameworks/ProtectedCloudStorage.framework/Versions/A/ProtectedCloudStorage
0x00007fff32ffc000 	/System/Library/PrivateFrameworks/EFILogin.framework/Versions/A/EFILogin
0x00007fff33616000 	/System/Library/Frameworks/AudioUnit.framework/Versions/A/AudioUnit
0x00007fff30a8d000 	/System/Library/Frameworks/CoreBluetooth.framework/Versions/A/CoreBluetooth
0x00007fff2b142000 	/usr/lib/libMatch.1.dylib
0x00007fff438a2000 	/System/Library/CoreServices/RawCamera.bundle/Contents/MacOS/RawCamera
0x00007fff2d932000 	/System/Library/PrivateFrameworks/MobileAsset.framework/Versions/A/MobileAsset
0x00007fff3363a000 	/System/Library/PrivateFrameworks/StreamingZip.framework/Versions/A/StreamingZip
0x00007fff2c0ce000 	/System/Library/Frameworks/MediaToolbox.framework/Versions/A/MediaToolbox
0x00007fff310a5000 	/System/Library/PrivateFrameworks/CoreAVCHD.framework/Versions/A/CoreAVCHD
0x00007fff3028c000 	/System/Library/Frameworks/MediaAccessibility.framework/Versions/A/MediaAccessibility
0x00007fff310a1000 	/System/Library/PrivateFrameworks/Mangrove.framework/Versions/A/Mangrove
0x00007fff30298000 	/System/Library/PrivateFrameworks/AlgosScoreFramework.framework/Versions/A/AlgosScoreFramework
0x00007fff31a8f000 	/System/Library/PrivateFrameworks/AppleVPA.framework/Versions/A/AppleVPA
0x00007fff30ce6000 	/System/Library/PrivateFrameworks/CoreAUC.framework/Versions/A/CoreAUC
0x00007fff412f9000 	/System/Library/Frameworks/Accelerate.framework/Versions/A/Frameworks/vImage.framework/Versions/A/Libraries/libCGInterfaces.dylib
0x000000013203c000 	/usr/lib/libobjc-trampolines.dylib
0x00007fff3547f000 	/System/Library/PrivateFrameworks/FamilyControls.framework/Versions/A/FamilyControls
0x00007fff354a3000 	/System/Library/PrivateFrameworks/CommerceKit.framework/Versions/A/Frameworks/CommerceCore.framework/Versions/A/CommerceCore
0x00007fff302c9000 	/System/Library/PrivateFrameworks/SystemAdministration.framework/Versions/A/SystemAdministration
0x00007fff2e552000 	/System/Library/PrivateFrameworks/AppContainer.framework/Versions/A/AppContainer
0x00007fff2e567000 	/System/Library/PrivateFrameworks/SecCodeWrapper.framework/Versions/A/SecCodeWrapper
0x00007fff2b041000 	/System/Library/PrivateFrameworks/CrashReporterSupport.framework/Versions/A/CrashReporterSupport
0x00007fff47a1c000 	/System/Library/PrivateFrameworks/OSAnalytics.framework/Versions/A/OSAnalytics
0x00007fff779ac000 	/usr/lib/libRosetta.dylib
0x00007fff32f8b000 	/System/Library/PrivateFrameworks/RemoteServiceDiscovery.framework/Versions/A/RemoteServiceDiscovery
0x00007fff516bc000 	/System/Library/PrivateFrameworks/Symbolication.framework/Versions/A/Symbolication
0x00007fff3d617000 	/System/Library/PrivateFrameworks/MallocStackLogging.framework/Versions/A/MallocStackLogging
0x00007fff2b8e8000 	/System/Library/PrivateFrameworks/login.framework/Versions/A/login
0x00007fff2fd18000 	/System/Library/Frameworks/DirectoryService.framework/Versions/A/DirectoryService
0x00007fff32ea4000 	/System/Library/PrivateFrameworks/DiskImages.framework/Versions/A/DiskImages
0x00007fff33077000 	/System/Library/PrivateFrameworks/LoginUIKit.framework/Versions/A/Frameworks/LoginUICore.framework/Versions/A/LoginUICore
0x00007fff2ba83000 	/usr/lib/libodfde.dylib
0x00007fff33010000 	/usr/lib/libcurl.4.dylib
0x00007fff32d70000 	/usr/lib/libcrypto.44.dylib
0x00007fff32e76000 	/usr/lib/libssl.46.dylib
0x00007fff32d36000 	/System/Library/Frameworks/LDAP.framework/Versions/A/LDAP
0x00007fff32d6e000 	/System/Library/PrivateFrameworks/TrustEvaluationAgent.framework/Versions/A/TrustEvaluationAgent
0x00007fff2cfaf000 	/usr/lib/libsasl2.2.dylib
0x00007fff302bd000 	/System/Library/PrivateFrameworks/CoreDaemon.framework/Versions/B/CoreDaemon
0x00007fff302b8000 	/System/Library/PrivateFrameworks/AppleSRP.framework/Versions/A/AppleSRP
0x00007fff271e5000 	/System/Library/PrivateFrameworks/ViewBridge.framework/Versions/A/ViewBridge
0x00000001347cd000 	/Users/tristanpoland/Library/Application Support/gdlauncher_next/java/8u242-b08/lib/libfontmanager.dylib
0x0000000134837000 	/Users/tristanpoland/Library/Application Support/gdlauncher_next/java/8u242-b08/lib/libfreetype.6.dylib
0x0000000134909000 	/Users/tristanpoland/Library/Application Support/gdlauncher_next/instances/TJGaming modpack/natives/liblwjgl.dylib
0x000000013369b000 	/Users/tristanpoland/Library/Application Support/gdlauncher_next/java/8u242-b08/lib/libjawt.dylib
0x00007fff6bd6f000 	/System/Library/Frameworks/OpenGL.framework/Versions/A/Resources/GLEngine.bundle/GLEngine
0x00007fff6bbd0000 	/System/Library/Frameworks/OpenGL.framework/Versions/A/Libraries/libGLProgrammability.dylib
0x00007fff65ca8000 	/System/Library/Extensions/AppleIntelHD5000GraphicsGLDriver.bundle/Contents/MacOS/AppleIntelHD5000GraphicsGLDriver
0x00007fff463e6000 	/System/Library/PrivateFrameworks/GPUSupport.framework/Versions/A/Libraries/libGPUSupportMercury.dylib
0x00007fff6138e000 	/System/Library/Extensions/GeForceGLDriver.bundle/Contents/MacOS/GeForceGLDriver
0x00007fff60cc6000 	/System/Library/Extensions/GeForceGLDriver.bundle/Contents/MacOS/libclh.dylib
0x00007fff6beed000 	/System/Library/Frameworks/OpenGL.framework/Versions/A/Resources/GLRendererFloat.bundle/GLRendererFloat

VM Arguments:
jvm_args: -Xmx10240m -Xms10240m -Dfml.ignorePatchDiscrepancies=true -Dfml.ignoreInvalidMinecraftCertificates=true -Xms256m -Djava.library.path=/Users/tristanpoland/Library/Application Support/gdlauncher_next/instances/TJGaming modpack/natives -Dminecraft.applet.TargetDirectory=/Users/tristanpoland/Library/Application Support/gdlauncher_next/instances/TJGaming modpack 
java_command: net.minecraft.launchwrapper.Launch --username TristanPoland --version 1.12.2 --gameDir /Users/tristanpoland/Library/Application Support/gdlauncher_next/instances/TJGaming modpack --assetsDir /Users/tristanpoland/Library/Application Support/gdlauncher_next/datastore/assets --assetIndex 1.12 --uuid a4686b5b2f264015887dc42382f3f73d --accessToken eyJhbGciOiJIUzI1NiJ9.eyJzdWIiOiIxNGI4MjE4YWMyNzE0YjJmYjE0ZTljY2E3NTA0YmE2YiIsInlnZ3QiOiIwOWViMTlmMTM1MTA0YjNiOGE1NzlmOTZhNzNmMzgxZiIsInNwciI6ImE0Njg2YjViMmYyNjQwMTU4ODdkYzQyMzgyZjNmNzNkIiwiaXNzIjoiWWdnZHJhc2lsLUF1dGgiLCJleHAiOjE2Mjk5MTg5MzEsImlhdCI6MTYyOTc0NjEzMX0.FyWSzeJIvxp-RG-o8uspIDzo8BIx9jwCNF12Zglg24E --userType mojang --tweakClass net.minecraftforge.fml.common.launcher.FMLTweaker --versionType Forge --width 854 --height 480
java_class_path (initial): /Users/tristanpoland/Library/Application Support/gdlauncher_next/datastore/libraries/net/minecraftforge/forge/1.12.2-14.23.5.2855/forge-1.12.2-14.23.5.2855.jar:/Users/tristanpoland/Library/Application Support/gdlauncher_next/datastore/libraries/org/ow2/asm/asm-debug-all/5.2/asm-debug-all-5.2.jar:/Users/tristanpoland/Library/Application Support/gdlauncher_next/datastore/libraries/net/minecraft/launchwrapper/1.12/launchwrapper-1.12.jar:/Users/tristanpoland/Library/Application Support/gdlauncher_next/datastore/libraries/org/jline/jline/3.5.1/jline-3.5.1.jar:/Users/tristanpoland/Library/Application Support/gdlauncher_next/datastore/libraries/com/typesafe/akka/akka-actor_2.11/2.3.3/akka-actor_2.11-2.3.3.jar:/Users/tristanpoland/Library/Application Support/gdlauncher_next/datastore/libraries/com/typesafe/config/1.2.1/config-1.2.1.jar:/Users/tristanpoland/Library/Application Support/gdlauncher_next/datastore/libraries/org/scala-lang/scala-actors-migration_2.11/1.1.0/scala-actors-migration_2.11-1.1.0.jar:/Users/tristanpoland/Library/Application Support/gdlauncher_next/datastore/libraries/org/scala-lang/scala-compiler/2.11.1/scala-compiler-2.11.1.jar:/Users/tristanpoland/Library/Application Support/gdlauncher_next/datastore/libraries/org/scala-lang/plugins/scala-continuations-library_2.11/1.0.2_mc/scala-continuations-library_2.11-1.0.2_mc.jar:/Users/tristanpoland/Library/Application Support/gdlauncher_next/datastore/libraries/org/scala-lang/plugins/scala-continuations-plugin_2.11.1/1.0.2_mc/scala-continuations-plugin_2.11.1-1.0.2_mc.jar:/Users/tristanpoland/Library/Application Support/gdlauncher_next/datastore/libraries/org/scala-lang/scala-library/2.11.1/scala-library-2.11.1.jar:/Users/tristanpoland/Library/Application Support/gdlauncher_next/datastore/libraries/org/scala-lang/scala-parser-combinators_2.11/1.0.1/scala-parser-combinators_2.11-1.0.1.jar:/Users/tristanpoland/Library/Application Support/gdlauncher_next/datastore/libraries/org/scala-
Launcher Type: SUN_STANDARD

Environment Variables:
PATH=/usr/bin:/bin:/usr/sbin:/sbin
SHELL=/bin/bash
DISPLAY=/private/tmp/com.apple.launchd.6X2y6yqALj/org.macosforge.xquartz:0

Signal Handlers:
SIGSEGV: [libjvm.dylib+0x588183], sa_mask[0]=11111111011111110111111111111111, sa_flags=SA_ONSTACK|SA_RESTART|SA_SIGINFO
SIGBUS: [libjvm.dylib+0x588183], sa_mask[0]=11111111011111110111111111111111, sa_flags=SA_RESTART|SA_SIGINFO
SIGFPE: [libjvm.dylib+0x46288c], sa_mask[0]=11111111011111110111111111111111, sa_flags=SA_RESTART|SA_SIGINFO
SIGPIPE: [libjvm.dylib+0x46288c], sa_mask[0]=11111111011111110111111111111111, sa_flags=SA_RESTART|SA_SIGINFO
SIGXFSZ: [libjvm.dylib+0x46288c], sa_mask[0]=11111111011111110111111111111111, sa_flags=SA_RESTART|SA_SIGINFO
SIGILL: [libjvm.dylib+0x46288c], sa_mask[0]=11111111011111110111111111111111, sa_flags=SA_RESTART|SA_SIGINFO
SIGUSR1: SIG_DFL, sa_mask[0]=00000000000000000000000000000000, sa_flags=SA_RESTART
SIGUSR2: [libjvm.dylib+0x4623aa], sa_mask[0]=00000000000000000000000000000000, sa_flags=SA_RESTART|SA_SIGINFO
SIGHUP: [libjvm.dylib+0x460935], sa_mask[0]=11111111011111110111111111111111, sa_flags=SA_RESTART|SA_SIGINFO
SIGINT: [libjvm.dylib+0x460935], sa_mask[0]=11111111011111110111111111111111, sa_flags=SA_RESTART|SA_SIGINFO
SIGTERM: [libjvm.dylib+0x460935], sa_mask[0]=11111111011111110111111111111111, sa_flags=SA_RESTART|SA_SIGINFO
SIGQUIT: [libjvm.dylib+0x460935], sa_mask[0]=11111111011111110111111111111111, sa_flags=SA_RESTART|SA_SIGINFO


---------------  S Y S T E M  ---------------

OS:Bsduname:Darwin 20.5.0 Darwin Kernel Version 20.5.0: Sat May  8 05:10:33 PDT 2021; root:xnu-7195.121.3~9/RELEASE_X86_64 x86_64
rlimit: STACK 8192k, CORE 0k, NPROC 2784, NOFILE 10240, AS infinity
load average:5.72 6.38 6.85

CPU:total 8 (initial active 8) (4 cores per cpu, 2 threads per core) family 6 model 70 stepping 1, cmov, cx8, fxsr, mmx, sse, sse2, sse3, ssse3, sse4.1, sse4.2, popcnt, avx, avx2, aes, clmul, erms, lzcnt, ht, tsc, tscinvbit, bmi1, bmi2

Memory: 4k page, physical 16777216k(278220k free)

/proc/meminfo:


vm_info: OpenJDK 64-Bit Server VM (25.242-b08) for bsd-amd64 JRE (1.8.0_242-b08), built on Jan 19 2020 06:43:11 by "jenkins" with gcc 4.2.1 (Based on Apple Inc. build 5658) (LLVM build 2336.11.00)

time: Wed Aug 25 11:23:25 2021
timezone: EDT
elapsed time: 20 seconds (0d 0h 0m 20s)

