[11:18:22] [main/INFO] [LaunchWrapper]: Loading tweak class name net.minecraftforge.fml.common.launcher.FMLTweaker
[11:18:22] [main/INFO] [LaunchWrapper]: Using primary tweak class name net.minecraftforge.fml.common.launcher.FMLTweaker
[11:18:22] [main/INFO] [LaunchWrapper]: Calling tweak class net.minecraftforge.fml.common.launcher.FMLTweaker
[11:18:22] [main/DEBUG] [FML]: Injecting tracing printstreams for STDOUT/STDERR.
[11:18:22] [main/INFO] [FML]: Forge Mod Loader version 14.23.5.2855 for Minecraft 1.12.2 loading
[11:18:22] [main/INFO] [FML]: Java is OpenJDK 64-Bit Server VM, version 1.8.0_242, running on Mac OS X:x86_64:10.16, installed at /Users/tristanpoland/Library/Application Support/gdlauncher_next/java/8u242-b08
[11:18:22] [main/DEBUG] [FML]: Java classpath at launch is:
[11:18:22] [main/DEBUG] [FML]:     /Users/tristanpoland/Library/Application Support/gdlauncher_next/datastore/libraries/net/minecraftforge/forge/1.12.2-14.23.5.2855/forge-1.12.2-14.23.5.2855.jar
[11:18:22] [main/DEBUG] [FML]:     /Users/tristanpoland/Library/Application Support/gdlauncher_next/datastore/libraries/org/ow2/asm/asm-debug-all/5.2/asm-debug-all-5.2.jar
[11:18:22] [main/DEBUG] [FML]:     /Users/tristanpoland/Library/Application Support/gdlauncher_next/datastore/libraries/net/minecraft/launchwrapper/1.12/launchwrapper-1.12.jar
[11:18:22] [main/DEBUG] [FML]:     /Users/tristanpoland/Library/Application Support/gdlauncher_next/datastore/libraries/org/jline/jline/3.5.1/jline-3.5.1.jar
[11:18:22] [main/DEBUG] [FML]:     /Users/tristanpoland/Library/Application Support/gdlauncher_next/datastore/libraries/com/typesafe/akka/akka-actor_2.11/2.3.3/akka-actor_2.11-2.3.3.jar
[11:18:22] [main/DEBUG] [FML]:     /Users/tristanpoland/Library/Application Support/gdlauncher_next/datastore/libraries/com/typesafe/config/1.2.1/config-1.2.1.jar
[11:18:22] [main/DEBUG] [FML]:     /Users/tristanpoland/Library/Application Support/gdlauncher_next/datastore/libraries/org/scala-lang/scala-actors-migration_2.11/1.1.0/scala-actors-migration_2.11-1.1.0.jar
[11:18:22] [main/DEBUG] [FML]:     /Users/tristanpoland/Library/Application Support/gdlauncher_next/datastore/libraries/org/scala-lang/scala-compiler/2.11.1/scala-compiler-2.11.1.jar
[11:18:22] [main/DEBUG] [FML]:     /Users/tristanpoland/Library/Application Support/gdlauncher_next/datastore/libraries/org/scala-lang/plugins/scala-continuations-library_2.11/1.0.2_mc/scala-continuations-library_2.11-1.0.2_mc.jar
[11:18:22] [main/DEBUG] [FML]:     /Users/tristanpoland/Library/Application Support/gdlauncher_next/datastore/libraries/org/scala-lang/plugins/scala-continuations-plugin_2.11.1/1.0.2_mc/scala-continuations-plugin_2.11.1-1.0.2_mc.jar
[11:18:22] [main/DEBUG] [FML]:     /Users/tristanpoland/Library/Application Support/gdlauncher_next/datastore/libraries/org/scala-lang/scala-library/2.11.1/scala-library-2.11.1.jar
[11:18:22] [main/DEBUG] [FML]:     /Users/tristanpoland/Library/Application Support/gdlauncher_next/datastore/libraries/org/scala-lang/scala-parser-combinators_2.11/1.0.1/scala-parser-combinators_2.11-1.0.1.jar
[11:18:22] [main/DEBUG] [FML]:     /Users/tristanpoland/Library/Application Support/gdlauncher_next/datastore/libraries/org/scala-lang/scala-reflect/2.11.1/scala-reflect-2.11.1.jar
[11:18:22] [main/DEBUG] [FML]:     /Users/tristanpoland/Library/Application Support/gdlauncher_next/datastore/libraries/org/scala-lang/scala-swing_2.11/1.0.1/scala-swing_2.11-1.0.1.jar
[11:18:22] [main/DEBUG] [FML]:     /Users/tristanpoland/Library/Application Support/gdlauncher_next/datastore/libraries/org/scala-lang/scala-xml_2.11/1.0.2/scala-xml_2.11-1.0.2.jar
[11:18:22] [main/DEBUG] [FML]:     /Users/tristanpoland/Library/Application Support/gdlauncher_next/datastore/libraries/lzma/lzma/0.0.1/lzma-0.0.1.jar
[11:18:22] [main/DEBUG] [FML]:     /Users/tristanpoland/Library/Application Support/gdlauncher_next/datastore/libraries/java3d/vecmath/1.5.2/vecmath-1.5.2.jar
[11:18:22] [main/DEBUG] [FML]:     /Users/tristanpoland/Library/Application Support/gdlauncher_next/datastore/libraries/net/sf/trove4j/trove4j/3.0.3/trove4j-3.0.3.jar
[11:18:22] [main/DEBUG] [FML]:     /Users/tristanpoland/Library/Application Support/gdlauncher_next/datastore/libraries/org/apache/maven/maven-artifact/3.5.3/maven-artifact-3.5.3.jar
[11:18:22] [main/DEBUG] [FML]:     /Users/tristanpoland/Library/Application Support/gdlauncher_next/datastore/libraries/net/sf/jopt-simple/jopt-simple/5.0.3/jopt-simple-5.0.3.jar
[11:18:22] [main/DEBUG] [FML]:     /Users/tristanpoland/Library/Application Support/gdlauncher_next/datastore/libraries/com/mojang/patchy/1.1/patchy-1.1.jar
[11:18:22] [main/DEBUG] [FML]:     /Users/tristanpoland/Library/Application Support/gdlauncher_next/datastore/libraries/oshi-project/oshi-core/1.1/oshi-core-1.1.jar
[11:18:22] [main/DEBUG] [FML]:     /Users/tristanpoland/Library/Application Support/gdlauncher_next/datastore/libraries/net/java/dev/jna/jna/4.4.0/jna-4.4.0.jar
[11:18:22] [main/DEBUG] [FML]:     /Users/tristanpoland/Library/Application Support/gdlauncher_next/datastore/libraries/net/java/dev/jna/platform/3.4.0/platform-3.4.0.jar
[11:18:22] [main/DEBUG] [FML]:     /Users/tristanpoland/Library/Application Support/gdlauncher_next/datastore/libraries/com/ibm/icu/icu4j-core-mojang/51.2/icu4j-core-mojang-51.2.jar
[11:18:22] [main/DEBUG] [FML]:     /Users/tristanpoland/Library/Application Support/gdlauncher_next/datastore/libraries/com/paulscode/codecjorbis/20101023/codecjorbis-20101023.jar
[11:18:22] [main/DEBUG] [FML]:     /Users/tristanpoland/Library/Application Support/gdlauncher_next/datastore/libraries/com/paulscode/codecwav/20101023/codecwav-20101023.jar
[11:18:22] [main/DEBUG] [FML]:     /Users/tristanpoland/Library/Application Support/gdlauncher_next/datastore/libraries/com/paulscode/libraryjavasound/20101123/libraryjavasound-20101123.jar
[11:18:22] [main/DEBUG] [FML]:     /Users/tristanpoland/Library/Application Support/gdlauncher_next/datastore/libraries/com/paulscode/librarylwjglopenal/20100824/librarylwjglopenal-20100824.jar
[11:18:22] [main/DEBUG] [FML]:     /Users/tristanpoland/Library/Application Support/gdlauncher_next/datastore/libraries/com/paulscode/soundsystem/20120107/soundsystem-20120107.jar
[11:18:22] [main/DEBUG] [FML]:     /Users/tristanpoland/Library/Application Support/gdlauncher_next/datastore/libraries/io/netty/netty-all/4.1.9.Final/netty-all-4.1.9.Final.jar
[11:18:22] [main/DEBUG] [FML]:     /Users/tristanpoland/Library/Application Support/gdlauncher_next/datastore/libraries/com/google/guava/guava/21.0/guava-21.0.jar
[11:18:22] [main/DEBUG] [FML]:     /Users/tristanpoland/Library/Application Support/gdlauncher_next/datastore/libraries/org/apache/commons/commons-lang3/3.5/commons-lang3-3.5.jar
[11:18:22] [main/DEBUG] [FML]:     /Users/tristanpoland/Library/Application Support/gdlauncher_next/datastore/libraries/commons-io/commons-io/2.5/commons-io-2.5.jar
[11:18:22] [main/DEBUG] [FML]:     /Users/tristanpoland/Library/Application Support/gdlauncher_next/datastore/libraries/commons-codec/commons-codec/1.10/commons-codec-1.10.jar
[11:18:22] [main/DEBUG] [FML]:     /Users/tristanpoland/Library/Application Support/gdlauncher_next/datastore/libraries/net/java/jinput/jinput/2.0.5/jinput-2.0.5.jar
[11:18:22] [main/DEBUG] [FML]:     /Users/tristanpoland/Library/Application Support/gdlauncher_next/datastore/libraries/net/java/jutils/jutils/1.0.0/jutils-1.0.0.jar
[11:18:22] [main/DEBUG] [FML]:     /Users/tristanpoland/Library/Application Support/gdlauncher_next/datastore/libraries/com/google/code/gson/gson/2.8.0/gson-2.8.0.jar
[11:18:22] [main/DEBUG] [FML]:     /Users/tristanpoland/Library/Application Support/gdlauncher_next/datastore/libraries/com/mojang/authlib/1.5.25/authlib-1.5.25.jar
[11:18:22] [main/DEBUG] [FML]:     /Users/tristanpoland/Library/Application Support/gdlauncher_next/datastore/libraries/com/mojang/realms/1.10.22/realms-1.10.22.jar
[11:18:22] [main/DEBUG] [FML]:     /Users/tristanpoland/Library/Application Support/gdlauncher_next/datastore/libraries/org/apache/commons/commons-compress/1.8.1/commons-compress-1.8.1.jar
[11:18:22] [main/DEBUG] [FML]:     /Users/tristanpoland/Library/Application Support/gdlauncher_next/datastore/libraries/org/apache/httpcomponents/httpclient/4.3.3/httpclient-4.3.3.jar
[11:18:22] [main/DEBUG] [FML]:     /Users/tristanpoland/Library/Application Support/gdlauncher_next/datastore/libraries/commons-logging/commons-logging/1.1.3/commons-logging-1.1.3.jar
[11:18:22] [main/DEBUG] [FML]:     /Users/tristanpoland/Library/Application Support/gdlauncher_next/datastore/libraries/org/apache/httpcomponents/httpcore/4.3.2/httpcore-4.3.2.jar
[11:18:22] [main/DEBUG] [FML]:     /Users/tristanpoland/Library/Application Support/gdlauncher_next/datastore/libraries/it/unimi/dsi/fastutil/7.1.0/fastutil-7.1.0.jar
[11:18:22] [main/DEBUG] [FML]:     /Users/tristanpoland/Library/Application Support/gdlauncher_next/datastore/libraries/org/apache/logging/log4j/log4j-api/2.8.1/log4j-api-2.8.1.jar
[11:18:22] [main/DEBUG] [FML]:     /Users/tristanpoland/Library/Application Support/gdlauncher_next/datastore/libraries/org/apache/logging/log4j/log4j-core/2.8.1/log4j-core-2.8.1.jar
[11:18:22] [main/DEBUG] [FML]:     /Users/tristanpoland/Library/Application Support/gdlauncher_next/datastore/libraries/org/lwjgl/lwjgl/lwjgl/2.9.2-nightly-20140822/lwjgl-2.9.2-nightly-20140822.jar
[11:18:22] [main/DEBUG] [FML]:     /Users/tristanpoland/Library/Application Support/gdlauncher_next/datastore/libraries/org/lwjgl/lwjgl/lwjgl_util/2.9.2-nightly-20140822/lwjgl_util-2.9.2-nightly-20140822.jar
[11:18:22] [main/DEBUG] [FML]:     /Users/tristanpoland/Library/Application Support/gdlauncher_next/datastore/libraries/com/mojang/text2speech/1.10.3/text2speech-1.10.3.jar
[11:18:22] [main/DEBUG] [FML]:     /Users/tristanpoland/Library/Application Support/gdlauncher_next/datastore/libraries/ca/weblite/java-objc-bridge/1.0.0/java-objc-bridge-1.0.0.jar
[11:18:22] [main/DEBUG] [FML]:     /Users/tristanpoland/Library/Application Support/gdlauncher_next/datastore/libraries/net/minecraft/1.12.2.jar
[11:18:22] [main/DEBUG] [FML]: Java library path at launch is:
[11:18:22] [main/DEBUG] [FML]:     /Users/tristanpoland/Library/Application Support/gdlauncher_next/instances/TridentPack/natives
[11:18:22] [main/DEBUG] [FML]: Determined Minecraft Libraries Root: /Users/tristanpoland/Library/Application Support/gdlauncher_next/datastore/libraries
[11:18:22] [main/DEBUG] [FML]: Cleaning up mods folder: /Users/tristanpoland/Library/Application Support/gdlauncher_next/instances/TridentPack/mods
[11:18:22] [main/DEBUG] [FML]: Examining file: zerocore-1.12.2-0.1.2.9.jar
[11:18:22] [main/DEBUG] [FML]: Examining file: ImmersiveCables-1.12.2-1.3.2.jar
[11:18:22] [main/DEBUG] [FML]: Examining file: Wawla-1.12.2-2.6.275.jar
[11:18:22] [main/DEBUG] [FML]: Examining file: Traveler'sDream-Compact-1.12.2-v1.2.jar
[11:18:22] [main/DEBUG] [FML]: Examining file: UnlimitedChiselWorks-0.3.5.jar
[11:18:22] [main/DEBUG] [FML]: Examining file: OpenTerrainGenerator-1.12.2-v9.3.jar
[11:18:22] [main/DEBUG] [FML]: Found existing ContainDep extracted to /Users/tristanpoland/Library/Application Support/gdlauncher_next/instances/TridentPack/mods/1.12.2/OTG-Core.jar, skipping extraction
[11:18:22] [main/DEBUG] [FML]: Examining file: Immersive Vehicles-1.12.2-20.0.3.jar
[11:18:22] [main/DEBUG] [FML]: Examining file: twilightforest-1.12.2-3.11.1021-universal.jar
[11:18:22] [main/DEBUG] [FML]: Examining file: immersivepetroleum-1.12.2-1.1.10.jar
[11:18:22] [main/DEBUG] [FML]: Examining file: tinkersoc-0.6.jar
[11:18:22] [main/DEBUG] [FML]: Examining file: LittleTiles_v1.5.20_mc1.12.2.jar
[11:18:22] [main/DEBUG] [FML]: Examining file: dynamictreesTheTwilightForest-1.12.2-1.2.3.jar
[11:18:22] [main/DEBUG] [FML]: Examining file: CreativeCore_v1.10.63_mc1.12.2.jar
[11:18:22] [main/DEBUG] [FML]: Examining file: LibVulpes-1.12.2-0.4.2-84-universal.jar
[11:18:22] [main/DEBUG] [FML]: Examining file: Clumps-3.1.2.jar
[11:18:22] [main/DEBUG] [FML]: Examining file: AdvancedRocketry-1.12.2-1.7.0-232-universal.jar
[11:18:22] [main/DEBUG] [FML]: Examining file: fancymenu_2.2.2-1_MC_1.12-1.12.2.jar
[11:18:22] [main/DEBUG] [FML]: Examining file: DynamicTrees-1.12.2-0.9.24.jar
[11:18:22] [main/DEBUG] [FML]: Examining file: TFSpellPack-1.1.0-MC1.12.2.jar
[11:18:22] [main/DEBUG] [FML]: Examining file: EnderCore-1.12.2-0.5.76.jar
[11:18:22] [main/DEBUG] [FML]: Found existing ContainedDep META-INF/libraries/EnderCore-1.12.2-0.5.76-core.jar(com.enderio.core:EnderCore:1.12.2-0.5.76:core) from /Users/tristanpoland/Library/Application Support/gdlauncher_next/instances/TridentPack/mods/memory_repo/com/enderio/core/EnderCore/1.12.2-0.5.76/EnderCore-1.12.2-0.5.76-core.jar extracted to /Users/tristanpoland/Library/Application Support/gdlauncher_next/instances/TridentPack/mods/EnderCore-1.12.2-0.5.76.jar, skipping extraction
[11:18:22] [main/DEBUG] [FML]: Examining file: EnderCore-1.12.2-0.5.76-core.jar
[11:18:22] [main/DEBUG] [FML]: Examining file: WorldEdit-CUI-FE3-1.12.2-3.0.9.jar
[11:18:22] [main/DEBUG] [FML]: Examining file: TConstruct-1.12.2-2.13.0.183.jar
[11:18:22] [main/DEBUG] [FML]: Examining file: Chisel-MC1.12.2-1.0.2.45.jar
[11:18:22] [main/DEBUG] [FML]: Examining file: malisisdoors-1.12.2-7.3.0.jar
[11:18:22] [main/DEBUG] [FML]: Examining file: Patchouli-1.0-23.6.jar
[11:18:22] [main/DEBUG] [FML]: Examining file: Mantle-1.12-1.3.3.55.jar
[11:18:22] [main/DEBUG] [FML]: Examining file: _MixinBootstrap-1.1.0.jar
[11:18:22] [main/DEBUG] [FML]: Examining file: malisiscore-1.12.2-6.5.1.jar
[11:18:22] [main/DEBUG] [FML]: Examining file: IV_Trin_Part_Pack_2.18.0.jar
[11:18:22] [main/DEBUG] [FML]: Examining file: BiomeColorizer-1.12.2-v1.0.2.jar
[11:18:22] [main/DEBUG] [FML]: Examining file: DynamicTreesTinkersConstruct-1.12.2-1.2.7.jar
[11:18:22] [main/DEBUG] [FML]: Examining file: ElectroblobsWizardry-4.3.4-MC1.12.2.jar
[11:18:22] [main/DEBUG] [FML]: Examining file: OreLib-1.12.2-3.6.0.1.jar
[11:18:22] [main/DEBUG] [FML]: Making maven link for org.orecruncher:OreLib:1.12.2-3.6.0.1 in memory to /Users/tristanpoland/Library/Application Support/gdlauncher_next/instances/TridentPack/mods/OreLib-1.12.2-3.6.0.1.jar.
[11:18:22] [main/DEBUG] [FML]: Examining file: Xaeros_Minimap_21.15.0.1_Forge_1.12.jar
[11:18:22] [main/DEBUG] [FML]: Examining file: ironchest-1.12.2-7.0.72.847.jar
[11:18:22] [main/DEBUG] [FML]: Examining file: foamfix-0.10.14-1.12.2.jar
[11:18:22] [main/DEBUG] [FML]: Examining file: FancyBlockParticles-1.12.x-2.4.1.jar
[11:18:22] [main/DEBUG] [FML]: Examining file: ExtremeReactors-1.12.2-0.4.5.68.jar
[11:18:22] [main/DEBUG] [FML]: Examining file: worldedit-forge-mc1.12.2-6.1.10-dist.jar
[11:18:22] [main/DEBUG] [FML]: Examining file: extrautils2-1.12-1.9.9.jar
[11:18:22] [main/DEBUG] [FML]: Examining file: OpenComputers-MC1.12.2-1.7.5.192.jar
[11:18:22] [main/DEBUG] [FML]: Examining file: ImmersiveEngineering-0.12-98.jar
[11:18:22] [main/DEBUG] [FML]: Found existing ContainedDep META-INF/libraries/ImmersiveEngineering-0.12-98-core.jar(blusunrize:ImmersiveEngineering-core:0.12-98) from /Users/tristanpoland/Library/Application Support/gdlauncher_next/instances/TridentPack/mods/memory_repo/blusunrize/ImmersiveEngineering-core/0.12-98/ImmersiveEngineering-core-0.12-98.jar extracted to /Users/tristanpoland/Library/Application Support/gdlauncher_next/instances/TridentPack/mods/ImmersiveEngineering-0.12-98.jar, skipping extraction
[11:18:22] [main/DEBUG] [FML]: Examining file: ImmersiveEngineering-core-0.12-98.jar
[11:18:22] [main/DEBUG] [FML]: Making maven link for blusunrize:ImmersiveEngineering:0.12-98 in memory to /Users/tristanpoland/Library/Application Support/gdlauncher_next/instances/TridentPack/mods/ImmersiveEngineering-0.12-98.jar.
[11:18:22] [main/DEBUG] [FML]: Examining file: EnderIO-1.12.2-5.3.70.jar
[11:18:23] [main/DEBUG] [FML]: Found existing ContainedDep META-INF/libraries/AutoSave-1.12.2-1.0.11.jar(info.loenwind.autosave:AutoSave:1.12.2-1.0.11) from /Users/tristanpoland/Library/Application Support/gdlauncher_next/instances/TridentPack/mods/memory_repo/info/loenwind/autosave/AutoSave/1.12.2-1.0.11/AutoSave-1.12.2-1.0.11.jar extracted to /Users/tristanpoland/Library/Application Support/gdlauncher_next/instances/TridentPack/mods/EnderIO-1.12.2-5.3.70.jar, skipping extraction
[11:18:23] [main/DEBUG] [FML]: Examining file: AutoSave-1.12.2-1.0.11.jar
[11:18:23] [main/DEBUG] [FML]: Found existing ContainedDep META-INF/libraries/AutoConfig-1.12.2-1.0.2.jar(info.loenwind.autoconfig:AutoConfig:1.12.2-1.0.2) from /Users/tristanpoland/Library/Application Support/gdlauncher_next/instances/TridentPack/mods/memory_repo/info/loenwind/autoconfig/AutoConfig/1.12.2-1.0.2/AutoConfig-1.12.2-1.0.2.jar extracted to /Users/tristanpoland/Library/Application Support/gdlauncher_next/instances/TridentPack/mods/EnderIO-1.12.2-5.3.70.jar, skipping extraction
[11:18:23] [main/DEBUG] [FML]: Examining file: AutoConfig-1.12.2-1.0.2.jar
[11:18:23] [main/DEBUG] [FML]: Examining file: konkrete_1.1.7_MC_1.12-1.12.2.jar
[11:18:23] [main/DEBUG] [FML]: Examining file: bewitchment-1.12.2-0.0.22.64.jar
[11:18:23] [main/DEBUG] [FML]: Examining file: appliedenergistics2-rv6-stable-7.jar
[11:18:23] [main/DEBUG] [FML]: Examining file: CTM-MC1.12.2-1.0.2.31.jar
[11:18:23] [main/DEBUG] [FML]: Examining file: ImmersivePosts-0.2.1.jar
[11:18:23] [main/DEBUG] [FML]: Examining file: BetterFps-1.4.8.jar
[11:18:23] [main/DEBUG] [FML]: Examining file: MCTImmersiveTechnology-1.12.2-1.8.94.jar
[11:18:23] [main/DEBUG] [FML]: Examining file: betterhud-1.12.2-1.4.4.jar
[11:18:23] [main/DEBUG] [FML]: Examining file: CodeChickenLib-1.12.2-3.2.3.358-universal.jar
[11:18:23] [main/DEBUG] [FML]: Examining file: Baubles-1.12-1.5.2.jar
[11:18:23] [main/DEBUG] [FML]: Examining file: UndergroundBiomesConstructs-1.12-1.3.8.jar
[11:18:23] [main/DEBUG] [FML]: Examining file: DynamicSurroundings-1.12.2-3.6.1.0.jar
[11:18:23] [main/DEBUG] [FML]: Examining file: ExtraSpells-1.12.2-1.2.0.jar
[11:18:23] [main/DEBUG] [FML]: Examining file: jei_1.12.2-4.16.1.301.jar
[11:18:23] [main/DEBUG] [FML]: Examining file: EnderStorage-1.12.2-2.4.6.137-universal.jar
[11:18:23] [main/DEBUG] [FML]: Examining file: Waystones_1.12.2-4.1.0.jar
[11:18:23] [main/DEBUG] [FML]: Examining file: Immersive Vehicles (IV) Seagull's military pack 1.7.4.jar
[11:18:23] [main/DEBUG] [FML]: Examining file: Hwyla-1.8.26-B41_1.12.2.jar
[11:18:23] [main/DEBUG] [FML]: Cleaning up mods folder: /Users/tristanpoland/Library/Application Support/gdlauncher_next/instances/TridentPack/mods/1.12.2
[11:18:23] [main/DEBUG] [FML]: Examining file: OTG-Core.jar
[11:18:23] [main/DEBUG] [FML]: File already proccessed /Users/tristanpoland/Library/Application Support/gdlauncher_next/instances/TridentPack/mods/memory_repo/com/enderio/core/EnderCore/1.12.2-0.5.76/EnderCore-1.12.2-0.5.76-core.jar, Skipping
[11:18:23] [main/DEBUG] [FML]: File already proccessed /Users/tristanpoland/Library/Application Support/gdlauncher_next/instances/TridentPack/mods/OreLib-1.12.2-3.6.0.1.jar, Skipping
[11:18:23] [main/DEBUG] [FML]: File already proccessed /Users/tristanpoland/Library/Application Support/gdlauncher_next/instances/TridentPack/mods/memory_repo/blusunrize/ImmersiveEngineering-core/0.12-98/ImmersiveEngineering-core-0.12-98.jar, Skipping
[11:18:23] [main/DEBUG] [FML]: File already proccessed /Users/tristanpoland/Library/Application Support/gdlauncher_next/instances/TridentPack/mods/ImmersiveEngineering-0.12-98.jar, Skipping
[11:18:23] [main/DEBUG] [FML]: File already proccessed /Users/tristanpoland/Library/Application Support/gdlauncher_next/instances/TridentPack/mods/memory_repo/info/loenwind/autosave/AutoSave/1.12.2-1.0.11/AutoSave-1.12.2-1.0.11.jar, Skipping
[11:18:23] [main/DEBUG] [FML]: File already proccessed /Users/tristanpoland/Library/Application Support/gdlauncher_next/instances/TridentPack/mods/memory_repo/info/loenwind/autoconfig/AutoConfig/1.12.2-1.0.2/AutoConfig-1.12.2-1.0.2.jar, Skipping
[11:18:23] [main/DEBUG] [FML]: Enabling runtime deobfuscation
[11:18:23] [main/DEBUG] [FML]: Instantiating coremod class FMLCorePlugin
[11:18:23] [main/DEBUG] [FML]: Found signing certificates for coremod FMLCorePlugin (net.minecraftforge.fml.relauncher.FMLCorePlugin)
[11:18:23] [main/DEBUG] [FML]: Found certificate e3c3d50c7c986df74c645c0ac54639741c90a557
[11:18:23] [main/DEBUG] [FML]: Added access transformer class net.minecraftforge.fml.common.asm.transformers.AccessTransformer to enqueued access transformers
[11:18:23] [main/DEBUG] [FML]: Enqueued coremod FMLCorePlugin
[11:18:23] [main/DEBUG] [FML]: Instantiating coremod class FMLForgePlugin
[11:18:23] [main/DEBUG] [FML]: Found signing certificates for coremod FMLForgePlugin (net.minecraftforge.classloading.FMLForgePlugin)
[11:18:23] [main/DEBUG] [FML]: Found certificate e3c3d50c7c986df74c645c0ac54639741c90a557
[11:18:23] [main/DEBUG] [FML]: Enqueued coremod FMLForgePlugin
[11:18:23] [main/DEBUG] [FML]: All fundamental core mods are successfully located
[11:18:23] [main/DEBUG] [FML]: Discovering coremods
[11:18:23] [main/INFO] [FML]: Searching /Users/tristanpoland/Library/Application Support/gdlauncher_next/instances/TridentPack/mods for mods
[11:18:23] [main/DEBUG] [FML]:   Adding zerocore-1.12.2-0.1.2.9.jar to the mod list
[11:18:23] [main/DEBUG] [FML]:   Adding ImmersiveCables-1.12.2-1.3.2.jar to the mod list
[11:18:23] [main/DEBUG] [FML]:   Adding Wawla-1.12.2-2.6.275.jar to the mod list
[11:18:23] [main/DEBUG] [FML]:   Adding Traveler'sDream-Compact-1.12.2-v1.2.jar to the mod list
[11:18:23] [main/DEBUG] [FML]:   Adding UnlimitedChiselWorks-0.3.5.jar to the mod list
[11:18:23] [main/DEBUG] [FML]:   Adding OpenTerrainGenerator-1.12.2-v9.3.jar to the mod list
[11:18:23] [main/DEBUG] [FML]:   Adding Immersive Vehicles-1.12.2-20.0.3.jar to the mod list
[11:18:23] [main/DEBUG] [FML]:   Adding twilightforest-1.12.2-3.11.1021-universal.jar to the mod list
[11:18:23] [main/DEBUG] [FML]:   Adding immersivepetroleum-1.12.2-1.1.10.jar to the mod list
[11:18:23] [main/DEBUG] [FML]:   Adding tinkersoc-0.6.jar to the mod list
[11:18:23] [main/DEBUG] [FML]:   Adding LittleTiles_v1.5.20_mc1.12.2.jar to the mod list
[11:18:23] [main/DEBUG] [FML]:   Adding dynamictreesTheTwilightForest-1.12.2-1.2.3.jar to the mod list
[11:18:23] [main/DEBUG] [FML]:   Adding CreativeCore_v1.10.63_mc1.12.2.jar to the mod list
[11:18:23] [main/DEBUG] [FML]:   Adding LibVulpes-1.12.2-0.4.2-84-universal.jar to the mod list
[11:18:23] [main/DEBUG] [FML]:   Adding Clumps-3.1.2.jar to the mod list
[11:18:23] [main/DEBUG] [FML]:   Adding AdvancedRocketry-1.12.2-1.7.0-232-universal.jar to the mod list
[11:18:23] [main/DEBUG] [FML]:   Adding fancymenu_2.2.2-1_MC_1.12-1.12.2.jar to the mod list
[11:18:23] [main/DEBUG] [FML]:   Adding DynamicTrees-1.12.2-0.9.24.jar to the mod list
[11:18:23] [main/DEBUG] [FML]:   Adding TFSpellPack-1.1.0-MC1.12.2.jar to the mod list
[11:18:23] [main/DEBUG] [FML]:   Adding EnderCore-1.12.2-0.5.76.jar to the mod list
[11:18:23] [main/DEBUG] [FML]:   Adding WorldEdit-CUI-FE3-1.12.2-3.0.9.jar to the mod list
[11:18:23] [main/DEBUG] [FML]:   Adding TConstruct-1.12.2-2.13.0.183.jar to the mod list
[11:18:23] [main/DEBUG] [FML]:   Adding Chisel-MC1.12.2-1.0.2.45.jar to the mod list
[11:18:23] [main/DEBUG] [FML]:   Adding malisisdoors-1.12.2-7.3.0.jar to the mod list
[11:18:23] [main/DEBUG] [FML]:   Adding Patchouli-1.0-23.6.jar to the mod list
[11:18:23] [main/DEBUG] [FML]:   Adding Mantle-1.12-1.3.3.55.jar to the mod list
[11:18:23] [main/DEBUG] [FML]:   Adding _MixinBootstrap-1.1.0.jar to the mod list
[11:18:23] [main/DEBUG] [FML]:   Adding malisiscore-1.12.2-6.5.1.jar to the mod list
[11:18:23] [main/DEBUG] [FML]:   Adding IV_Trin_Part_Pack_2.18.0.jar to the mod list
[11:18:23] [main/DEBUG] [FML]:   Adding BiomeColorizer-1.12.2-v1.0.2.jar to the mod list
[11:18:23] [main/DEBUG] [FML]:   Adding DynamicTreesTinkersConstruct-1.12.2-1.2.7.jar to the mod list
[11:18:23] [main/DEBUG] [FML]:   Adding ElectroblobsWizardry-4.3.4-MC1.12.2.jar to the mod list
[11:18:23] [main/DEBUG] [FML]:   Adding OreLib-1.12.2-3.6.0.1.jar to the mod list
[11:18:23] [main/DEBUG] [FML]:   Adding Xaeros_Minimap_21.15.0.1_Forge_1.12.jar to the mod list
[11:18:23] [main/DEBUG] [FML]:   Adding ironchest-1.12.2-7.0.72.847.jar to the mod list
[11:18:23] [main/DEBUG] [FML]:   Adding foamfix-0.10.14-1.12.2.jar to the mod list
[11:18:23] [main/DEBUG] [FML]:   Adding FancyBlockParticles-1.12.x-2.4.1.jar to the mod list
[11:18:23] [main/DEBUG] [FML]:   Adding ExtremeReactors-1.12.2-0.4.5.68.jar to the mod list
[11:18:23] [main/DEBUG] [FML]:   Adding worldedit-forge-mc1.12.2-6.1.10-dist.jar to the mod list
[11:18:23] [main/DEBUG] [FML]:   Adding extrautils2-1.12-1.9.9.jar to the mod list
[11:18:23] [main/DEBUG] [FML]:   Adding OpenComputers-MC1.12.2-1.7.5.192.jar to the mod list
[11:18:23] [main/DEBUG] [FML]:   Adding ImmersiveEngineering-0.12-98.jar to the mod list
[11:18:23] [main/DEBUG] [FML]:   Adding EnderIO-1.12.2-5.3.70.jar to the mod list
[11:18:23] [main/DEBUG] [FML]:   Adding konkrete_1.1.7_MC_1.12-1.12.2.jar to the mod list
[11:18:23] [main/DEBUG] [FML]:   Adding bewitchment-1.12.2-0.0.22.64.jar to the mod list
[11:18:23] [main/DEBUG] [FML]:   Adding appliedenergistics2-rv6-stable-7.jar to the mod list
[11:18:23] [main/DEBUG] [FML]:   Adding CTM-MC1.12.2-1.0.2.31.jar to the mod list
[11:18:23] [main/DEBUG] [FML]:   Adding ImmersivePosts-0.2.1.jar to the mod list
[11:18:23] [main/DEBUG] [FML]:   Adding BetterFps-1.4.8.jar to the mod list
[11:18:23] [main/DEBUG] [FML]:   Adding MCTImmersiveTechnology-1.12.2-1.8.94.jar to the mod list
[11:18:23] [main/DEBUG] [FML]:   Adding betterhud-1.12.2-1.4.4.jar to the mod list
[11:18:23] [main/DEBUG] [FML]:   Adding CodeChickenLib-1.12.2-3.2.3.358-universal.jar to the mod list
[11:18:23] [main/DEBUG] [FML]:   Adding Baubles-1.12-1.5.2.jar to the mod list
[11:18:23] [main/DEBUG] [FML]:   Adding UndergroundBiomesConstructs-1.12-1.3.8.jar to the mod list
[11:18:23] [main/DEBUG] [FML]:   Adding DynamicSurroundings-1.12.2-3.6.1.0.jar to the mod list
[11:18:23] [main/DEBUG] [FML]:   Adding ExtraSpells-1.12.2-1.2.0.jar to the mod list
[11:18:23] [main/DEBUG] [FML]:   Adding jei_1.12.2-4.16.1.301.jar to the mod list
[11:18:23] [main/DEBUG] [FML]:   Adding EnderStorage-1.12.2-2.4.6.137-universal.jar to the mod list
[11:18:23] [main/DEBUG] [FML]:   Adding Waystones_1.12.2-4.1.0.jar to the mod list
[11:18:23] [main/DEBUG] [FML]:   Adding Immersive Vehicles (IV) Seagull's military pack 1.7.4.jar to the mod list
[11:18:23] [main/DEBUG] [FML]:   Adding Hwyla-1.8.26-B41_1.12.2.jar to the mod list
[11:18:23] [main/INFO] [FML]: Searching /Users/tristanpoland/Library/Application Support/gdlauncher_next/instances/TridentPack/mods/1.12.2 for mods
[11:18:23] [main/DEBUG] [FML]:   Adding OTG-Core.jar to the mod list
[11:18:23] [main/DEBUG] [FML]: Examining for coremod candidacy _MixinBootstrap-1.1.0.jar
[11:18:23] [main/INFO] [FML]: Loading tweaker org.spongepowered.asm.launch.MixinTweaker from _MixinBootstrap-1.1.0.jar
[11:18:23] [main/DEBUG] [FML]: Examining for coremod candidacy AdvancedRocketry-1.12.2-1.7.0-232-universal.jar
[11:18:23] [main/WARN] [FML]: Found FMLCorePluginContainsFMLMod marker in AdvancedRocketry-1.12.2-1.7.0-232-universal.jar. This is not recommended, @Mods should be in a separate jar from the coremod.
[11:18:23] [main/DEBUG] [FML]: Instantiating coremod class AdvancedRocketryPlugin
[11:18:23] [main/DEBUG] [FML]: The coremod zmaster587.advancedRocketry.asm.AdvancedRocketryPlugin requested minecraft version 1.12.2 and minecraft is 1.12.2. It will be loaded.
[11:18:23] [main/WARN] [FML]: The coremod AdvancedRocketryPlugin (zmaster587.advancedRocketry.asm.AdvancedRocketryPlugin) is not signed!
[11:18:23] [main/DEBUG] [FML]: Enqueued coremod AdvancedRocketryPlugin
[11:18:23] [main/DEBUG] [FML]: Examining for coremod candidacy appliedenergistics2-rv6-stable-7.jar
[11:18:23] [main/DEBUG] [FML]: Not found coremod data in appliedenergistics2-rv6-stable-7.jar
[11:18:23] [main/DEBUG] [FML]: Examining for coremod candidacy Baubles-1.12-1.5.2.jar
[11:18:23] [main/DEBUG] [FML]: Not found coremod data in Baubles-1.12-1.5.2.jar
[11:18:23] [main/DEBUG] [FML]: Examining for coremod candidacy BetterFps-1.4.8.jar
[11:18:23] [main/INFO] [FML]: Loading tweaker guichaguri.betterfps.tweaker.BetterFpsTweaker from BetterFps-1.4.8.jar
[11:18:23] [main/DEBUG] [FML]: Examining for coremod candidacy betterhud-1.12.2-1.4.4.jar
[11:18:23] [main/DEBUG] [FML]: Not found coremod data in betterhud-1.12.2-1.4.4.jar
[11:18:23] [main/DEBUG] [FML]: Examining for coremod candidacy bewitchment-1.12.2-0.0.22.64.jar
[11:18:23] [main/INFO] [FML]: Loading tweaker org.spongepowered.asm.launch.MixinTweaker from bewitchment-1.12.2-0.0.22.64.jar
[11:18:23] [main/DEBUG] [FML]: Examining for coremod candidacy BiomeColorizer-1.12.2-v1.0.2.jar
[11:18:23] [main/DEBUG] [FML]: Not found coremod data in BiomeColorizer-1.12.2-v1.0.2.jar
[11:18:23] [main/DEBUG] [FML]: Examining for coremod candidacy Chisel-MC1.12.2-1.0.2.45.jar
[11:18:23] [main/DEBUG] [FML]: Not found coremod data in Chisel-MC1.12.2-1.0.2.45.jar
[11:18:23] [main/DEBUG] [FML]: Examining for coremod candidacy Clumps-3.1.2.jar
[11:18:23] [main/DEBUG] [FML]: Not found coremod data in Clumps-3.1.2.jar
[11:18:23] [main/DEBUG] [FML]: Examining for coremod candidacy CodeChickenLib-1.12.2-3.2.3.358-universal.jar
[11:18:23] [main/DEBUG] [FML]: Not found coremod data in CodeChickenLib-1.12.2-3.2.3.358-universal.jar
[11:18:23] [main/DEBUG] [FML]: Examining for coremod candidacy CreativeCore_v1.10.63_mc1.12.2.jar
[11:18:23] [main/WARN] [FML]: Found FMLCorePluginContainsFMLMod marker in CreativeCore_v1.10.63_mc1.12.2.jar. This is not recommended, @Mods should be in a separate jar from the coremod.
[11:18:23] [main/DEBUG] [FML]: Instantiating coremod class CreativePatchingLoader
[11:18:23] [main/WARN] [FML]: The coremod com.creativemd.creativecore.core.CreativePatchingLoader does not have a MCVersion annotation, it may cause issues with this version of Minecraft
[11:18:23] [main/WARN] [FML]: The coremod CreativePatchingLoader (com.creativemd.creativecore.core.CreativePatchingLoader) is not signed!
[11:18:23] [main/DEBUG] [FML]: Enqueued coremod CreativePatchingLoader
[11:18:23] [main/DEBUG] [FML]: Examining for coremod candidacy CTM-MC1.12.2-1.0.2.31.jar
[11:18:23] [main/WARN] [FML]: Found FMLCorePluginContainsFMLMod marker in CTM-MC1.12.2-1.0.2.31.jar. This is not recommended, @Mods should be in a separate jar from the coremod.
[11:18:23] [main/DEBUG] [FML]: Instantiating coremod class CTMCorePlugin
[11:18:23] [main/WARN] [FML]: The coremod team.chisel.ctm.client.asm.CTMCorePlugin does not have a MCVersion annotation, it may cause issues with this version of Minecraft
[11:18:23] [main/WARN] [FML]: The coremod CTMCorePlugin (team.chisel.ctm.client.asm.CTMCorePlugin) is not signed!
[11:18:23] [main/DEBUG] [FML]: Enqueued coremod CTMCorePlugin
[11:18:23] [main/DEBUG] [FML]: Examining for coremod candidacy DynamicSurroundings-1.12.2-3.6.1.0.jar
[11:18:23] [main/INFO] [FML]: Loading tweaker org.spongepowered.asm.launch.MixinTweaker from DynamicSurroundings-1.12.2-3.6.1.0.jar
[11:18:23] [main/DEBUG] [FML]: Examining for coremod candidacy DynamicTrees-1.12.2-0.9.24.jar
[11:18:23] [main/DEBUG] [FML]: Not found coremod data in DynamicTrees-1.12.2-0.9.24.jar
[11:18:23] [main/DEBUG] [FML]: Examining for coremod candidacy dynamictreesTheTwilightForest-1.12.2-1.2.3.jar
[11:18:23] [main/DEBUG] [FML]: Not found coremod data in dynamictreesTheTwilightForest-1.12.2-1.2.3.jar
[11:18:23] [main/DEBUG] [FML]: Examining for coremod candidacy DynamicTreesTinkersConstruct-1.12.2-1.2.7.jar
[11:18:23] [main/DEBUG] [FML]: Not found coremod data in DynamicTreesTinkersConstruct-1.12.2-1.2.7.jar
[11:18:23] [main/DEBUG] [FML]: Examining for coremod candidacy ElectroblobsWizardry-4.3.4-MC1.12.2.jar
[11:18:23] [main/DEBUG] [FML]: Not found coremod data in ElectroblobsWizardry-4.3.4-MC1.12.2.jar
[11:18:23] [main/DEBUG] [FML]: Examining for coremod candidacy EnderCore-1.12.2-0.5.76.jar
[11:18:23] [main/DEBUG] [FML]: Not found coremod data in EnderCore-1.12.2-0.5.76.jar
[11:18:23] [main/DEBUG] [FML]: Examining for coremod candidacy EnderIO-1.12.2-5.3.70.jar
[11:18:23] [main/DEBUG] [FML]: Not found coremod data in EnderIO-1.12.2-5.3.70.jar
[11:18:23] [main/DEBUG] [FML]: Examining for coremod candidacy EnderStorage-1.12.2-2.4.6.137-universal.jar
[11:18:23] [main/DEBUG] [FML]: Not found coremod data in EnderStorage-1.12.2-2.4.6.137-universal.jar
[11:18:23] [main/DEBUG] [FML]: Examining for coremod candidacy ExtraSpells-1.12.2-1.2.0.jar
[11:18:23] [main/DEBUG] [FML]: Not found coremod data in ExtraSpells-1.12.2-1.2.0.jar
[11:18:23] [main/DEBUG] [FML]: Examining for coremod candidacy extrautils2-1.12-1.9.9.jar
[11:18:23] [main/DEBUG] [FML]: Not found coremod data in extrautils2-1.12-1.9.9.jar
[11:18:23] [main/DEBUG] [FML]: Examining for coremod candidacy ExtremeReactors-1.12.2-0.4.5.68.jar
[11:18:23] [main/DEBUG] [FML]: Not found coremod data in ExtremeReactors-1.12.2-0.4.5.68.jar
[11:18:23] [main/DEBUG] [FML]: Examining for coremod candidacy FancyBlockParticles-1.12.x-2.4.1.jar
[11:18:23] [main/DEBUG] [FML]: Not found coremod data in FancyBlockParticles-1.12.x-2.4.1.jar
[11:18:23] [main/DEBUG] [FML]: Examining for coremod candidacy fancymenu_2.2.2-1_MC_1.12-1.12.2.jar
[11:18:23] [main/INFO] [FML]: Loading tweaker org.spongepowered.asm.launch.MixinTweaker from fancymenu_2.2.2-1_MC_1.12-1.12.2.jar
[11:18:23] [main/DEBUG] [FML]: Examining for coremod candidacy foamfix-0.10.14-1.12.2.jar
[11:18:23] [main/WARN] [FML]: Found FMLCorePluginContainsFMLMod marker in foamfix-0.10.14-1.12.2.jar. This is not recommended, @Mods should be in a separate jar from the coremod.
[11:18:23] [main/DEBUG] [FML]: Instantiating coremod class FoamFixCore
[11:18:23] [main/TRACE] [FML]: coremod named Do not report to Forge! (If you haven't disabled the FoamFix coremod, try disabling it in the config! Note that this bit of text will still appear.) is loading
[11:18:23] [main/WARN] [FML]: The coremod pl.asie.foamfix.coremod.FoamFixCore does not have a MCVersion annotation, it may cause issues with this version of Minecraft
[11:18:23] [main/DEBUG] [FML]: Found signing certificates for coremod Do not report to Forge! (If you haven't disabled the FoamFix coremod, try disabling it in the config! Note that this bit of text will still appear.) (pl.asie.foamfix.coremod.FoamFixCore)
[11:18:23] [main/DEBUG] [FML]: Found certificate 3481f72e377b0a1989bd38e3f07cf4cf0b626475
[11:18:23] [main/DEBUG] [FML]: Added access transformer class pl.asie.foamfix.coremod.FoamFixAT to enqueued access transformers
[11:18:23] [main/DEBUG] [FML]: Enqueued coremod Do not report to Forge! (If you haven't disabled the FoamFix coremod, try disabling it in the config! Note that this bit of text will still appear.)
[11:18:23] [main/DEBUG] [FML]: Examining for coremod candidacy Hwyla-1.8.26-B41_1.12.2.jar
[11:18:23] [main/DEBUG] [FML]: Not found coremod data in Hwyla-1.8.26-B41_1.12.2.jar
[11:18:23] [main/DEBUG] [FML]: Examining for coremod candidacy Immersive Vehicles (IV) Seagull's military pack 1.7.4.jar
[11:18:23] [main/DEBUG] [FML]: Not found coremod data in Immersive Vehicles (IV) Seagull's military pack 1.7.4.jar
[11:18:23] [main/DEBUG] [FML]: Examining for coremod candidacy Immersive Vehicles-1.12.2-20.0.3.jar
[11:18:23] [main/DEBUG] [FML]: Not found coremod data in Immersive Vehicles-1.12.2-20.0.3.jar
[11:18:23] [main/DEBUG] [FML]: Examining for coremod candidacy ImmersiveCables-1.12.2-1.3.2.jar
[11:18:23] [main/DEBUG] [FML]: Not found coremod data in ImmersiveCables-1.12.2-1.3.2.jar
[11:18:23] [main/DEBUG] [FML]: Examining for coremod candidacy immersivepetroleum-1.12.2-1.1.10.jar
[11:18:23] [main/DEBUG] [FML]: Not found coremod data in immersivepetroleum-1.12.2-1.1.10.jar
[11:18:23] [main/DEBUG] [FML]: Examining for coremod candidacy ImmersivePosts-0.2.1.jar
[11:18:23] [main/DEBUG] [FML]: Not found coremod data in ImmersivePosts-0.2.1.jar
[11:18:23] [main/DEBUG] [FML]: Examining for coremod candidacy ironchest-1.12.2-7.0.72.847.jar
[11:18:23] [main/DEBUG] [FML]: Not found coremod data in ironchest-1.12.2-7.0.72.847.jar
[11:18:23] [main/DEBUG] [FML]: Examining for coremod candidacy IV_Trin_Part_Pack_2.18.0.jar
[11:18:23] [main/DEBUG] [FML]: Examining for coremod candidacy jei_1.12.2-4.16.1.301.jar
[11:18:23] [main/DEBUG] [FML]: Not found coremod data in jei_1.12.2-4.16.1.301.jar
[11:18:23] [main/DEBUG] [FML]: Examining for coremod candidacy konkrete_1.1.7_MC_1.12-1.12.2.jar
[11:18:23] [main/INFO] [FML]: Loading tweaker org.spongepowered.asm.launch.MixinTweaker from konkrete_1.1.7_MC_1.12-1.12.2.jar
[11:18:23] [main/DEBUG] [FML]: Examining for coremod candidacy LibVulpes-1.12.2-0.4.2-84-universal.jar
[11:18:23] [main/DEBUG] [FML]: Not found coremod data in LibVulpes-1.12.2-0.4.2-84-universal.jar
[11:18:23] [main/DEBUG] [FML]: Examining for coremod candidacy LittleTiles_v1.5.20_mc1.12.2.jar
[11:18:23] [main/WARN] [FML]: Found FMLCorePluginContainsFMLMod marker in LittleTiles_v1.5.20_mc1.12.2.jar. This is not recommended, @Mods should be in a separate jar from the coremod.
[11:18:23] [main/DEBUG] [FML]: Instantiating coremod class LittlePatchingLoader
[11:18:23] [main/WARN] [FML]: The coremod com.creativemd.littletiles.LittlePatchingLoader does not have a MCVersion annotation, it may cause issues with this version of Minecraft
[11:18:23] [main/WARN] [FML]: The coremod LittlePatchingLoader (com.creativemd.littletiles.LittlePatchingLoader) is not signed!
[11:18:23] [main/DEBUG] [FML]: Added access transformer class com.creativemd.littletiles.LittleTilesAfterTransformer to enqueued access transformers
[11:18:23] [main/DEBUG] [FML]: Enqueued coremod LittlePatchingLoader
[11:18:23] [main/DEBUG] [FML]: Examining for coremod candidacy malisiscore-1.12.2-6.5.1.jar
[11:18:23] [main/INFO] [FML]: Loading tweaker org.spongepowered.asm.launch.MixinTweaker from malisiscore-1.12.2-6.5.1.jar
[11:18:23] [main/DEBUG] [FML]: Examining for coremod candidacy malisisdoors-1.12.2-7.3.0.jar
[11:18:23] [main/DEBUG] [FML]: Not found coremod data in malisisdoors-1.12.2-7.3.0.jar
[11:18:23] [main/DEBUG] [FML]: Examining for coremod candidacy Mantle-1.12-1.3.3.55.jar
[11:18:23] [main/DEBUG] [FML]: Not found coremod data in Mantle-1.12-1.3.3.55.jar
[11:18:23] [main/DEBUG] [FML]: Examining for coremod candidacy MCTImmersiveTechnology-1.12.2-1.8.94.jar
[11:18:23] [main/DEBUG] [FML]: Not found coremod data in MCTImmersiveTechnology-1.12.2-1.8.94.jar
[11:18:23] [main/DEBUG] [FML]: Examining for coremod candidacy OpenComputers-MC1.12.2-1.7.5.192.jar
[11:18:23] [main/WARN] [FML]: Found FMLCorePluginContainsFMLMod marker in OpenComputers-MC1.12.2-1.7.5.192.jar. This is not recommended, @Mods should be in a separate jar from the coremod.
[11:18:23] [main/DEBUG] [FML]: Instantiating coremod class TransformerLoader
[11:18:23] [main/WARN] [FML]: The coremod li.cil.oc.common.launch.TransformerLoader does not have a MCVersion annotation, it may cause issues with this version of Minecraft
[11:18:23] [main/WARN] [FML]: The coremod TransformerLoader (li.cil.oc.common.launch.TransformerLoader) is not signed!
[11:18:23] [main/DEBUG] [FML]: Enqueued coremod TransformerLoader
[11:18:23] [main/DEBUG] [FML]: Examining for coremod candidacy OpenTerrainGenerator-1.12.2-v9.3.jar
[11:18:23] [main/DEBUG] [FML]: Not found coremod data in OpenTerrainGenerator-1.12.2-v9.3.jar
[11:18:23] [main/DEBUG] [FML]: Examining for coremod candidacy OTG-Core.jar
[11:18:23] [main/TRACE] [FML]: Adding OTG-Core.jar to the list of known coremods, it will not be examined again
[11:18:23] [main/DEBUG] [FML]: Instantiating coremod class OTGCorePlugin
[11:18:23] [main/DEBUG] [FML]: The coremod com.pg85.otg.forge.asm.excluded.launch.OTGCorePlugin requested minecraft version 1.12.2 and minecraft is 1.12.2. It will be loaded.
[11:18:23] [main/WARN] [FML]: The coremod OTGCorePlugin (com.pg85.otg.forge.asm.excluded.launch.OTGCorePlugin) is not signed!
[11:18:23] [main/DEBUG] [FML]: Enqueued coremod OTGCorePlugin
[11:18:23] [main/DEBUG] [FML]: Examining for coremod candidacy Patchouli-1.0-23.6.jar
[11:18:23] [main/DEBUG] [FML]: Not found coremod data in Patchouli-1.0-23.6.jar
[11:18:23] [main/DEBUG] [FML]: Examining for coremod candidacy TConstruct-1.12.2-2.13.0.183.jar
[11:18:23] [main/DEBUG] [FML]: Not found coremod data in TConstruct-1.12.2-2.13.0.183.jar
[11:18:23] [main/DEBUG] [FML]: Examining for coremod candidacy TFSpellPack-1.1.0-MC1.12.2.jar
[11:18:23] [main/DEBUG] [FML]: Not found coremod data in TFSpellPack-1.1.0-MC1.12.2.jar
[11:18:23] [main/DEBUG] [FML]: Examining for coremod candidacy tinkersoc-0.6.jar
[11:18:23] [main/DEBUG] [FML]: Not found coremod data in tinkersoc-0.6.jar
[11:18:23] [main/DEBUG] [FML]: Examining for coremod candidacy Traveler'sDream-Compact-1.12.2-v1.2.jar
[11:18:23] [main/DEBUG] [FML]: Not found coremod data in Traveler'sDream-Compact-1.12.2-v1.2.jar
[11:18:23] [main/DEBUG] [FML]: Examining for coremod candidacy twilightforest-1.12.2-3.11.1021-universal.jar
[11:18:23] [main/DEBUG] [FML]: Not found coremod data in twilightforest-1.12.2-3.11.1021-universal.jar
[11:18:23] [main/DEBUG] [FML]: Examining for coremod candidacy UndergroundBiomesConstructs-1.12-1.3.8.jar
[11:18:23] [main/DEBUG] [FML]: Not found coremod data in UndergroundBiomesConstructs-1.12-1.3.8.jar
[11:18:23] [main/DEBUG] [FML]: Examining for coremod candidacy UnlimitedChiselWorks-0.3.5.jar
[11:18:23] [main/DEBUG] [FML]: Not found coremod data in UnlimitedChiselWorks-0.3.5.jar
[11:18:23] [main/DEBUG] [FML]: Examining for coremod candidacy Wawla-1.12.2-2.6.275.jar
[11:18:23] [main/DEBUG] [FML]: Not found coremod data in Wawla-1.12.2-2.6.275.jar
[11:18:23] [main/DEBUG] [FML]: Examining for coremod candidacy Waystones_1.12.2-4.1.0.jar
[11:18:23] [main/DEBUG] [FML]: Not found coremod data in Waystones_1.12.2-4.1.0.jar
[11:18:23] [main/DEBUG] [FML]: Examining for coremod candidacy WorldEdit-CUI-FE3-1.12.2-3.0.9.jar
[11:18:23] [main/DEBUG] [FML]: Not found coremod data in WorldEdit-CUI-FE3-1.12.2-3.0.9.jar
[11:18:23] [main/DEBUG] [FML]: Examining for coremod candidacy worldedit-forge-mc1.12.2-6.1.10-dist.jar
[11:18:23] [main/DEBUG] [FML]: Not found coremod data in worldedit-forge-mc1.12.2-6.1.10-dist.jar
[11:18:23] [main/DEBUG] [FML]: Examining for coremod candidacy Xaeros_Minimap_21.15.0.1_Forge_1.12.jar
[11:18:23] [main/WARN] [FML]: Found FMLCorePluginContainsFMLMod marker in Xaeros_Minimap_21.15.0.1_Forge_1.12.jar. This is not recommended, @Mods should be in a separate jar from the coremod.
[11:18:23] [main/DEBUG] [FML]: Instantiating coremod class XaeroMinimapPlugin
[11:18:23] [main/DEBUG] [FML]: The coremod xaero.common.core.XaeroMinimapPlugin requested minecraft version 1.12.2 and minecraft is 1.12.2. It will be loaded.
[11:18:23] [main/WARN] [FML]: The coremod XaeroMinimapPlugin (xaero.common.core.XaeroMinimapPlugin) is not signed!
[11:18:23] [main/DEBUG] [FML]: Enqueued coremod XaeroMinimapPlugin
[11:18:23] [main/DEBUG] [FML]: Examining for coremod candidacy zerocore-1.12.2-0.1.2.9.jar
[11:18:23] [main/DEBUG] [FML]: Not found coremod data in zerocore-1.12.2-0.1.2.9.jar
[11:18:23] [main/DEBUG] [FML]: Examining for coremod candidacy EnderCore-1.12.2-0.5.76-core.jar
[11:18:23] [main/TRACE] [FML]: Adding EnderCore-1.12.2-0.5.76-core.jar to the list of known coremods, it will not be examined again
[11:18:23] [main/DEBUG] [FML]: Instantiating coremod class EnderCorePlugin
[11:18:23] [main/DEBUG] [FML]: The coremod com.enderio.core.common.transform.EnderCorePlugin requested minecraft version 1.12.2 and minecraft is 1.12.2. It will be loaded.
[11:18:23] [main/DEBUG] [FML]: Found signing certificates for coremod EnderCorePlugin (com.enderio.core.common.transform.EnderCorePlugin)
[11:18:23] [main/DEBUG] [FML]: Found certificate c8f54f454b230ae874e2620721fc1ee76c4b0f6b
[11:18:23] [main/DEBUG] [FML]: Enqueued coremod EnderCorePlugin
[11:18:23] [main/DEBUG] [FML]: Examining for coremod candidacy OreLib-1.12.2-3.6.0.1.jar
[11:18:23] [main/DEBUG] [FML]: Not found coremod data in OreLib-1.12.2-3.6.0.1.jar
[11:18:23] [main/DEBUG] [FML]: Examining for coremod candidacy ImmersiveEngineering-core-0.12-98.jar
[11:18:23] [main/TRACE] [FML]: Adding ImmersiveEngineering-core-0.12-98.jar to the list of known coremods, it will not be examined again
[11:18:23] [main/DEBUG] [FML]: Instantiating coremod class IELoadingPlugin
[11:18:23] [main/WARN] [FML]: The coremod blusunrize.immersiveengineering.common.asm.IELoadingPlugin does not have a MCVersion annotation, it may cause issues with this version of Minecraft
[11:18:23] [main/WARN] [FML]: The coremod IELoadingPlugin (blusunrize.immersiveengineering.common.asm.IELoadingPlugin) is not signed!
[11:18:23] [main/DEBUG] [FML]: Enqueued coremod IELoadingPlugin
[11:18:23] [main/DEBUG] [FML]: Examining for coremod candidacy ImmersiveEngineering-0.12-98.jar
[11:18:23] [main/DEBUG] [FML]: Not found coremod data in ImmersiveEngineering-0.12-98.jar
[11:18:23] [main/DEBUG] [FML]: Examining for coremod candidacy AutoSave-1.12.2-1.0.11.jar
[11:18:23] [main/DEBUG] [FML]: Not found coremod data in AutoSave-1.12.2-1.0.11.jar
[11:18:23] [main/DEBUG] [FML]: Examining for coremod candidacy AutoConfig-1.12.2-1.0.2.jar
[11:18:23] [main/DEBUG] [FML]: Not found coremod data in AutoConfig-1.12.2-1.0.2.jar
[11:18:23] [main/INFO] [LaunchWrapper]: Loading tweak class name net.minecraftforge.fml.common.launcher.FMLInjectionAndSortingTweaker
[11:18:23] [main/INFO] [LaunchWrapper]: Loading tweak class name org.spongepowered.asm.launch.MixinTweaker
[11:18:23] [main/DEBUG] [mixin]: Mixin bootstrap service org.spongepowered.asm.service.modlauncher.MixinServiceModLauncherBootstrap is not available: ModLauncher is not available
[11:18:23] [main/DEBUG] [mixin]: MixinService [LaunchWrapper] was successfully booted in sun.misc.Launcher$AppClassLoader@3d4eac69
[11:18:23] [main/INFO] [mixin]: SpongePowered MIXIN Subsystem Version=0.8.4 Source=file:/Users/tristanpoland/Library/Application%20Support/gdlauncher_next/instances/TridentPack/mods/_MixinBootstrap-1.1.0.jar Service=LaunchWrapper Env=CLIENT
[11:18:23] [main/DEBUG] [mixin]: Error cleaning class output directory: .mixin.out
[11:18:23] [main/DEBUG] [mixin]: Adding new mixin transformer proxy #1
[11:18:23] [main/DEBUG] [mixin]: Initialising Mixin Platform Manager
[11:18:23] [main/DEBUG] [mixin]: Adding mixin platform agents for container ContainerHandleURI(file:/Users/tristanpoland/Library/Application%20Support/gdlauncher_next/instances/TridentPack/mods/_MixinBootstrap-1.1.0.jar)
[11:18:23] [main/DEBUG] [mixin]: Instancing new MixinPlatformAgentFMLLegacy for ContainerHandleURI(file:/Users/tristanpoland/Library/Application%20Support/gdlauncher_next/instances/TridentPack/mods/_MixinBootstrap-1.1.0.jar)
[11:18:23] [main/DEBUG] [mixin]: MixinPlatformAgentFMLLegacy rejected container ContainerHandleURI(file:/Users/tristanpoland/Library/Application%20Support/gdlauncher_next/instances/TridentPack/mods/_MixinBootstrap-1.1.0.jar)
[11:18:23] [main/DEBUG] [mixin]: Instancing new MixinPlatformAgentLiteLoaderLegacy for ContainerHandleURI(file:/Users/tristanpoland/Library/Application%20Support/gdlauncher_next/instances/TridentPack/mods/_MixinBootstrap-1.1.0.jar)
[11:18:23] [main/DEBUG] [mixin]: MixinPlatformAgentLiteLoaderLegacy rejected container ContainerHandleURI(file:/Users/tristanpoland/Library/Application%20Support/gdlauncher_next/instances/TridentPack/mods/_MixinBootstrap-1.1.0.jar)
[11:18:23] [main/DEBUG] [mixin]: Instancing new MixinPlatformAgentDefault for ContainerHandleURI(file:/Users/tristanpoland/Library/Application%20Support/gdlauncher_next/instances/TridentPack/mods/_MixinBootstrap-1.1.0.jar)
[11:18:23] [main/DEBUG] [mixin]: MixinPlatformAgentDefault accepted container ContainerHandleURI(file:/Users/tristanpoland/Library/Application%20Support/gdlauncher_next/instances/TridentPack/mods/_MixinBootstrap-1.1.0.jar)
[11:18:23] [main/DEBUG] [org.spongepowered.asm.service.mojang.MixinServiceLaunchWrapper]: Scanning file:/Users/tristanpoland/Library/Application%20Support/gdlauncher_next/datastore/libraries/net/minecraftforge/forge/1.12.2-14.23.5.2855/forge-1.12.2-14.23.5.2855.jar for mixin tweaker
[11:18:23] [main/DEBUG] [org.spongepowered.asm.service.mojang.MixinServiceLaunchWrapper]: Scanning file:/Users/tristanpoland/Library/Application%20Support/gdlauncher_next/datastore/libraries/org/ow2/asm/asm-debug-all/5.2/asm-debug-all-5.2.jar for mixin tweaker
[11:18:23] [main/DEBUG] [org.spongepowered.asm.service.mojang.MixinServiceLaunchWrapper]: Scanning file:/Users/tristanpoland/Library/Application%20Support/gdlauncher_next/datastore/libraries/net/minecraft/launchwrapper/1.12/launchwrapper-1.12.jar for mixin tweaker
[11:18:23] [main/DEBUG] [org.spongepowered.asm.service.mojang.MixinServiceLaunchWrapper]: Scanning file:/Users/tristanpoland/Library/Application%20Support/gdlauncher_next/datastore/libraries/org/jline/jline/3.5.1/jline-3.5.1.jar for mixin tweaker
[11:18:23] [main/DEBUG] [org.spongepowered.asm.service.mojang.MixinServiceLaunchWrapper]: Scanning file:/Users/tristanpoland/Library/Application%20Support/gdlauncher_next/datastore/libraries/com/typesafe/akka/akka-actor_2.11/2.3.3/akka-actor_2.11-2.3.3.jar for mixin tweaker
[11:18:23] [main/DEBUG] [org.spongepowered.asm.service.mojang.MixinServiceLaunchWrapper]: Scanning file:/Users/tristanpoland/Library/Application%20Support/gdlauncher_next/datastore/libraries/com/typesafe/config/1.2.1/config-1.2.1.jar for mixin tweaker
[11:18:23] [main/DEBUG] [org.spongepowered.asm.service.mojang.MixinServiceLaunchWrapper]: Scanning file:/Users/tristanpoland/Library/Application%20Support/gdlauncher_next/datastore/libraries/org/scala-lang/scala-actors-migration_2.11/1.1.0/scala-actors-migration_2.11-1.1.0.jar for mixin tweaker
[11:18:23] [main/DEBUG] [org.spongepowered.asm.service.mojang.MixinServiceLaunchWrapper]: Scanning file:/Users/tristanpoland/Library/Application%20Support/gdlauncher_next/datastore/libraries/org/scala-lang/scala-compiler/2.11.1/scala-compiler-2.11.1.jar for mixin tweaker
[11:18:23] [main/DEBUG] [org.spongepowered.asm.service.mojang.MixinServiceLaunchWrapper]: Scanning file:/Users/tristanpoland/Library/Application%20Support/gdlauncher_next/datastore/libraries/org/scala-lang/plugins/scala-continuations-library_2.11/1.0.2_mc/scala-continuations-library_2.11-1.0.2_mc.jar for mixin tweaker
[11:18:23] [main/DEBUG] [org.spongepowered.asm.service.mojang.MixinServiceLaunchWrapper]: Scanning file:/Users/tristanpoland/Library/Application%20Support/gdlauncher_next/datastore/libraries/org/scala-lang/plugins/scala-continuations-plugin_2.11.1/1.0.2_mc/scala-continuations-plugin_2.11.1-1.0.2_mc.jar for mixin tweaker
[11:18:23] [main/DEBUG] [org.spongepowered.asm.service.mojang.MixinServiceLaunchWrapper]: Scanning file:/Users/tristanpoland/Library/Application%20Support/gdlauncher_next/datastore/libraries/org/scala-lang/scala-library/2.11.1/scala-library-2.11.1.jar for mixin tweaker
[11:18:23] [main/DEBUG] [org.spongepowered.asm.service.mojang.MixinServiceLaunchWrapper]: Scanning file:/Users/tristanpoland/Library/Application%20Support/gdlauncher_next/datastore/libraries/org/scala-lang/scala-parser-combinators_2.11/1.0.1/scala-parser-combinators_2.11-1.0.1.jar for mixin tweaker
[11:18:23] [main/DEBUG] [org.spongepowered.asm.service.mojang.MixinServiceLaunchWrapper]: Scanning file:/Users/tristanpoland/Library/Application%20Support/gdlauncher_next/datastore/libraries/org/scala-lang/scala-reflect/2.11.1/scala-reflect-2.11.1.jar for mixin tweaker
[11:18:23] [main/DEBUG] [org.spongepowered.asm.service.mojang.MixinServiceLaunchWrapper]: Scanning file:/Users/tristanpoland/Library/Application%20Support/gdlauncher_next/datastore/libraries/org/scala-lang/scala-swing_2.11/1.0.1/scala-swing_2.11-1.0.1.jar for mixin tweaker
[11:18:23] [main/DEBUG] [org.spongepowered.asm.service.mojang.MixinServiceLaunchWrapper]: Scanning file:/Users/tristanpoland/Library/Application%20Support/gdlauncher_next/datastore/libraries/org/scala-lang/scala-xml_2.11/1.0.2/scala-xml_2.11-1.0.2.jar for mixin tweaker
[11:18:23] [main/DEBUG] [org.spongepowered.asm.service.mojang.MixinServiceLaunchWrapper]: Scanning file:/Users/tristanpoland/Library/Application%20Support/gdlauncher_next/datastore/libraries/lzma/lzma/0.0.1/lzma-0.0.1.jar for mixin tweaker
[11:18:23] [main/DEBUG] [org.spongepowered.asm.service.mojang.MixinServiceLaunchWrapper]: Scanning file:/Users/tristanpoland/Library/Application%20Support/gdlauncher_next/datastore/libraries/java3d/vecmath/1.5.2/vecmath-1.5.2.jar for mixin tweaker
[11:18:23] [main/DEBUG] [org.spongepowered.asm.service.mojang.MixinServiceLaunchWrapper]: Scanning file:/Users/tristanpoland/Library/Application%20Support/gdlauncher_next/datastore/libraries/net/sf/trove4j/trove4j/3.0.3/trove4j-3.0.3.jar for mixin tweaker
[11:18:23] [main/DEBUG] [org.spongepowered.asm.service.mojang.MixinServiceLaunchWrapper]: Scanning file:/Users/tristanpoland/Library/Application%20Support/gdlauncher_next/datastore/libraries/org/apache/maven/maven-artifact/3.5.3/maven-artifact-3.5.3.jar for mixin tweaker
[11:18:23] [main/DEBUG] [org.spongepowered.asm.service.mojang.MixinServiceLaunchWrapper]: Scanning file:/Users/tristanpoland/Library/Application%20Support/gdlauncher_next/datastore/libraries/net/sf/jopt-simple/jopt-simple/5.0.3/jopt-simple-5.0.3.jar for mixin tweaker
[11:18:23] [main/DEBUG] [org.spongepowered.asm.service.mojang.MixinServiceLaunchWrapper]: Scanning file:/Users/tristanpoland/Library/Application%20Support/gdlauncher_next/datastore/libraries/com/mojang/patchy/1.1/patchy-1.1.jar for mixin tweaker
[11:18:23] [main/DEBUG] [org.spongepowered.asm.service.mojang.MixinServiceLaunchWrapper]: Scanning file:/Users/tristanpoland/Library/Application%20Support/gdlauncher_next/datastore/libraries/oshi-project/oshi-core/1.1/oshi-core-1.1.jar for mixin tweaker
[11:18:23] [main/DEBUG] [org.spongepowered.asm.service.mojang.MixinServiceLaunchWrapper]: Scanning file:/Users/tristanpoland/Library/Application%20Support/gdlauncher_next/datastore/libraries/net/java/dev/jna/jna/4.4.0/jna-4.4.0.jar for mixin tweaker
[11:18:23] [main/DEBUG] [org.spongepowered.asm.service.mojang.MixinServiceLaunchWrapper]: Scanning file:/Users/tristanpoland/Library/Application%20Support/gdlauncher_next/datastore/libraries/net/java/dev/jna/platform/3.4.0/platform-3.4.0.jar for mixin tweaker
[11:18:23] [main/DEBUG] [org.spongepowered.asm.service.mojang.MixinServiceLaunchWrapper]: Scanning file:/Users/tristanpoland/Library/Application%20Support/gdlauncher_next/datastore/libraries/com/ibm/icu/icu4j-core-mojang/51.2/icu4j-core-mojang-51.2.jar for mixin tweaker
[11:18:23] [main/DEBUG] [org.spongepowered.asm.service.mojang.MixinServiceLaunchWrapper]: Scanning file:/Users/tristanpoland/Library/Application%20Support/gdlauncher_next/datastore/libraries/com/paulscode/codecjorbis/20101023/codecjorbis-20101023.jar for mixin tweaker
[11:18:23] [main/DEBUG] [org.spongepowered.asm.service.mojang.MixinServiceLaunchWrapper]: Scanning file:/Users/tristanpoland/Library/Application%20Support/gdlauncher_next/datastore/libraries/com/paulscode/codecwav/20101023/codecwav-20101023.jar for mixin tweaker
[11:18:23] [main/DEBUG] [org.spongepowered.asm.service.mojang.MixinServiceLaunchWrapper]: Scanning file:/Users/tristanpoland/Library/Application%20Support/gdlauncher_next/datastore/libraries/com/paulscode/libraryjavasound/20101123/libraryjavasound-20101123.jar for mixin tweaker
[11:18:23] [main/DEBUG] [org.spongepowered.asm.service.mojang.MixinServiceLaunchWrapper]: Scanning file:/Users/tristanpoland/Library/Application%20Support/gdlauncher_next/datastore/libraries/com/paulscode/librarylwjglopenal/20100824/librarylwjglopenal-20100824.jar for mixin tweaker
[11:18:23] [main/DEBUG] [org.spongepowered.asm.service.mojang.MixinServiceLaunchWrapper]: Scanning file:/Users/tristanpoland/Library/Application%20Support/gdlauncher_next/datastore/libraries/com/paulscode/soundsystem/20120107/soundsystem-20120107.jar for mixin tweaker
[11:18:23] [main/DEBUG] [org.spongepowered.asm.service.mojang.MixinServiceLaunchWrapper]: Scanning file:/Users/tristanpoland/Library/Application%20Support/gdlauncher_next/datastore/libraries/io/netty/netty-all/4.1.9.Final/netty-all-4.1.9.Final.jar for mixin tweaker
[11:18:23] [main/DEBUG] [org.spongepowered.asm.service.mojang.MixinServiceLaunchWrapper]: Scanning file:/Users/tristanpoland/Library/Application%20Support/gdlauncher_next/datastore/libraries/com/google/guava/guava/21.0/guava-21.0.jar for mixin tweaker
[11:18:23] [main/DEBUG] [org.spongepowered.asm.service.mojang.MixinServiceLaunchWrapper]: Scanning file:/Users/tristanpoland/Library/Application%20Support/gdlauncher_next/datastore/libraries/org/apache/commons/commons-lang3/3.5/commons-lang3-3.5.jar for mixin tweaker
[11:18:23] [main/DEBUG] [org.spongepowered.asm.service.mojang.MixinServiceLaunchWrapper]: Scanning file:/Users/tristanpoland/Library/Application%20Support/gdlauncher_next/datastore/libraries/commons-io/commons-io/2.5/commons-io-2.5.jar for mixin tweaker
[11:18:23] [main/DEBUG] [org.spongepowered.asm.service.mojang.MixinServiceLaunchWrapper]: Scanning file:/Users/tristanpoland/Library/Application%20Support/gdlauncher_next/datastore/libraries/commons-codec/commons-codec/1.10/commons-codec-1.10.jar for mixin tweaker
[11:18:23] [main/DEBUG] [org.spongepowered.asm.service.mojang.MixinServiceLaunchWrapper]: Scanning file:/Users/tristanpoland/Library/Application%20Support/gdlauncher_next/datastore/libraries/net/java/jinput/jinput/2.0.5/jinput-2.0.5.jar for mixin tweaker
[11:18:23] [main/DEBUG] [org.spongepowered.asm.service.mojang.MixinServiceLaunchWrapper]: Scanning file:/Users/tristanpoland/Library/Application%20Support/gdlauncher_next/datastore/libraries/net/java/jutils/jutils/1.0.0/jutils-1.0.0.jar for mixin tweaker
[11:18:23] [main/DEBUG] [org.spongepowered.asm.service.mojang.MixinServiceLaunchWrapper]: Scanning file:/Users/tristanpoland/Library/Application%20Support/gdlauncher_next/datastore/libraries/com/google/code/gson/gson/2.8.0/gson-2.8.0.jar for mixin tweaker
[11:18:23] [main/DEBUG] [org.spongepowered.asm.service.mojang.MixinServiceLaunchWrapper]: Scanning file:/Users/tristanpoland/Library/Application%20Support/gdlauncher_next/datastore/libraries/com/mojang/authlib/1.5.25/authlib-1.5.25.jar for mixin tweaker
[11:18:23] [main/DEBUG] [org.spongepowered.asm.service.mojang.MixinServiceLaunchWrapper]: Scanning file:/Users/tristanpoland/Library/Application%20Support/gdlauncher_next/datastore/libraries/com/mojang/realms/1.10.22/realms-1.10.22.jar for mixin tweaker
[11:18:23] [main/DEBUG] [org.spongepowered.asm.service.mojang.MixinServiceLaunchWrapper]: Scanning file:/Users/tristanpoland/Library/Application%20Support/gdlauncher_next/datastore/libraries/org/apache/commons/commons-compress/1.8.1/commons-compress-1.8.1.jar for mixin tweaker
[11:18:23] [main/DEBUG] [org.spongepowered.asm.service.mojang.MixinServiceLaunchWrapper]: Scanning file:/Users/tristanpoland/Library/Application%20Support/gdlauncher_next/datastore/libraries/org/apache/httpcomponents/httpclient/4.3.3/httpclient-4.3.3.jar for mixin tweaker
[11:18:23] [main/DEBUG] [org.spongepowered.asm.service.mojang.MixinServiceLaunchWrapper]: Scanning file:/Users/tristanpoland/Library/Application%20Support/gdlauncher_next/datastore/libraries/commons-logging/commons-logging/1.1.3/commons-logging-1.1.3.jar for mixin tweaker
[11:18:23] [main/DEBUG] [org.spongepowered.asm.service.mojang.MixinServiceLaunchWrapper]: Scanning file:/Users/tristanpoland/Library/Application%20Support/gdlauncher_next/datastore/libraries/org/apache/httpcomponents/httpcore/4.3.2/httpcore-4.3.2.jar for mixin tweaker
[11:18:23] [main/DEBUG] [org.spongepowered.asm.service.mojang.MixinServiceLaunchWrapper]: Scanning file:/Users/tristanpoland/Library/Application%20Support/gdlauncher_next/datastore/libraries/it/unimi/dsi/fastutil/7.1.0/fastutil-7.1.0.jar for mixin tweaker
[11:18:23] [main/DEBUG] [org.spongepowered.asm.service.mojang.MixinServiceLaunchWrapper]: Scanning file:/Users/tristanpoland/Library/Application%20Support/gdlauncher_next/datastore/libraries/org/apache/logging/log4j/log4j-api/2.8.1/log4j-api-2.8.1.jar for mixin tweaker
[11:18:23] [main/DEBUG] [org.spongepowered.asm.service.mojang.MixinServiceLaunchWrapper]: Scanning file:/Users/tristanpoland/Library/Application%20Support/gdlauncher_next/datastore/libraries/org/apache/logging/log4j/log4j-core/2.8.1/log4j-core-2.8.1.jar for mixin tweaker
[11:18:23] [main/DEBUG] [org.spongepowered.asm.service.mojang.MixinServiceLaunchWrapper]: Scanning file:/Users/tristanpoland/Library/Application%20Support/gdlauncher_next/datastore/libraries/org/lwjgl/lwjgl/lwjgl/2.9.2-nightly-20140822/lwjgl-2.9.2-nightly-20140822.jar for mixin tweaker
[11:18:23] [main/DEBUG] [org.spongepowered.asm.service.mojang.MixinServiceLaunchWrapper]: Scanning file:/Users/tristanpoland/Library/Application%20Support/gdlauncher_next/datastore/libraries/org/lwjgl/lwjgl/lwjgl_util/2.9.2-nightly-20140822/lwjgl_util-2.9.2-nightly-20140822.jar for mixin tweaker
[11:18:23] [main/DEBUG] [org.spongepowered.asm.service.mojang.MixinServiceLaunchWrapper]: Scanning file:/Users/tristanpoland/Library/Application%20Support/gdlauncher_next/datastore/libraries/com/mojang/text2speech/1.10.3/text2speech-1.10.3.jar for mixin tweaker
[11:18:23] [main/DEBUG] [org.spongepowered.asm.service.mojang.MixinServiceLaunchWrapper]: Scanning file:/Users/tristanpoland/Library/Application%20Support/gdlauncher_next/datastore/libraries/ca/weblite/java-objc-bridge/1.0.0/java-objc-bridge-1.0.0.jar for mixin tweaker
[11:18:23] [main/DEBUG] [org.spongepowered.asm.service.mojang.MixinServiceLaunchWrapper]: Scanning file:/Users/tristanpoland/Library/Application%20Support/gdlauncher_next/datastore/libraries/net/minecraft/1.12.2.jar for mixin tweaker
[11:18:23] [main/DEBUG] [org.spongepowered.asm.service.mojang.MixinServiceLaunchWrapper]: Scanning file:/Users/tristanpoland/Library/Application%20Support/gdlauncher_next/instances/TridentPack/mods/_MixinBootstrap-1.1.0.jar for mixin tweaker
[11:18:23] [main/DEBUG] [org.spongepowered.asm.service.mojang.MixinServiceLaunchWrapper]: Scanning file:/Users/tristanpoland/Library/Application%20Support/gdlauncher_next/instances/TridentPack/mods/AdvancedRocketry-1.12.2-1.7.0-232-universal.jar for mixin tweaker
[11:18:23] [main/DEBUG] [org.spongepowered.asm.service.mojang.MixinServiceLaunchWrapper]: Scanning file:/Users/tristanpoland/Library/Application%20Support/gdlauncher_next/instances/TridentPack/mods/BetterFps-1.4.8.jar for mixin tweaker
[11:18:23] [main/DEBUG] [org.spongepowered.asm.service.mojang.MixinServiceLaunchWrapper]: Scanning file:/Users/tristanpoland/Library/Application%20Support/gdlauncher_next/instances/TridentPack/mods/bewitchment-1.12.2-0.0.22.64.jar for mixin tweaker
[11:18:23] [main/DEBUG] [org.spongepowered.asm.service.mojang.MixinServiceLaunchWrapper]: Scanning file:/Users/tristanpoland/Library/Application%20Support/gdlauncher_next/instances/TridentPack/mods/CreativeCore_v1.10.63_mc1.12.2.jar for mixin tweaker
[11:18:23] [main/DEBUG] [org.spongepowered.asm.service.mojang.MixinServiceLaunchWrapper]: Scanning file:/Users/tristanpoland/Library/Application%20Support/gdlauncher_next/instances/TridentPack/mods/CTM-MC1.12.2-1.0.2.31.jar for mixin tweaker
[11:18:23] [main/DEBUG] [org.spongepowered.asm.service.mojang.MixinServiceLaunchWrapper]: Scanning file:/Users/tristanpoland/Library/Application%20Support/gdlauncher_next/instances/TridentPack/mods/DynamicSurroundings-1.12.2-3.6.1.0.jar for mixin tweaker
[11:18:23] [main/DEBUG] [org.spongepowered.asm.service.mojang.MixinServiceLaunchWrapper]: Scanning file:/Users/tristanpoland/Library/Application%20Support/gdlauncher_next/instances/TridentPack/mods/fancymenu_2.2.2-1_MC_1.12-1.12.2.jar for mixin tweaker
[11:18:23] [main/DEBUG] [org.spongepowered.asm.service.mojang.MixinServiceLaunchWrapper]: Scanning file:/Users/tristanpoland/Library/Application%20Support/gdlauncher_next/instances/TridentPack/mods/foamfix-0.10.14-1.12.2.jar for mixin tweaker
[11:18:23] [main/DEBUG] [org.spongepowered.asm.service.mojang.MixinServiceLaunchWrapper]: Scanning file:/Users/tristanpoland/Library/Application%20Support/gdlauncher_next/instances/TridentPack/mods/konkrete_1.1.7_MC_1.12-1.12.2.jar for mixin tweaker
[11:18:23] [main/DEBUG] [org.spongepowered.asm.service.mojang.MixinServiceLaunchWrapper]: Scanning file:/Users/tristanpoland/Library/Application%20Support/gdlauncher_next/instances/TridentPack/mods/LittleTiles_v1.5.20_mc1.12.2.jar for mixin tweaker
[11:18:23] [main/DEBUG] [org.spongepowered.asm.service.mojang.MixinServiceLaunchWrapper]: Scanning file:/Users/tristanpoland/Library/Application%20Support/gdlauncher_next/instances/TridentPack/mods/malisiscore-1.12.2-6.5.1.jar for mixin tweaker
[11:18:23] [main/DEBUG] [org.spongepowered.asm.service.mojang.MixinServiceLaunchWrapper]: Scanning file:/Users/tristanpoland/Library/Application%20Support/gdlauncher_next/instances/TridentPack/mods/OpenComputers-MC1.12.2-1.7.5.192.jar for mixin tweaker
[11:18:23] [main/DEBUG] [org.spongepowered.asm.service.mojang.MixinServiceLaunchWrapper]: Scanning file:/Users/tristanpoland/Library/Application%20Support/gdlauncher_next/instances/TridentPack/mods/1.12.2/OTG-Core.jar for mixin tweaker
[11:18:23] [main/DEBUG] [org.spongepowered.asm.service.mojang.MixinServiceLaunchWrapper]: Scanning file:/Users/tristanpoland/Library/Application%20Support/gdlauncher_next/instances/TridentPack/mods/Xaeros_Minimap_21.15.0.1_Forge_1.12.jar for mixin tweaker
[11:18:23] [main/DEBUG] [org.spongepowered.asm.service.mojang.MixinServiceLaunchWrapper]: Scanning file:/Users/tristanpoland/Library/Application%20Support/gdlauncher_next/instances/TridentPack/mods/memory_repo/com/enderio/core/EnderCore/1.12.2-0.5.76/EnderCore-1.12.2-0.5.76-core.jar for mixin tweaker
[11:18:23] [main/DEBUG] [org.spongepowered.asm.service.mojang.MixinServiceLaunchWrapper]: Scanning file:/Users/tristanpoland/Library/Application%20Support/gdlauncher_next/instances/TridentPack/mods/memory_repo/blusunrize/ImmersiveEngineering-core/0.12-98/ImmersiveEngineering-core-0.12-98.jar for mixin tweaker
[11:18:23] [main/DEBUG] [mixin]: Adding agents for Mixin Container ContainerHandleURI(file:/Users/tristanpoland/Library/Application%20Support/gdlauncher_next/instances/TridentPack/mods/_MixinBootstrap-1.1.0.jar)
[11:18:23] [main/DEBUG] [mixin]: Adding agents for Mixin Container ContainerHandleURI(file:/Users/tristanpoland/Library/Application%20Support/gdlauncher_next/instances/TridentPack/mods/bewitchment-1.12.2-0.0.22.64.jar)
[11:18:23] [main/DEBUG] [mixin]: Adding mixin platform agents for container ContainerHandleURI(file:/Users/tristanpoland/Library/Application%20Support/gdlauncher_next/instances/TridentPack/mods/bewitchment-1.12.2-0.0.22.64.jar)
[11:18:23] [main/DEBUG] [mixin]: Instancing new MixinPlatformAgentFMLLegacy for ContainerHandleURI(file:/Users/tristanpoland/Library/Application%20Support/gdlauncher_next/instances/TridentPack/mods/bewitchment-1.12.2-0.0.22.64.jar)
[11:18:23] [main/DEBUG] [mixin]: ForceLoadAsMod was specified for bewitchment-1.12.2-0.0.22.64.jar, attempting force-load
[11:18:23] [main/DEBUG] [mixin]: Adding bewitchment-1.12.2-0.0.22.64.jar to reparseable coremod collection
[11:18:23] [main/DEBUG] [mixin]: bewitchment-1.12.2-0.0.22.64.jar has core plugin com.bewitchment.core.BewitchmentFMLLoadingPlugin. Injecting it into FML for co-initialisation:
[11:18:23] [main/DEBUG] [FML]: Instantiating coremod class BewitchmentFMLLoadingPlugin
[11:18:23] [main/DEBUG] [FML]: The coremod com.bewitchment.core.BewitchmentFMLLoadingPlugin requested minecraft version 1.12.2 and minecraft is 1.12.2. It will be loaded.
[11:18:23] [main/WARN] [FML]: The coremod BewitchmentFMLLoadingPlugin (com.bewitchment.core.BewitchmentFMLLoadingPlugin) is not signed!
[11:18:23] [main/DEBUG] [FML]: Enqueued coremod BewitchmentFMLLoadingPlugin
[11:18:23] [main/DEBUG] [mixin]: MixinPlatformAgentFMLLegacy accepted container ContainerHandleURI(file:/Users/tristanpoland/Library/Application%20Support/gdlauncher_next/instances/TridentPack/mods/bewitchment-1.12.2-0.0.22.64.jar)
[11:18:23] [main/DEBUG] [mixin]: Instancing new MixinPlatformAgentLiteLoaderLegacy for ContainerHandleURI(file:/Users/tristanpoland/Library/Application%20Support/gdlauncher_next/instances/TridentPack/mods/bewitchment-1.12.2-0.0.22.64.jar)
[11:18:23] [main/DEBUG] [mixin]: MixinPlatformAgentLiteLoaderLegacy rejected container ContainerHandleURI(file:/Users/tristanpoland/Library/Application%20Support/gdlauncher_next/instances/TridentPack/mods/bewitchment-1.12.2-0.0.22.64.jar)
[11:18:23] [main/DEBUG] [mixin]: Instancing new MixinPlatformAgentDefault for ContainerHandleURI(file:/Users/tristanpoland/Library/Application%20Support/gdlauncher_next/instances/TridentPack/mods/bewitchment-1.12.2-0.0.22.64.jar)
[11:18:23] [main/DEBUG] [mixin]: MixinPlatformAgentDefault accepted container ContainerHandleURI(file:/Users/tristanpoland/Library/Application%20Support/gdlauncher_next/instances/TridentPack/mods/bewitchment-1.12.2-0.0.22.64.jar)
[11:18:23] [main/DEBUG] [mixin]: Adding agents for Mixin Container ContainerHandleURI(file:/Users/tristanpoland/Library/Application%20Support/gdlauncher_next/instances/TridentPack/mods/DynamicSurroundings-1.12.2-3.6.1.0.jar)
[11:18:23] [main/DEBUG] [mixin]: Adding mixin platform agents for container ContainerHandleURI(file:/Users/tristanpoland/Library/Application%20Support/gdlauncher_next/instances/TridentPack/mods/DynamicSurroundings-1.12.2-3.6.1.0.jar)
[11:18:23] [main/DEBUG] [mixin]: Instancing new MixinPlatformAgentFMLLegacy for ContainerHandleURI(file:/Users/tristanpoland/Library/Application%20Support/gdlauncher_next/instances/TridentPack/mods/DynamicSurroundings-1.12.2-3.6.1.0.jar)
[11:18:23] [main/DEBUG] [mixin]: ForceLoadAsMod was specified for DynamicSurroundings-1.12.2-3.6.1.0.jar, attempting force-load
[11:18:23] [main/DEBUG] [mixin]: Adding DynamicSurroundings-1.12.2-3.6.1.0.jar to reparseable coremod collection
[11:18:23] [main/DEBUG] [mixin]: DynamicSurroundings-1.12.2-3.6.1.0.jar has core plugin org.orecruncher.dsurround.mixins.TransformLoader. Injecting it into FML for co-initialisation:
[11:18:23] [main/DEBUG] [FML]: Instantiating coremod class TransformLoader
[11:18:23] [main/DEBUG] [FML]: The coremod org.orecruncher.dsurround.mixins.TransformLoader requested minecraft version 1.12.2 and minecraft is 1.12.2. It will be loaded.
[11:18:23] [main/DEBUG] [FML]: Found signing certificates for coremod TransformLoader (org.orecruncher.dsurround.mixins.TransformLoader)
[11:18:23] [main/DEBUG] [FML]: Found certificate 7a2128d395ad96ceb9d9030fbd41d035b435753a
[11:18:23] [main/INFO] [mixin]: Compatibility level set to JAVA_8
[11:18:23] [main/DEBUG] [FML]: Enqueued coremod TransformLoader
[11:18:23] [main/DEBUG] [mixin]: MixinPlatformAgentFMLLegacy accepted container ContainerHandleURI(file:/Users/tristanpoland/Library/Application%20Support/gdlauncher_next/instances/TridentPack/mods/DynamicSurroundings-1.12.2-3.6.1.0.jar)
[11:18:23] [main/DEBUG] [mixin]: Instancing new MixinPlatformAgentLiteLoaderLegacy for ContainerHandleURI(file:/Users/tristanpoland/Library/Application%20Support/gdlauncher_next/instances/TridentPack/mods/DynamicSurroundings-1.12.2-3.6.1.0.jar)
[11:18:23] [main/DEBUG] [mixin]: MixinPlatformAgentLiteLoaderLegacy rejected container ContainerHandleURI(file:/Users/tristanpoland/Library/Application%20Support/gdlauncher_next/instances/TridentPack/mods/DynamicSurroundings-1.12.2-3.6.1.0.jar)
[11:18:23] [main/DEBUG] [mixin]: Instancing new MixinPlatformAgentDefault for ContainerHandleURI(file:/Users/tristanpoland/Library/Application%20Support/gdlauncher_next/instances/TridentPack/mods/DynamicSurroundings-1.12.2-3.6.1.0.jar)
[11:18:23] [main/DEBUG] [mixin]: MixinPlatformAgentDefault accepted container ContainerHandleURI(file:/Users/tristanpoland/Library/Application%20Support/gdlauncher_next/instances/TridentPack/mods/DynamicSurroundings-1.12.2-3.6.1.0.jar)
[11:18:23] [main/DEBUG] [mixin]: Adding agents for Mixin Container ContainerHandleURI(file:/Users/tristanpoland/Library/Application%20Support/gdlauncher_next/instances/TridentPack/mods/fancymenu_2.2.2-1_MC_1.12-1.12.2.jar)
[11:18:23] [main/DEBUG] [mixin]: Adding mixin platform agents for container ContainerHandleURI(file:/Users/tristanpoland/Library/Application%20Support/gdlauncher_next/instances/TridentPack/mods/fancymenu_2.2.2-1_MC_1.12-1.12.2.jar)
[11:18:23] [main/DEBUG] [mixin]: Instancing new MixinPlatformAgentFMLLegacy for ContainerHandleURI(file:/Users/tristanpoland/Library/Application%20Support/gdlauncher_next/instances/TridentPack/mods/fancymenu_2.2.2-1_MC_1.12-1.12.2.jar)
[11:18:23] [main/DEBUG] [mixin]: ForceLoadAsMod was specified for fancymenu_2.2.2-1_MC_1.12-1.12.2.jar, attempting force-load
[11:18:23] [main/DEBUG] [mixin]: Adding fancymenu_2.2.2-1_MC_1.12-1.12.2.jar to reparseable coremod collection
[11:18:23] [main/DEBUG] [mixin]: fancymenu_2.2.2-1_MC_1.12-1.12.2.jar has core plugin de.keksuccino.fancymenu.core.FMCore. Injecting it into FML for co-initialisation:
[11:18:23] [main/DEBUG] [FML]: Instantiating coremod class FMCore
[11:18:23] [main/WARN] [FML]: The coremod de.keksuccino.fancymenu.core.FMCore does not have a MCVersion annotation, it may cause issues with this version of Minecraft
[11:18:23] [main/WARN] [FML]: The coremod FMCore (de.keksuccino.fancymenu.core.FMCore) is not signed!
[11:18:23] [main/INFO] [STDOUT]: [de.keksuccino.fancymenu.core.FMCore:<init>:15]: [FANCYMENU] LOADING CORE PLUGIN!
[11:18:23] [main/DEBUG] [FML]: Enqueued coremod FMCore
[11:18:23] [main/DEBUG] [mixin]: MixinPlatformAgentFMLLegacy accepted container ContainerHandleURI(file:/Users/tristanpoland/Library/Application%20Support/gdlauncher_next/instances/TridentPack/mods/fancymenu_2.2.2-1_MC_1.12-1.12.2.jar)
[11:18:23] [main/DEBUG] [mixin]: Instancing new MixinPlatformAgentLiteLoaderLegacy for ContainerHandleURI(file:/Users/tristanpoland/Library/Application%20Support/gdlauncher_next/instances/TridentPack/mods/fancymenu_2.2.2-1_MC_1.12-1.12.2.jar)
[11:18:23] [main/DEBUG] [mixin]: MixinPlatformAgentLiteLoaderLegacy rejected container ContainerHandleURI(file:/Users/tristanpoland/Library/Application%20Support/gdlauncher_next/instances/TridentPack/mods/fancymenu_2.2.2-1_MC_1.12-1.12.2.jar)
[11:18:23] [main/DEBUG] [mixin]: Instancing new MixinPlatformAgentDefault for ContainerHandleURI(file:/Users/tristanpoland/Library/Application%20Support/gdlauncher_next/instances/TridentPack/mods/fancymenu_2.2.2-1_MC_1.12-1.12.2.jar)
[11:18:23] [main/DEBUG] [mixin]: MixinPlatformAgentDefault accepted container ContainerHandleURI(file:/Users/tristanpoland/Library/Application%20Support/gdlauncher_next/instances/TridentPack/mods/fancymenu_2.2.2-1_MC_1.12-1.12.2.jar)
[11:18:23] [main/DEBUG] [mixin]: Adding agents for Mixin Container ContainerHandleURI(file:/Users/tristanpoland/Library/Application%20Support/gdlauncher_next/instances/TridentPack/mods/konkrete_1.1.7_MC_1.12-1.12.2.jar)
[11:18:23] [main/DEBUG] [mixin]: Adding mixin platform agents for container ContainerHandleURI(file:/Users/tristanpoland/Library/Application%20Support/gdlauncher_next/instances/TridentPack/mods/konkrete_1.1.7_MC_1.12-1.12.2.jar)
[11:18:23] [main/DEBUG] [mixin]: Instancing new MixinPlatformAgentFMLLegacy for ContainerHandleURI(file:/Users/tristanpoland/Library/Application%20Support/gdlauncher_next/instances/TridentPack/mods/konkrete_1.1.7_MC_1.12-1.12.2.jar)
[11:18:23] [main/DEBUG] [mixin]: ForceLoadAsMod was specified for konkrete_1.1.7_MC_1.12-1.12.2.jar, attempting force-load
[11:18:23] [main/DEBUG] [mixin]: Adding konkrete_1.1.7_MC_1.12-1.12.2.jar to reparseable coremod collection
[11:18:23] [main/DEBUG] [mixin]: konkrete_1.1.7_MC_1.12-1.12.2.jar has core plugin de.keksuccino.konkrete.core.KonkreteCore. Injecting it into FML for co-initialisation:
[11:18:23] [main/DEBUG] [FML]: Instantiating coremod class KonkreteCore
[11:18:23] [main/WARN] [FML]: The coremod de.keksuccino.konkrete.core.KonkreteCore does not have a MCVersion annotation, it may cause issues with this version of Minecraft
[11:18:23] [main/WARN] [FML]: The coremod KonkreteCore (de.keksuccino.konkrete.core.KonkreteCore) is not signed!
[11:18:23] [main/INFO] [STDOUT]: [de.keksuccino.konkrete.core.KonkreteCore:<init>:14]: [KONKRETE] LOADING CORE PLUGIN!
[11:18:23] [main/DEBUG] [mixin]: Preparing mixins for MixinEnvironment[PREINIT]
[11:18:23] [main/INFO] [STDOUT]: [de.keksuccino.konkrete.core.MixinConfigLoader:loadConfigs:29]: [KONKRETE] Loading Mixin Config: fancymenu.general.mixin.json
[11:18:23] [main/DEBUG] [FML]: Enqueued coremod KonkreteCore
[11:18:23] [main/DEBUG] [mixin]: MixinPlatformAgentFMLLegacy accepted container ContainerHandleURI(file:/Users/tristanpoland/Library/Application%20Support/gdlauncher_next/instances/TridentPack/mods/konkrete_1.1.7_MC_1.12-1.12.2.jar)
[11:18:23] [main/DEBUG] [mixin]: Instancing new MixinPlatformAgentLiteLoaderLegacy for ContainerHandleURI(file:/Users/tristanpoland/Library/Application%20Support/gdlauncher_next/instances/TridentPack/mods/konkrete_1.1.7_MC_1.12-1.12.2.jar)
[11:18:23] [main/DEBUG] [mixin]: MixinPlatformAgentLiteLoaderLegacy rejected container ContainerHandleURI(file:/Users/tristanpoland/Library/Application%20Support/gdlauncher_next/instances/TridentPack/mods/konkrete_1.1.7_MC_1.12-1.12.2.jar)
[11:18:23] [main/DEBUG] [mixin]: Instancing new MixinPlatformAgentDefault for ContainerHandleURI(file:/Users/tristanpoland/Library/Application%20Support/gdlauncher_next/instances/TridentPack/mods/konkrete_1.1.7_MC_1.12-1.12.2.jar)
[11:18:23] [main/DEBUG] [mixin]: MixinPlatformAgentDefault accepted container ContainerHandleURI(file:/Users/tristanpoland/Library/Application%20Support/gdlauncher_next/instances/TridentPack/mods/konkrete_1.1.7_MC_1.12-1.12.2.jar)
[11:18:23] [main/DEBUG] [mixin]: Adding agents for Mixin Container ContainerHandleURI(file:/Users/tristanpoland/Library/Application%20Support/gdlauncher_next/instances/TridentPack/mods/malisiscore-1.12.2-6.5.1.jar)
[11:18:23] [main/DEBUG] [mixin]: Adding mixin platform agents for container ContainerHandleURI(file:/Users/tristanpoland/Library/Application%20Support/gdlauncher_next/instances/TridentPack/mods/malisiscore-1.12.2-6.5.1.jar)
[11:18:23] [main/DEBUG] [mixin]: Instancing new MixinPlatformAgentFMLLegacy for ContainerHandleURI(file:/Users/tristanpoland/Library/Application%20Support/gdlauncher_next/instances/TridentPack/mods/malisiscore-1.12.2-6.5.1.jar)
[11:18:23] [main/DEBUG] [mixin]: ForceLoadAsMod was specified for malisiscore-1.12.2-6.5.1.jar, attempting force-load
[11:18:23] [main/DEBUG] [mixin]: Adding malisiscore-1.12.2-6.5.1.jar to reparseable coremod collection
[11:18:23] [main/DEBUG] [mixin]: malisiscore-1.12.2-6.5.1.jar has core plugin net.malisis.core.asm.MalisisCorePlugin. Injecting it into FML for co-initialisation:
[11:18:23] [main/DEBUG] [FML]: Instantiating coremod class MalisisCorePlugin
[11:18:23] [main/WARN] [FML]: The coremod net.malisis.core.asm.MalisisCorePlugin does not have a MCVersion annotation, it may cause issues with this version of Minecraft
[11:18:23] [main/WARN] [FML]: The coremod MalisisCorePlugin (net.malisis.core.asm.MalisisCorePlugin) is not signed!
[11:18:23] [main/DEBUG] [FML]: Enqueued coremod MalisisCorePlugin
[11:18:23] [main/DEBUG] [mixin]: MixinPlatformAgentFMLLegacy accepted container ContainerHandleURI(file:/Users/tristanpoland/Library/Application%20Support/gdlauncher_next/instances/TridentPack/mods/malisiscore-1.12.2-6.5.1.jar)
[11:18:23] [main/DEBUG] [mixin]: Instancing new MixinPlatformAgentLiteLoaderLegacy for ContainerHandleURI(file:/Users/tristanpoland/Library/Application%20Support/gdlauncher_next/instances/TridentPack/mods/malisiscore-1.12.2-6.5.1.jar)
[11:18:23] [main/DEBUG] [mixin]: MixinPlatformAgentLiteLoaderLegacy rejected container ContainerHandleURI(file:/Users/tristanpoland/Library/Application%20Support/gdlauncher_next/instances/TridentPack/mods/malisiscore-1.12.2-6.5.1.jar)
[11:18:23] [main/DEBUG] [mixin]: Instancing new MixinPlatformAgentDefault for ContainerHandleURI(file:/Users/tristanpoland/Library/Application%20Support/gdlauncher_next/instances/TridentPack/mods/malisiscore-1.12.2-6.5.1.jar)
[11:18:23] [main/DEBUG] [mixin]: MixinPlatformAgentDefault accepted container ContainerHandleURI(file:/Users/tristanpoland/Library/Application%20Support/gdlauncher_next/instances/TridentPack/mods/malisiscore-1.12.2-6.5.1.jar)
[11:18:23] [main/INFO] [LaunchWrapper]: Loading tweak class name guichaguri.betterfps.tweaker.BetterFpsTweaker
[11:18:23] [main/WARN] [LaunchWrapper]: Tweak class name org.spongepowered.asm.launch.MixinTweaker has already been visited -- skipping
[11:18:23] [main/WARN] [LaunchWrapper]: Tweak class name org.spongepowered.asm.launch.MixinTweaker has already been visited -- skipping
[11:18:23] [main/WARN] [LaunchWrapper]: Tweak class name org.spongepowered.asm.launch.MixinTweaker has already been visited -- skipping
[11:18:23] [main/WARN] [LaunchWrapper]: Tweak class name org.spongepowered.asm.launch.MixinTweaker has already been visited -- skipping
[11:18:23] [main/WARN] [LaunchWrapper]: Tweak class name org.spongepowered.asm.launch.MixinTweaker has already been visited -- skipping
[11:18:23] [main/INFO] [LaunchWrapper]: Loading tweak class name net.minecraftforge.fml.common.launcher.FMLDeobfTweaker
[11:18:23] [main/INFO] [LaunchWrapper]: Calling tweak class net.minecraftforge.fml.common.launcher.FMLInjectionAndSortingTweaker
[11:18:23] [main/INFO] [LaunchWrapper]: Calling tweak class net.minecraftforge.fml.common.launcher.FMLInjectionAndSortingTweaker
[11:18:23] [main/INFO] [LaunchWrapper]: Calling tweak class net.minecraftforge.fml.relauncher.CoreModManager$FMLPluginWrapper
[11:18:23] [main/DEBUG] [FML]: Injecting coremod FMLCorePlugin \{net.minecraftforge.fml.relauncher.FMLCorePlugin\} class transformers
[11:18:23] [main/TRACE] [FML]: Registering transformer net.minecraftforge.fml.common.asm.transformers.SideTransformer
[11:18:23] [main/DEBUG] [mixin]: Checking for additional mixins for MixinEnvironment[PREINIT]
[11:18:23] [main/TRACE] [FML]: Registering transformer net.minecraftforge.fml.common.asm.transformers.EventSubscriptionTransformer
[11:18:23] [main/TRACE] [FML]: Registering transformer net.minecraftforge.fml.common.asm.transformers.EventSubscriberTransformer
[11:18:23] [main/TRACE] [FML]: Registering transformer net.minecraftforge.fml.common.asm.transformers.SoundEngineFixTransformer
[11:18:23] [main/DEBUG] [FML]: Injection complete
[11:18:23] [main/DEBUG] [FML]: Running coremod plugin for FMLCorePlugin \{net.minecraftforge.fml.relauncher.FMLCorePlugin\}
[11:18:23] [main/DEBUG] [FML]: Running coremod plugin FMLCorePlugin
