[16:05:06] [main/INFO] [LaunchWrapper]: Loading tweak class name net.minecraftforge.fml.common.launcher.FMLTweaker
[16:05:06] [main/INFO] [LaunchWrapper]: Using primary tweak class name net.minecraftforge.fml.common.launcher.FMLTweaker
[16:05:06] [main/INFO] [LaunchWrapper]: Calling tweak class net.minecraftforge.fml.common.launcher.FMLTweaker
[16:05:06] [main/INFO] [FML]: Forge Mod Loader version 14.23.5.2855 for Minecraft 1.12.2 loading
[16:05:06] [main/INFO] [FML]: Java is OpenJDK 64-Bit Server VM, version 1.8.0_242, running on Mac OS X:x86_64:10.16, installed at /Users/tristanpoland/Library/Application Support/gdlauncher_next/java/8u242-b08
[16:05:07] [main/INFO] [FML]: Searching /Users/tristanpoland/Library/Application Support/gdlauncher_next/instances/TridentPack/mods for mods
[16:05:07] [main/INFO] [FML]: Searching /Users/tristanpoland/Library/Application Support/gdlauncher_next/instances/TridentPack/mods/1.12.2 for mods
[16:05:07] [main/INFO] [FML]: Loading tweaker org.spongepowered.asm.launch.MixinTweaker from _MixinBootstrap-1.1.0.jar
[16:05:07] [main/WARN] [FML]: Found FMLCorePluginContainsFMLMod marker in AdvancedRocketry-1.12.2-1.7.0-232-universal.jar. This is not recommended, @Mods should be in a separate jar from the coremod.
[16:05:07] [main/WARN] [FML]: The coremod AdvancedRocketryPlugin (zmaster587.advancedRocketry.asm.AdvancedRocketryPlugin) is not signed!
[16:05:07] [main/INFO] [FML]: Loading tweaker guichaguri.betterfps.tweaker.BetterFpsTweaker from BetterFps-1.4.8.jar
[16:05:07] [main/INFO] [FML]: Loading tweaker org.spongepowered.asm.launch.MixinTweaker from bewitchment-1.12.2-0.0.22.64.jar
[16:05:07] [main/WARN] [FML]: Found FMLCorePluginContainsFMLMod marker in CreativeCore_v1.10.63_mc1.12.2.jar. This is not recommended, @Mods should be in a separate jar from the coremod.
[16:05:07] [main/WARN] [FML]: The coremod com.creativemd.creativecore.core.CreativePatchingLoader does not have a MCVersion annotation, it may cause issues with this version of Minecraft
[16:05:07] [main/WARN] [FML]: The coremod CreativePatchingLoader (com.creativemd.creativecore.core.CreativePatchingLoader) is not signed!
[16:05:07] [main/WARN] [FML]: Found FMLCorePluginContainsFMLMod marker in CTM-MC1.12.2-1.0.2.31.jar. This is not recommended, @Mods should be in a separate jar from the coremod.
[16:05:07] [main/WARN] [FML]: The coremod team.chisel.ctm.client.asm.CTMCorePlugin does not have a MCVersion annotation, it may cause issues with this version of Minecraft
[16:05:07] [main/WARN] [FML]: The coremod CTMCorePlugin (team.chisel.ctm.client.asm.CTMCorePlugin) is not signed!
[16:05:07] [main/INFO] [FML]: Loading tweaker org.spongepowered.asm.launch.MixinTweaker from DynamicSurroundings-1.12.2-3.6.1.0.jar
[16:05:07] [main/INFO] [FML]: Loading tweaker org.spongepowered.asm.launch.MixinTweaker from fancymenu_2.2.2-1_MC_1.12-1.12.2.jar
[16:05:07] [main/INFO] [FML]: Loading tweaker org.spongepowered.asm.launch.MixinTweaker from konkrete_1.1.7_MC_1.12-1.12.2.jar
[16:05:07] [main/WARN] [FML]: Found FMLCorePluginContainsFMLMod marker in LittleTiles_v1.5.20_mc1.12.2.jar. This is not recommended, @Mods should be in a separate jar from the coremod.
[16:05:07] [main/WARN] [FML]: The coremod com.creativemd.littletiles.LittlePatchingLoader does not have a MCVersion annotation, it may cause issues with this version of Minecraft
[16:05:07] [main/WARN] [FML]: The coremod LittlePatchingLoader (com.creativemd.littletiles.LittlePatchingLoader) is not signed!
[16:05:07] [main/INFO] [FML]: Loading tweaker org.spongepowered.asm.launch.MixinTweaker from malisiscore-1.12.2-6.5.1.jar
[16:05:07] [main/WARN] [FML]: Found FMLCorePluginContainsFMLMod marker in OpenComputers-MC1.12.2-1.7.5.192.jar. This is not recommended, @Mods should be in a separate jar from the coremod.
[16:05:07] [main/WARN] [FML]: The coremod li.cil.oc.common.launch.TransformerLoader does not have a MCVersion annotation, it may cause issues with this version of Minecraft
[16:05:07] [main/WARN] [FML]: The coremod TransformerLoader (li.cil.oc.common.launch.TransformerLoader) is not signed!
[16:05:07] [main/WARN] [FML]: The coremod OTGCorePlugin (com.pg85.otg.forge.asm.excluded.launch.OTGCorePlugin) is not signed!
[16:05:07] [main/WARN] [FML]: Found FMLCorePluginContainsFMLMod marker in Xaeros_Minimap_21.15.0.1_Forge_1.12.jar. This is not recommended, @Mods should be in a separate jar from the coremod.
[16:05:07] [main/WARN] [FML]: The coremod XaeroMinimapPlugin (xaero.common.core.XaeroMinimapPlugin) is not signed!
[16:05:07] [main/INFO] [FML]: Loading tweaker org.spongepowered.asm.launch.MixinTweaker from phosphor-1.12.2-0.2.6+build50-universal.jar
[16:05:07] [main/WARN] [FML]: The coremod blusunrize.immersiveengineering.common.asm.IELoadingPlugin does not have a MCVersion annotation, it may cause issues with this version of Minecraft
[16:05:07] [main/WARN] [FML]: The coremod IELoadingPlugin (blusunrize.immersiveengineering.common.asm.IELoadingPlugin) is not signed!
[16:05:07] [main/INFO] [LaunchWrapper]: Loading tweak class name net.minecraftforge.fml.common.launcher.FMLInjectionAndSortingTweaker
[16:05:07] [main/INFO] [LaunchWrapper]: Loading tweak class name org.spongepowered.asm.launch.MixinTweaker
[16:05:07] [main/INFO] [mixin]: SpongePowered MIXIN Subsystem Version=0.8.4 Source=file:/Users/tristanpoland/Library/Application%20Support/gdlauncher_next/instances/TridentPack/mods/_MixinBootstrap-1.1.0.jar Service=LaunchWrapper Env=CLIENT
[16:05:07] [main/WARN] [FML]: The coremod BewitchmentFMLLoadingPlugin (com.bewitchment.core.BewitchmentFMLLoadingPlugin) is not signed!
[16:05:08] [main/INFO] [mixin]: Compatibility level set to JAVA_8
[16:05:08] [main/WARN] [FML]: The coremod de.keksuccino.fancymenu.core.FMCore does not have a MCVersion annotation, it may cause issues with this version of Minecraft
[16:05:08] [main/WARN] [FML]: The coremod FMCore (de.keksuccino.fancymenu.core.FMCore) is not signed!
[16:05:08] [main/INFO] [STDOUT]: [de.keksuccino.fancymenu.core.FMCore:<init>:15]: [FANCYMENU] LOADING CORE PLUGIN!
[16:05:08] [main/WARN] [FML]: The coremod de.keksuccino.konkrete.core.KonkreteCore does not have a MCVersion annotation, it may cause issues with this version of Minecraft
[16:05:08] [main/WARN] [FML]: The coremod KonkreteCore (de.keksuccino.konkrete.core.KonkreteCore) is not signed!
[16:05:08] [main/INFO] [STDOUT]: [de.keksuccino.konkrete.core.KonkreteCore:<init>:14]: [KONKRETE] LOADING CORE PLUGIN!
[16:05:08] [main/INFO] [STDOUT]: [de.keksuccino.konkrete.core.MixinConfigLoader:loadConfigs:29]: [KONKRETE] Loading Mixin Config: fancymenu.general.mixin.json
[16:05:08] [main/WARN] [FML]: The coremod net.malisis.core.asm.MalisisCorePlugin does not have a MCVersion annotation, it may cause issues with this version of Minecraft
[16:05:08] [main/WARN] [FML]: The coremod MalisisCorePlugin (net.malisis.core.asm.MalisisCorePlugin) is not signed!
[16:05:08] [main/INFO] [LaunchWrapper]: Loading tweak class name guichaguri.betterfps.tweaker.BetterFpsTweaker
[16:05:08] [main/WARN] [LaunchWrapper]: Tweak class name org.spongepowered.asm.launch.MixinTweaker has already been visited -- skipping
[16:05:08] [main/WARN] [LaunchWrapper]: Tweak class name org.spongepowered.asm.launch.MixinTweaker has already been visited -- skipping
[16:05:08] [main/WARN] [LaunchWrapper]: Tweak class name org.spongepowered.asm.launch.MixinTweaker has already been visited -- skipping
[16:05:08] [main/WARN] [LaunchWrapper]: Tweak class name org.spongepowered.asm.launch.MixinTweaker has already been visited -- skipping
[16:05:08] [main/WARN] [LaunchWrapper]: Tweak class name org.spongepowered.asm.launch.MixinTweaker has already been visited -- skipping
[16:05:08] [main/WARN] [LaunchWrapper]: Tweak class name org.spongepowered.asm.launch.MixinTweaker has already been visited -- skipping
[16:05:08] [main/INFO] [LaunchWrapper]: Loading tweak class name net.minecraftforge.fml.common.launcher.FMLDeobfTweaker
[16:05:08] [main/INFO] [LaunchWrapper]: Calling tweak class net.minecraftforge.fml.common.launcher.FMLInjectionAndSortingTweaker
[16:05:08] [main/INFO] [LaunchWrapper]: Calling tweak class net.minecraftforge.fml.common.launcher.FMLInjectionAndSortingTweaker
[16:05:08] [main/INFO] [LaunchWrapper]: Calling tweak class net.minecraftforge.fml.relauncher.CoreModManager$FMLPluginWrapper
[16:05:12] [main/INFO] [FML]: Found valid fingerprint for Minecraft Forge. Certificate fingerprint e3c3d50c7c986df74c645c0ac54639741c90a557
[16:05:12] [main/INFO] [FML]: Found valid fingerprint for Minecraft. Certificate fingerprint cd99959656f753dc28d863b46769f7f8fbaefcfc
[16:05:12] [main/INFO] [LaunchWrapper]: Calling tweak class net.minecraftforge.fml.relauncher.CoreModManager$FMLPluginWrapper
[16:05:12] [main/INFO] [LaunchWrapper]: Calling tweak class net.minecraftforge.fml.relauncher.CoreModManager$FMLPluginWrapper
[16:05:12] [main/INFO] [LaunchWrapper]: Calling tweak class net.minecraftforge.fml.relauncher.CoreModManager$FMLPluginWrapper
[16:05:13] [main/INFO] [LaunchWrapper]: Calling tweak class net.minecraftforge.fml.relauncher.CoreModManager$FMLPluginWrapper
[16:05:13] [main/INFO] [LaunchWrapper]: Calling tweak class net.minecraftforge.fml.relauncher.CoreModManager$FMLPluginWrapper
[16:05:13] [main/INFO] [LaunchWrapper]: Calling tweak class net.minecraftforge.fml.relauncher.CoreModManager$FMLPluginWrapper
[16:05:13] [main/INFO] [LaunchWrapper]: Calling tweak class org.spongepowered.asm.launch.MixinTweaker
[16:05:13] [main/INFO] [mixin]: Initialised Mixin FML Remapper Adapter with net.minecraftforge.fml.common.asm.transformers.deobf.FMLDeobfuscatingRemapper@7ea899a9
[16:05:13] [main/INFO] [LaunchWrapper]: Calling tweak class guichaguri.betterfps.tweaker.BetterFpsTweaker
[16:05:13] [main/INFO] [LaunchWrapper]: Calling tweak class net.minecraftforge.fml.common.launcher.FMLDeobfTweaker
[16:05:14] [main/INFO] [LaunchWrapper]: Calling tweak class net.minecraftforge.fml.relauncher.CoreModManager$FMLPluginWrapper
[16:05:14] [main/INFO] [LaunchWrapper]: Calling tweak class net.minecraftforge.fml.relauncher.CoreModManager$FMLPluginWrapper
[16:05:15] [main/INFO] [LaunchWrapper]: Calling tweak class net.minecraftforge.fml.relauncher.CoreModManager$FMLPluginWrapper
[16:05:15] [main/INFO] [LaunchWrapper]: Calling tweak class net.minecraftforge.fml.relauncher.CoreModManager$FMLPluginWrapper
[16:05:15] [main/INFO] [LaunchWrapper]: Loading tweak class name net.minecraftforge.fml.common.launcher.TerminalTweaker
[16:05:15] [main/INFO] [LaunchWrapper]: Loading tweak class name org.spongepowered.asm.mixin.EnvironmentStateTweaker
[16:05:15] [main/INFO] [LaunchWrapper]: Calling tweak class net.minecraftforge.fml.common.launcher.TerminalTweaker
[16:05:15] [main/INFO] [LaunchWrapper]: Calling tweak class org.spongepowered.asm.mixin.EnvironmentStateTweaker
[16:05:15] [main/INFO] [STDOUT]: [com.pg85.otg.forge.asm.excluded.OTGClassTransformer:transform:91]: OTG-Core transforming: net.minecraft.world.biome.Biome : anh
[16:05:15] [main/INFO] [BetterFps]: Patching net.minecraft.client.renderer.EntityRenderer... (buq)
[16:05:15] [main/INFO] [org.spongepowered.asm.service.mojang.MixinServiceLaunchWrapper]: A re-entrant transformer 'guichaguri.betterfps.transformers.PatcherTransformer' was detected and will no longer process meta class data
[16:05:16] [main/INFO] [STDOUT]: [com.pg85.otg.forge.asm.excluded.OTGClassTransformer:transform:91]: OTG-Core transforming: net.minecraft.entity.projectile.EntityArrow : aeh
[16:05:16] [main/INFO] [STDOUT]: [de.keksuccino.fancymenu.mixin.FMMixinPlugin:shouldApplyMixin:24]: [FANCYMENU] APPLYING MIXIN: de.keksuccino.fancymenu.mixin.client.MixinGuiButton | TO TARGET: net.minecraft.client.gui.GuiButton
[16:05:16] [main/INFO] [STDOUT]: [de.keksuccino.fancymenu.mixin.FMMixinPlugin:shouldApplyMixin:24]: [FANCYMENU] APPLYING MIXIN: de.keksuccino.fancymenu.mixin.client.MixinGuiButtonImage | TO TARGET: net.minecraft.client.gui.GuiButtonImage
[16:05:16] [main/INFO] [STDOUT]: [de.keksuccino.fancymenu.mixin.FMMixinPlugin:shouldApplyMixin:24]: [FANCYMENU] APPLYING MIXIN: de.keksuccino.fancymenu.mixin.client.MixinGuiSlot | TO TARGET: net.minecraft.client.gui.GuiSlot
[16:05:16] [main/INFO] [STDOUT]: [de.keksuccino.fancymenu.mixin.FMMixinPlugin:shouldApplyMixin:24]: [FANCYMENU] APPLYING MIXIN: de.keksuccino.fancymenu.mixin.client.MixinGuiScreen | TO TARGET: net.minecraft.client.gui.GuiScreen
[16:05:16] [main/INFO] [STDOUT]: [de.keksuccino.fancymenu.mixin.FMMixinPlugin:shouldApplyMixin:24]: [FANCYMENU] APPLYING MIXIN: de.keksuccino.fancymenu.mixin.client.MixinGuiButtonLanguage | TO TARGET: net.minecraft.client.gui.GuiButtonLanguage
[16:05:16] [main/INFO] [STDOUT]: [de.keksuccino.fancymenu.mixin.FMMixinPlugin:shouldApplyMixin:24]: [FANCYMENU] APPLYING MIXIN: de.keksuccino.fancymenu.mixin.client.MixinMinecraft | TO TARGET: net.minecraft.client.Minecraft
[16:05:16] [main/INFO] [STDOUT]: [com.creativemd.creativecore.transformer.CreativeTransformer:transform:49]: [littletiles] Patched net.minecraft.client.Minecraft ...
[16:05:17] [main/INFO] [STDOUT]: [xaero.common.core.transformer.ClassNodeTransformer:transform:26]: Transforming class axw net.minecraft.world.chunk.Chunk
[16:05:17] [main/INFO] [STDOUT]: [com.creativemd.creativecore.transformer.CreativeTransformer:transform:49]: [littletiles] Patched net.minecraft.network.NetHandlerPlayServer ...
[16:05:17] [main/INFO] [STDOUT]: [team.chisel.ctm.client.asm.CTMTransformer:preTransform:230]: Transforming Class [net.minecraft.client.renderer.texture.TextureMap], Method [registerSprite]
[16:05:17] [main/INFO] [STDOUT]: [team.chisel.ctm.client.asm.CTMTransformer:finishTransform:242]: Transforming net.minecraft.client.renderer.texture.TextureMap Finished.
[16:05:17] [main/INFO] [EnderCore ASM]: Transforming Class [net.minecraft.client.renderer.RenderItem], Method [func_180453_a, func_184391_a]
[16:05:17] [main/INFO] [EnderCore ASM]: Transforming net.minecraft.client.renderer.RenderItem Finished.
[16:05:17] [main/INFO] [EnderCore ASM]: Transforming Class [net.minecraft.world.chunk.storage.ExtendedBlockStorage], Method [func_76663_a]
[16:05:17] [main/INFO] [EnderCore ASM]: Transforming net.minecraft.world.chunk.storage.ExtendedBlockStorage Finished.
[16:05:17] [main/INFO] [LaunchWrapper]: Launching wrapped minecraft {net.minecraft.client.main.Main}
[16:05:18] [main/INFO] [STDOUT]: [com.creativemd.creativecore.transformer.CreativeTransformer:transform:49]: [littletiles] Patched net.minecraft.client.Minecraft ...
[16:05:18] [main/INFO] [BetterFps]: Patching net.minecraft.client.Minecraft... (bib)
[16:05:18] [main/INFO] [STDOUT]: [com.creativemd.creativecore.transformer.CreativeTransformer:transform:49]: [littletiles] Patched net.minecraft.entity.Entity ...
[16:05:18] [main/INFO] [STDOUT]: [xaero.common.core.transformer.ClassNodeTransformer:transform:26]: Transforming class bud net.minecraft.client.entity.EntityPlayerSP
[16:05:18] [main/INFO] [BetterFps]: Patching net.minecraft.client.entity.EntityPlayerSP... (bud)
[16:05:18] [main/INFO] [STDOUT]: [xaero.common.core.transformer.ClassNodeTransformer:transform:26]: Transforming class bua net.minecraft.client.entity.AbstractClientPlayer
[16:05:19] [main/INFO] [STDOUT]: [com.creativemd.creativecore.transformer.CreativeTransformer:transform:49]: [littletiles] Patched net.minecraft.entity.player.EntityPlayer ...
[16:05:19] [main/INFO] [STDOUT]: [xaero.common.core.transformer.ClassNodeTransformer:transform:26]: Transforming class aed net.minecraft.entity.player.EntityPlayer
[16:05:19] [main/INFO] [EnderCore ASM]: Transforming net.minecraft.entity.player.EntityPlayer finished, added func_184613_cA() overriding EntityLivingBase
[16:05:19] [main/INFO] [STDOUT]: [com.pg85.otg.forge.asm.excluded.OTGClassTransformer:transform:91]: OTG-Core transforming: net.minecraft.entity.EntityLivingBase : vp
[16:05:19] [main/INFO] [STDOUT]: [team.chisel.ctm.client.asm.CTMTransformer:preTransform:230]: Transforming Class [net.minecraft.block.Block], Method [getExtendedState]
[16:05:19] [main/INFO] [STDOUT]: [team.chisel.ctm.client.asm.CTMTransformer:finishTransform:242]: Transforming net.minecraft.block.Block Finished.
[16:05:19] [main/INFO] [STDOUT]: [com.creativemd.creativecore.transformer.CreativeTransformer:transform:49]: [littletiles] Patched net.minecraft.client.multiplayer.WorldClient ...
[16:05:19] [main/INFO] [STDOUT]: [xaero.common.core.transformer.ClassNodeTransformer:transform:26]: Transforming class bsb net.minecraft.client.multiplayer.WorldClient
[16:05:19] [main/INFO] [STDOUT]: [xaero.common.core.transformer.ClassNodeTransformer:transform:26]: Transforming class net.minecraftforge.client.GuiIngameForge net.minecraftforge.client.GuiIngameForge
[16:05:19] [main/INFO] [STDOUT]: [xaero.common.core.transformer.ClassNodeTransformer:transform:26]: Transforming class bud net.minecraft.client.entity.EntityPlayerSP
[16:05:19] [main/INFO] [STDOUT]: [xaero.common.core.transformer.ClassNodeTransformer:transform:26]: Transforming class bua net.minecraft.client.entity.AbstractClientPlayer
[16:05:19] [main/INFO] [STDOUT]: [com.creativemd.creativecore.transformer.CreativeTransformer:transform:49]: [littletiles] Patched net.minecraft.entity.player.EntityPlayer ...
[16:05:19] [main/INFO] [STDOUT]: [xaero.common.core.transformer.ClassNodeTransformer:transform:26]: Transforming class aed net.minecraft.entity.player.EntityPlayer
[16:05:19] [main/INFO] [EnderCore ASM]: Transforming net.minecraft.entity.player.EntityPlayer finished, added func_184613_cA() overriding EntityLivingBase
[16:05:19] [main/INFO] [STDOUT]: [com.pg85.otg.forge.asm.excluded.OTGClassTransformer:transform:91]: OTG-Core transforming: net.minecraft.entity.EntityLivingBase : vp
[16:05:20] [main/INFO] [STDOUT]: [com.creativemd.creativecore.transformer.CreativeTransformer:transform:49]: [littletiles] Patched net.minecraftforge.client.ForgeHooksClient ...
[16:05:20] [main/INFO] [STDOUT]: [team.chisel.ctm.client.asm.CTMTransformer:preTransform:230]: Transforming Class [net.minecraftforge.client.ForgeHooksClient], Method [getDamageModel]
[16:05:20] [main/INFO] [STDOUT]: [team.chisel.ctm.client.asm.CTMTransformer:finishTransform:242]: Transforming net.minecraftforge.client.ForgeHooksClient Finished.
[16:05:21] [main/INFO] [OpenComputers]: Successfully patched net/minecraft/entity/EntityLiving.recreateLeash.
[16:05:21] [Client thread/INFO] [net.minecraft.client.Minecraft]: Setting user: TristanPoland
[16:05:21] [Client thread/INFO] [STDOUT]: [com.pg85.otg.forge.asm.excluded.OTGClassTransformer:transform:91]: OTG-Core transforming: net.minecraftforge.registries.GameData : net/minecraftforge/registries/GameData
[16:05:21] [Client thread/INFO] [BetterFps]: Patching net.minecraft.block.Block... (aow)
[16:05:21] [Client thread/INFO] [STDOUT]: [team.chisel.ctm.client.asm.CTMTransformer:preTransform:230]: Transforming Class [net.minecraft.block.Block], Method [getExtendedState]
[16:05:21] [Client thread/INFO] [STDOUT]: [team.chisel.ctm.client.asm.CTMTransformer:finishTransform:242]: Transforming net.minecraft.block.Block Finished.
[16:05:21] [Client thread/INFO] [STDOUT]: [com.pg85.otg.forge.asm.excluded.OTGClassTransformer:transform:91]: OTG-Core transforming: net.minecraft.world.biome.Biome : anh
[16:05:22] [Client thread/INFO] [STDOUT]: [com.pg85.otg.forge.asm.excluded.OTGClassTransformer:transform:91]: OTG-Core transforming: net.minecraft.entity.item.EntityItem : acl
[16:05:22] [Client thread/INFO] [STDOUT]: [com.pg85.otg.forge.asm.excluded.OTGClassTransformer:transformOnUpdateItem:713]: OTG-Core could not override net.minecraft.entity.item.EntityItem.onUpdate, this may cause problems with OTG dimensions using non-default gravity settings. Either another mod has edited the code, or OTG-Core is not compatible with this version of Forge.
[16:05:22] [Client thread/INFO] [STDOUT]: [com.pg85.otg.forge.asm.excluded.OTGClassTransformer:transform:91]: OTG-Core transforming: net.minecraft.entity.item.EntityXPOrb : vm
[16:05:22] [Client thread/INFO] [STDOUT]: [com.creativemd.creativecore.transformer.CreativeTransformer:transform:49]: [littletiles] Patched net.minecraft.util.math.AxisAlignedBB ...
[16:05:23] [Client thread/INFO] [STDOUT]: [com.pg85.otg.forge.asm.excluded.OTGClassTransformer:transform:91]: OTG-Core transforming: net.minecraft.entity.item.EntityFallingBlock : ack
[16:05:23] [Client thread/INFO] [BetterFps]: Patching math utils with "RIVENS_HALF" algorithm
[16:05:23] [Client thread/INFO] [STDOUT]: [com.creativemd.creativecore.transformer.CreativeTransformer:transform:49]: [littletiles] Patched net.minecraft.util.ITickable ...
[16:05:23] [Client thread/INFO] [STDOUT]: [com.pg85.otg.forge.asm.excluded.OTGClassTransformer:transform:91]: OTG-Core transforming: net.minecraft.entity.item.EntityTNTPrimed : acm
[16:05:25] [Client thread/INFO] [BetterFps]: Patching net.minecraft.tileentity.TileEntityBeacon... (avh)
[16:05:26] [Client thread/INFO] [BetterFps]: Patching net.minecraft.block.BlockHopper... (arl)
[16:05:26] [Client thread/INFO] [BetterFps]: Patching net.minecraft.tileentity.TileEntityHopper... (avw)
[16:05:27] [Client thread/INFO] [STDOUT]: [com.pg85.otg.forge.asm.excluded.OTGClassTransformer:transform:91]: OTG-Core transforming: net.minecraft.entity.projectile.EntityArrow : aeh
[16:05:27] [Client thread/INFO] [STDOUT]: [com.creativemd.creativecore.transformer.CreativeTransformer:transform:49]: [littletiles] Patched net.minecraft.entity.Entity ...
[16:05:28] [Client thread/INFO] [EnderCore ASM]: Transforming Class [net.minecraft.entity.item.EntityItemFrame], Method [func_184230_a]
[16:05:28] [Client thread/INFO] [EnderCore ASM]: Transforming net.minecraft.entity.item.EntityItemFrame Finished.
[16:05:28] [Client thread/INFO] [STDOUT]: [com.pg85.otg.forge.asm.excluded.OTGClassTransformer:transform:91]: OTG-Core transforming: net.minecraft.entity.item.EntityMinecart : afe
[16:05:28] [Client thread/INFO] [STDOUT]: [com.pg85.otg.forge.asm.excluded.OTGClassTransformer:transform:91]: OTG-Core transforming: net.minecraft.entity.projectile.EntityThrowable : aev
[16:05:28] [Client thread/INFO] [STDOUT]: [com.pg85.otg.forge.asm.excluded.OTGClassTransformer:transform:91]: OTG-Core transforming: net.minecraft.entity.item.EntityBoat : afd
[16:05:28] [Client thread/INFO] [STDOUT]: [com.creativemd.creativecore.transformer.CreativeTransformer:transform:49]: [littletiles] Patched net.minecraft.entity.player.EntityPlayerMP ...
[16:05:28] [Client thread/INFO] [STDOUT]: [com.pg85.otg.forge.asm.excluded.OTGClassTransformer:transform:91]: OTG-Core transforming: net.minecraft.entity.projectile.EntityThrowable : aev
[16:05:29] [Client thread/INFO] [STDOUT]: [com.pg85.otg.forge.asm.excluded.OTGClassTransformer:transform:91]: OTG-Core transforming: net.minecraft.entity.projectile.EntityShulkerBullet : aer
[16:05:30] [Client thread/INFO] [EnderCore ASM]: Transforming Class [net.minecraft.entity.ai.EntityAICreeperSwell], Method [func_75246_d]
[16:05:30] [Client thread/INFO] [EnderCore ASM]: Transforming net.minecraft.entity.ai.EntityAICreeperSwell Finished.
[16:05:30] [Client thread/INFO] [STDOUT]: [com.pg85.otg.forge.asm.excluded.OTGClassTransformer:transform:91]: OTG-Core transforming: net.minecraft.entity.projectile.EntityLlamaSpit : aeo
[16:05:32] [Client thread/INFO] [EnderCore ASM]: Transforming Class [net.minecraft.inventory.ContainerFurnace], Method [func_82846_b]
[16:05:32] [Client thread/INFO] [EnderCore ASM]: Transforming net.minecraft.inventory.ContainerFurnace Finished.
[16:05:33] [BetterFps Update Checker/WARN] [BetterFps]: Could not check for updates: Server returned HTTP response code: 403 for URL: http://widget.mcf.li/mc-mods/minecraft/229876-betterfps.json
[16:05:33] [Client thread/WARN] [net.minecraft.client.settings.GameSettings]: Skipping bad option: lastServer:
[16:05:33] [Client thread/INFO] [net.minecraft.client.Minecraft]: LWJGL Version: 2.9.2
[16:05:37] [Client thread/INFO] [FML]: MinecraftForge v14.23.5.2855 Initialized
[16:05:37] [Client thread/INFO] [FML]: Starts to replace vanilla recipe ingredients with ore ingredients.
[16:05:37] [Client thread/INFO] [FML]: Invalid recipe found with multiple oredict ingredients in the same ingredient...
[16:05:38] [Client thread/INFO] [FML]: Replaced 1227 ore ingredients
[16:05:38] [Client thread/INFO] [STDOUT]: [com.creativemd.creativecore.transformer.CreativeTransformer:transform:49]: [littletiles] Patched net.minecraftforge.common.ForgeHooks ...
[16:05:38] [Client thread/INFO] [STDOUT]: [zmaster587.advancedRocketry.asm.ModContainer:<init>:23]: ********* CoreDummyContainer. OK
[16:05:39] [Client thread/INFO] [FML]: Searching /Users/tristanpoland/Library/Application Support/gdlauncher_next/instances/TridentPack/mods for mods
[16:05:39] [Client thread/INFO] [FML]: Searching /Users/tristanpoland/Library/Application Support/gdlauncher_next/instances/TridentPack/mods/1.12.2 for mods
[16:05:42] [Client thread/WARN] [FML]: Mod codechickenlib is missing the required element 'version' and a version.properties file could not be found. Falling back to metadata version 3.2.3.358
[16:05:43] [Client thread/WARN] [FML]: Mod dynamictreesttf is missing the required element 'version' and a version.properties file could not be found. Falling back to metadata version 1.12.2-1.2.3
[16:05:43] [Client thread/WARN] [FML]: Mod dynamictreestconstruct is missing the required element 'version' and a version.properties file could not be found. Falling back to metadata version 1.12.2-1.2.7
[16:05:43] [Client thread/WARN] [FML]: Mod enderstorage is missing the required element 'version' and a version.properties file could not be found. Falling back to metadata version 2.4.6.137
[16:05:44] [Client thread/WARN] [FML]: Mod fbp is missing the required element 'version' and a version.properties file could not be found. Falling back to metadata version 2.4.1
[16:05:44] [Client thread/WARN] [FML]: Mod fancymenu is missing the required element 'version' and a version.properties file could not be found. Falling back to metadata version 2.2.2
[16:05:44] [Client thread/WARN] [FML]: Mod ironchest is missing the required element 'version' and a version.properties file could not be found. Falling back to metadata version 1.12.2-7.0.67.844
[16:05:44] [Client thread/WARN] [FML]: Mod konkrete is missing the required element 'version' and a version.properties file could not be found. Falling back to metadata version 1.1.7
[16:05:45] [Client thread/WARN] [FML]: Mod patchouli is missing the required element 'version' and a version.properties file could not be found. Falling back to metadata version 1.0-23.6
[16:05:46] [Client thread/WARN] [FML]: Mod waystones is missing the required element 'version' and a version.properties file could not be found. Falling back to metadata version 4.1.0
[16:05:46] [Client thread/INFO] [FML]: Forge Mod Loader has identified 78 mods to load
[16:05:47] [Client thread/INFO] [STDOUT]: [zmaster587.advancedRocketry.asm.ModContainer:registerBus:42]: ********* registerBus. OK
[16:05:47] [Client thread/FATAL] [FML]: net.minecraftforge.fml.common.MissingModsException: Mod extra_spells (Meldexun's Extra Spells) requires [ebwizardry@[4.3,)]
[16:05:47] [Client thread/FATAL] [FML]: net.minecraftforge.fml.common.MissingModsException: Mod tfspellpack (Electroblob's Wizardry: Twilight Forest Spell Pack) requires [ebwizardry@[4.3.1,4.4)]
[16:05:47] [Client thread/ERROR] [FML]: An exception was thrown, the game will display an error screen and halt.
net.minecraftforge.fml.common.MultipleModsErrored: 
Missing Mods:
	unknown : need [4.3,): have missing

Missing Mods:
	unknown : need [4.3.1,4.4): have missing


	at net.minecraftforge.fml.common.Loader.sortModList(Loader.java:300) ~[Loader.class:?]
	at net.minecraftforge.fml.common.Loader.loadMods(Loader.java:572) ~[Loader.class:?]
	at net.minecraftforge.fml.client.FMLClientHandler.beginMinecraftLoading(FMLClientHandler.java:232) [FMLClientHandler.class:?]
	at net.minecraft.client.Minecraft.func_71384_a(Minecraft.java:467) [bib.class:?]
	at net.minecraft.client.Minecraft.func_99999_d(Minecraft.java:378) [bib.class:?]
	at net.minecraft.client.main.Main.main(SourceFile:123) [Main.class:?]
	at sun.reflect.NativeMethodAccessorImpl.invoke0(Native Method) ~[?:1.8.0_242]
	at sun.reflect.NativeMethodAccessorImpl.invoke(NativeMethodAccessorImpl.java:62) ~[?:1.8.0_242]
	at sun.reflect.DelegatingMethodAccessorImpl.invoke(DelegatingMethodAccessorImpl.java:43) ~[?:1.8.0_242]
	at java.lang.reflect.Method.invoke(Method.java:498) ~[?:1.8.0_242]
	at net.minecraft.launchwrapper.Launch.launch(Launch.java:135) [launchwrapper-1.12.jar:?]
	at net.minecraft.launchwrapper.Launch.main(Launch.java:28) [launchwrapper-1.12.jar:?]
[16:05:47] [Client thread/WARN] [FML]: EventBus 0 shutting down - future events will not be posted.
[16:05:47] [Client thread/INFO] [net.minecraft.client.resources.SimpleReloadableResourceManager]: Reloading ResourceManager: BetterFps, Default, FMLFileResourcePack:Forge Mod Loader, FMLFileResourcePack:Minecraft Forge, FMLFileResourcePack:Advanced Rocketry, FMLFileResourcePack:Applied Energistics 2, FMLFileResourcePack:Baubles, FMLFileResourcePack:Better HUD, FMLFileResourcePack:Bewitchment, FMLFileResourcePack:Biome Colorizer, FMLFileResourcePack:Chisel, FMLFileResourcePack:Clumps, FMLFileResourcePack:CodeChicken Lib, FMLFileResourcePack:CreativeCore, FMLFileResourcePack:CTM, FMLFileResourcePack:Dynamic Surroundings, FMLFileResourcePack:Dynamic Trees, FMLFileResourcePack:Dynamic Trees for The Twilight Forest, FMLFileResourcePack:Dynamic Trees for Tinkers' Construct, FMLFileResourcePack:EnderCore, FMLFileResourcePack:Ender IO, FMLFileResourcePack:Ender IO Base, FMLFileResourcePack:Ender IO Applied Energistics Conduits, FMLFileResourcePack:Ender IO Open Computers Conduits, FMLFileResourcePack:Ender IO Refined Storage Conduits, FMLFileResourcePack:Ender IO Conduits, FMLFileResourcePack:Ender IO Integration with Forestry, FMLFileResourcePack:Ender IO Integration with Tinkers' Construct, FMLFileResourcePack:Ender IO Integration with Tinkers' Construct, FMLFileResourcePack:Ender IO Inventory Panel, FMLFileResourcePack:Ender IO Machines, FMLFileResourcePack:Ender IO Powertools, FMLFileResourcePack:EnderStorage, FMLFileResourcePack:Meldexun's Extra Spells, FMLFileResourcePack:Extra Utilities 2, FMLFileResourcePack:Extreme Reactors, FMLFileResourcePack:Fancy Block Particles, FMLFileResourcePack:FancyMenu, FMLFileResourcePack:Waila, FMLFileResourcePack:MTS military Vehicle Pack, FMLFileResourcePack:Immersive Vehicles (formerly MTS), FMLFileResourcePack:Immersive Cables, FMLFileResourcePack:Immersive Petroleum, FMLFileResourcePack:Immersive Posts, FMLFileResourcePack:Iron Chest, FMLFileResourcePack:Just Enough Items, FMLFileResourcePack:Konkrete, FMLFileResourcePack:Vulpes library, FMLFileResourcePack:LittleTiles, FMLFileResourcePack:MalisisCore, FMLFileResourcePack:MalisisDoors, FMLFileResourcePack:Mantle, FMLFileResourcePack:Immersive Technology, FMLFileResourcePack:OpenComputers, FMLFileResourcePack:Open Terrain Generator, FMLFileResourcePack:Patchouli, FMLFileResourcePack:Tinkers' Construct, FMLFileResourcePack:Electroblob's Wizardry: Twilight Forest Spell Pack, FMLFileResourcePack:Tinkers Construct OpenComputers Driver, FMLFileResourcePack:Traveler's Dream - Compact, FMLFileResourcePack:The Twilight Forest, FMLFileResourcePack:Underground Biomes, FMLFileResourcePack:Unlimited Chisel Works, FMLFileResourcePack:What Are We Looking At, FMLFileResourcePack:Waystones, FMLFileResourcePack:WorldEdit CUI Forge Edition 3, FMLFileResourcePack:WorldEdit, FMLFileResourcePack:Xaero's Minimap, FMLFileResourcePack:Zero CORE, FMLFileResourcePack:Phosphor Lighting Engine, FMLFileResourcePack:OreLib Support Mod, FMLFileResourcePack:Immersive Engineering
[16:05:47] [Client thread/INFO] [EnderCore ASM]: Transforming Class [net.minecraft.client.renderer.RenderItem], Method [func_180453_a, func_184391_a]
[16:05:47] [Client thread/INFO] [EnderCore ASM]: Transforming net.minecraft.client.renderer.RenderItem Finished.
[16:05:47] [Client thread/INFO] [STDOUT]: [com.creativemd.creativecore.transformer.CreativeTransformer:transform:49]: [littletiles] Patched net.minecraft.client.renderer.BufferBuilder ...
[16:05:47] [Client thread/INFO] [STDOUT]: [com.creativemd.creativecore.transformer.CreativeTransformer:transform:49]: [littletiles] Patched net.minecraft.client.renderer.RenderGlobal ...
[16:05:47] [Client thread/INFO] [BetterFps]: Patching net.minecraft.client.renderer.EntityRenderer... (buq)
[16:05:47] [Client thread/WARN] [FML]: There were errors previously. Not beginning mod initialization phase
[16:05:47] [Client thread/INFO] [STDOUT]: [com.creativemd.creativecore.transformer.CreativeTransformer:transform:49]: [littletiles] Patched net.minecraft.client.renderer.BufferBuilder ...
[16:05:48] [Client thread/WARN] [net.minecraft.client.audio.SoundHandler]: File ebwizardry:sounds/buff.ogg does not exist, cannot add it to event ebwizardry:spell.scale_bless
[16:05:48] [Client thread/WARN] [net.minecraft.client.audio.SoundHandler]: File ebwizardry:sounds/buff.ogg does not exist, cannot add it to event ebwizardry:spell.thief_bless
[16:05:48] [Client thread/WARN] [net.minecraft.client.audio.SoundHandler]: File ebwizardry:sounds/buff.ogg does not exist, cannot add it to event ebwizardry:spell.tribal_bless
[16:05:48] [Client thread/WARN] [net.minecraft.client.audio.SoundHandler]: File ebwizardry:sounds/buff.ogg does not exist, cannot add it to event ebwizardry:spell.vampirism
[16:05:48] [Client thread/WARN] [net.minecraft.client.audio.SoundHandler]: File ebwizardry:sounds/buff.ogg does not exist, cannot add it to event ebwizardry:spell.super_jump
[16:05:48] [Client thread/WARN] [net.minecraft.client.audio.SoundHandler]: File ebwizardry:sounds/effect1.ogg does not exist, cannot add it to event ebwizardry:spell.time_manipulator.day
[16:05:48] [Client thread/WARN] [net.minecraft.client.audio.SoundHandler]: File ebwizardry:sounds/effect2.ogg does not exist, cannot add it to event ebwizardry:spell.time_manipulator.night
[16:05:48] [Client thread/WARN] [net.minecraft.client.audio.SoundHandler]: File ebwizardry:sounds/lightning_ray_loop.ogg does not exist, cannot add it to event ebwizardry:spell.chargable_strike.loop
[16:05:48] [Client thread/WARN] [net.minecraft.client.audio.SoundHandler]: File ebwizardry:sounds/lightning_ray_start.ogg does not exist, cannot add it to event ebwizardry:spell.chargable_strike.end
[16:05:48] [Client thread/WARN] [net.minecraft.client.audio.SoundHandler]: File ebwizardry:sounds/small_aura_loop.ogg does not exist, cannot add it to event ebwizardry:spell.magic_shield.loop
[16:05:48] [Client thread/WARN] [net.minecraft.client.audio.SoundHandler]: File ebwizardry:sounds/conjure.ogg does not exist, cannot add it to event ebwizardry:spell.magic_shield.end
[16:05:48] [Client thread/WARN] [net.minecraft.client.audio.SoundHandler]: File ebwizardry:sounds/buff.ogg does not exist, cannot add it to event ebwizardry:spell.advanced_return
[16:05:48] [Client thread/WARN] [net.minecraft.client.audio.SoundHandler]: File ebwizardry:sounds/buff.ogg does not exist, cannot add it to event ebwizardry:spell.pacifism
[16:05:48] [Client thread/WARN] [net.minecraft.client.audio.SoundHandler]: File ebwizardry:sounds/buff.ogg does not exist, cannot add it to event ebwizardry:spell.photosynthesis
[16:05:48] [Client thread/WARN] [net.minecraft.client.audio.SoundHandler]: File ebwizardry:sounds/buff.ogg does not exist, cannot add it to event ebwizardry:spell.time_travel
[16:05:48] [Client thread/WARN] [net.minecraft.client.audio.SoundHandler]: File ebwizardry:sounds/buff.ogg does not exist, cannot add it to event ebwizardry:spell.hunters_revenge
[16:05:48] [Client thread/WARN] [net.minecraft.client.audio.SoundHandler]: File ebwizardry:sounds/buff.ogg does not exist, cannot add it to event ebwizardry:spell.magical_offence
[16:05:48] [Client thread/WARN] [net.minecraft.client.audio.SoundHandler]: File ebwizardry:sounds/buff.ogg does not exist, cannot add it to event ebwizardry:spell.return
[16:05:48] [Client thread/WARN] [net.minecraft.client.audio.SoundHandler]: File ebwizardry:sounds/buff.ogg does not exist, cannot add it to event ebwizardry:spell.solid_core
[16:05:48] [Client thread/WARN] [net.minecraft.client.audio.SoundHandler]: File ebwizardry:sounds/buff.ogg does not exist, cannot add it to event ebwizardry:spell.surface_teleport
[16:05:48] [Client thread/WARN] [net.minecraft.client.audio.SoundHandler]: File ebwizardry:sounds/buff.ogg does not exist, cannot add it to event ebwizardry:spell.armor_piercing_missile
[16:05:48] [Client thread/WARN] [net.minecraft.client.audio.SoundHandler]: File ebwizardry:sounds/firebolt.ogg does not exist, cannot add it to event tfspellpack:spell.annihilation
[16:05:48] [Client thread/WARN] [net.minecraft.client.audio.SoundHandler]: File ebwizardry:sounds/rumble.ogg does not exist, cannot add it to event tfspellpack:spell.chariot_of_ice.rumble
[16:05:48] [Client thread/WARN] [net.minecraft.client.audio.SoundHandler]: File ebwizardry:sounds/buff.ogg does not exist, cannot add it to event tfspellpack:spell.fortification
[16:05:48] [Client thread/WARN] [net.minecraft.client.audio.SoundHandler]: File ebwizardry:sounds/buff_large.ogg does not exist, cannot add it to event tfspellpack:spell.hydras_vigour
[16:05:48] [Client thread/WARN] [net.minecraft.client.audio.SoundHandler]: File ebwizardry:sounds/buff.ogg does not exist, cannot add it to event tfspellpack:spell.ironwood_heart
[16:05:48] [Client thread/WARN] [net.minecraft.client.audio.SoundHandler]: File ebwizardry:sounds/buff_large.ogg does not exist, cannot add it to event tfspellpack:spell.life_charm
[16:05:48] [Client thread/WARN] [net.minecraft.client.audio.SoundHandler]: File ebwizardry:sounds/buff.ogg does not exist, cannot add it to event tfspellpack:spell.mist_cloak
[16:05:48] [Client thread/WARN] [net.minecraft.client.audio.SoundHandler]: File ebwizardry:sounds/conjure_large.ogg does not exist, cannot add it to event tfspellpack:spell.pocket_tinkerer
[16:05:48] [Client thread/WARN] [net.minecraft.client.audio.SoundHandler]: File ebwizardry:sounds/summon1.ogg does not exist, cannot add it to event tfspellpack:spell.summon_goblin
[16:05:48] [Client thread/WARN] [net.minecraft.client.audio.SoundHandler]: File ebwizardry:sounds/summon2.ogg does not exist, cannot add it to event tfspellpack:spell.summon_goblin
[16:05:48] [Client thread/WARN] [net.minecraft.client.audio.SoundHandler]: File ebwizardry:sounds/ice.ogg does not exist, cannot add it to event tfspellpack:spell.summon_ice_core
[16:05:48] [Client thread/WARN] [net.minecraft.client.audio.SoundHandler]: File ebwizardry:sounds/summon1.ogg does not exist, cannot add it to event tfspellpack:spell.summon_skeleton_druid
[16:05:48] [Client thread/WARN] [net.minecraft.client.audio.SoundHandler]: File ebwizardry:sounds/summon2.ogg does not exist, cannot add it to event tfspellpack:spell.summon_skeleton_druid
[16:05:48] [Client thread/WARN] [net.minecraft.client.audio.SoundHandler]: File ebwizardry:sounds/summon1.ogg does not exist, cannot add it to event tfspellpack:spell.summon_twilight_wraith
[16:05:48] [Client thread/WARN] [net.minecraft.client.audio.SoundHandler]: File ebwizardry:sounds/summon2.ogg does not exist, cannot add it to event tfspellpack:spell.summon_twilight_wraith
[16:05:48] [Client thread/WARN] [net.minecraft.client.audio.SoundHandler]: File ebwizardry:sounds/effect1.ogg does not exist, cannot add it to event tfspellpack:spell.twilight_catalyst
[16:05:48] [Client thread/WARN] [net.minecraft.client.audio.SoundHandler]: File ebwizardry:sounds/effect2.ogg does not exist, cannot add it to event tfspellpack:spell.twilight_catalyst
[16:05:48] [Sound Library Loader/INFO] [net.minecraft.client.audio.SoundManager]: Starting up SoundSystem...
[16:05:49] [Client thread/INFO] [STDOUT]: [team.chisel.ctm.client.asm.CTMTransformer:preTransform:230]: Transforming Class [net.minecraft.client.renderer.texture.TextureMap], Method [registerSprite]
[16:05:49] [Client thread/INFO] [STDOUT]: [team.chisel.ctm.client.asm.CTMTransformer:finishTransform:242]: Transforming net.minecraft.client.renderer.texture.TextureMap Finished.
[16:05:49] [Client thread/INFO] [STDOUT]: [team.chisel.ctm.client.asm.CTMTransformer:preTransform:230]: Transforming Class [net.minecraft.client.renderer.texture.TextureAtlasSprite], Method [updateAnimationInterpolated]
[16:05:49] [Client thread/INFO] [STDOUT]: [team.chisel.ctm.client.asm.CTMTransformer:finishTransform:242]: Transforming net.minecraft.client.renderer.texture.TextureAtlasSprite Finished.
[16:05:49] [Thread-3/INFO] [net.minecraft.client.audio.SoundManager]: Initializing LWJGL OpenAL
[16:05:49] [Thread-3/INFO] [net.minecraft.client.audio.SoundManager]: (The LWJGL binding of OpenAL.  For more information, see http://www.lwjgl.org)
[16:05:49] [Client thread/INFO] [OpenComputers]: Successfully patched net/minecraft/client/renderer/entity/RenderLiving.renderLeash.
[16:05:49] [Thread-3/INFO] [net.minecraft.client.audio.SoundManager]: OpenAL initialized.
[16:05:49] [Client thread/INFO] [STDOUT]: [xaero.common.core.transformer.ClassNodeTransformer:transform:26]: Transforming class brs net.minecraft.client.model.ModelRenderer
[16:05:49] [Sound Library Loader/INFO] [net.minecraft.client.audio.SoundManager]: Sound engine started
[16:05:49] [Client thread/INFO] [STDOUT]: [com.creativemd.creativecore.transformer.CreativeTransformer:transform:49]: [littletiles] Patched net.minecraft.client.renderer.BlockModelRenderer ...
[16:05:50] [Client thread/INFO] [STDOUT]: [com.creativemd.creativecore.transformer.CreativeTransformer:transform:49]: [littletiles] Patched net.minecraft.client.renderer.vertex.VertexBuffer ...
[16:05:52] [Client thread/INFO] [STDOUT]: [xaero.common.core.transformer.ClassNodeTransformer:transform:26]: Transforming class biz net.minecraft.client.gui.GuiBossOverlay
[16:05:52] [Client thread/INFO] [BetterFps]: Patching net.minecraft.client.gui.GuiOptions... (ble)
[16:05:52] [Client thread/INFO] [BetterFps]: Patching math utils with "RIVENS_HALF" algorithm
[16:05:52] [Client thread/INFO] [STDOUT]: [com.creativemd.creativecore.transformer.CreativeTransformer:transform:49]: [littletiles] Patched net.minecraft.client.renderer.chunk.RenderChunk ...
[16:05:52] [Client thread/INFO] [STDOUT]: [com.creativemd.creativecore.transformer.CreativeTransformer:transform:49]: [littletiles] Patched net.minecraft.client.renderer.chunk.RenderChunk ...
[16:05:59] [Client thread/INFO] [net.minecraft.client.Minecraft]: Stopping!
[16:05:59] [Client thread/INFO] [net.minecraft.client.audio.SoundManager]: SoundSystem shutting down...
[16:05:59] [Client thread/WARN] [net.minecraft.client.audio.SoundManager]: Author: Paul Lamb, www.paulscode.com
